c:\usr\w32\extk-1.1\build-w32\libft\win32\release\libft.pdb
c:\usr\w32\extk-1.1\build-w32\libft\win32\release\ftgzip.obj
c:\usr\w32\extk-1.1\build-w32\libft\win32\release\type1cid.obj
c:\usr\w32\extk-1.1\build-w32\libft\win32\release\cff.obj
c:\usr\w32\extk-1.1\build-w32\libft\win32\release\bdf.obj
c:\usr\w32\extk-1.1\build-w32\libft\win32\release\ftwinfnt.obj
c:\usr\w32\extk-1.1\build-w32\libft\win32\release\fttype1.obj
c:\usr\w32\extk-1.1\build-w32\libft\win32\release\ftsystem.obj
c:\usr\w32\extk-1.1\build-w32\libft\win32\release\ftsynth.obj
c:\usr\w32\extk-1.1\build-w32\libft\win32\release\ftstroke.obj
c:\usr\w32\extk-1.1\build-w32\libft\win32\release\ftpfr.obj
c:\usr\w32\extk-1.1\build-w32\libft\win32\release\ftmm.obj
c:\usr\w32\extk-1.1\build-w32\libft\win32\release\ftinit.obj
c:\usr\w32\extk-1.1\build-w32\libft\win32\release\ftglyph.obj
c:\usr\w32\extk-1.1\build-w32\libft\win32\release\ftgasp.obj
c:\usr\w32\extk-1.1\build-w32\libft\win32\release\ftfstype.obj
c:\usr\w32\extk-1.1\build-w32\libft\win32\release\ftdebug.obj
c:\usr\w32\extk-1.1\build-w32\libft\win32\release\ftbitmap.obj
c:\usr\w32\extk-1.1\build-w32\libft\win32\release\ftbbox.obj
c:\usr\w32\extk-1.1\build-w32\libft\win32\release\ftbase.obj
c:\usr\w32\extk-1.1\build-w32\libft\win32\release\autofit.obj
c:\usr\w32\extk-1.1\build-w32\libft\win32\release\winfnt.obj
c:\usr\w32\extk-1.1\build-w32\libft\win32\release\type42.obj
c:\usr\w32\extk-1.1\build-w32\libft\win32\release\type1.obj
c:\usr\w32\extk-1.1\build-w32\libft\win32\release\truetype.obj
c:\usr\w32\extk-1.1\build-w32\libft\win32\release\smooth.obj
c:\usr\w32\extk-1.1\build-w32\libft\win32\release\sfnt.obj
c:\usr\w32\extk-1.1\build-w32\libft\win32\release\raster.obj
c:\usr\w32\extk-1.1\build-w32\libft\win32\release\psmodule.obj
c:\usr\w32\extk-1.1\build-w32\libft\win32\release\pshinter.obj
c:\usr\w32\extk-1.1\build-w32\libft\win32\release\psaux.obj
c:\usr\w32\extk-1.1\build-w32\libft\win32\release\pfr.obj
c:\usr\w32\extk-1.1\build-w32\libft\win32\release\pcf.obj
c:\usr\w32\extk-1.1\build-w32\libft\win32\release\ftlzw.obj
c:\usr\w32\extk-1.1\build-w32\libft\win32\release\libft.lib
c:\usr\w32\extk-1.1\build-w32\libft\win32\release\libft.tlog\cl.command.1.tlog
c:\usr\w32\extk-1.1\build-w32\libft\win32\release\libft.tlog\cl.read.1.tlog
c:\usr\w32\extk-1.1\build-w32\libft\win32\release\libft.tlog\cl.write.1.tlog
c:\usr\w32\extk-1.1\build-w32\libft\win32\release\libft.tlog\lib-link.read.1.tlog
c:\usr\w32\extk-1.1\build-w32\libft\win32\release\libft.tlog\lib-link.write.1.tlog
c:\usr\w32\extk-1.1\build-w32\libft\win32\release\libft.tlog\lib.command.1.tlog
