c:\usr\w32\extk-1.1\build-w32\libjpeg\win32\release\libjpeg.pdb
c:\usr\w32\extk-1.1\build-w32\libjpeg\win32\release\jdarith.obj
c:\usr\w32\extk-1.1\build-w32\libjpeg\win32\release\jdapistd.obj
c:\usr\w32\extk-1.1\build-w32\libjpeg\win32\release\jdapimin.obj
c:\usr\w32\extk-1.1\build-w32\libjpeg\win32\release\jctrans.obj
c:\usr\w32\extk-1.1\build-w32\libjpeg\win32\release\jcsample.obj
c:\usr\w32\extk-1.1\build-w32\libjpeg\win32\release\jcprepct.obj
c:\usr\w32\extk-1.1\build-w32\libjpeg\win32\release\jcparam.obj
c:\usr\w32\extk-1.1\build-w32\libjpeg\win32\release\jcomapi.obj
c:\usr\w32\extk-1.1\build-w32\libjpeg\win32\release\jcmaster.obj
c:\usr\w32\extk-1.1\build-w32\libjpeg\win32\release\jcmarker.obj
c:\usr\w32\extk-1.1\build-w32\libjpeg\win32\release\jcmainct.obj
c:\usr\w32\extk-1.1\build-w32\libjpeg\win32\release\jcinit.obj
c:\usr\w32\extk-1.1\build-w32\libjpeg\win32\release\jchuff.obj
c:\usr\w32\extk-1.1\build-w32\libjpeg\win32\release\jcdctmgr.obj
c:\usr\w32\extk-1.1\build-w32\libjpeg\win32\release\jccolor.obj
c:\usr\w32\extk-1.1\build-w32\libjpeg\win32\release\jccoefct.obj
c:\usr\w32\extk-1.1\build-w32\libjpeg\win32\release\jcarith.obj
c:\usr\w32\extk-1.1\build-w32\libjpeg\win32\release\jcapistd.obj
c:\usr\w32\extk-1.1\build-w32\libjpeg\win32\release\jcapimin.obj
c:\usr\w32\extk-1.1\build-w32\libjpeg\win32\release\jaricom.obj
c:\usr\w32\extk-1.1\build-w32\libjpeg\win32\release\jidctfst.obj
c:\usr\w32\extk-1.1\build-w32\libjpeg\win32\release\jidctflt.obj
c:\usr\w32\extk-1.1\build-w32\libjpeg\win32\release\jfdctint.obj
c:\usr\w32\extk-1.1\build-w32\libjpeg\win32\release\jfdctfst.obj
c:\usr\w32\extk-1.1\build-w32\libjpeg\win32\release\jfdctflt.obj
c:\usr\w32\extk-1.1\build-w32\libjpeg\win32\release\jerror.obj
c:\usr\w32\extk-1.1\build-w32\libjpeg\win32\release\jdtrans.obj
c:\usr\w32\extk-1.1\build-w32\libjpeg\win32\release\jdsample.obj
c:\usr\w32\extk-1.1\build-w32\libjpeg\win32\release\jdpostct.obj
c:\usr\w32\extk-1.1\build-w32\libjpeg\win32\release\jdmerge.obj
c:\usr\w32\extk-1.1\build-w32\libjpeg\win32\release\jdmaster.obj
c:\usr\w32\extk-1.1\build-w32\libjpeg\win32\release\jdmarker.obj
c:\usr\w32\extk-1.1\build-w32\libjpeg\win32\release\jdmainct.obj
c:\usr\w32\extk-1.1\build-w32\libjpeg\win32\release\jdinput.obj
c:\usr\w32\extk-1.1\build-w32\libjpeg\win32\release\jdhuff.obj
c:\usr\w32\extk-1.1\build-w32\libjpeg\win32\release\jddctmgr.obj
c:\usr\w32\extk-1.1\build-w32\libjpeg\win32\release\jdcolor.obj
c:\usr\w32\extk-1.1\build-w32\libjpeg\win32\release\jdcoefct.obj
c:\usr\w32\extk-1.1\build-w32\libjpeg\win32\release\jdatasrc.obj
c:\usr\w32\extk-1.1\build-w32\libjpeg\win32\release\jdatadst.obj
c:\usr\w32\extk-1.1\build-w32\libjpeg\win32\release\wrtarga.obj
c:\usr\w32\extk-1.1\build-w32\libjpeg\win32\release\wrrle.obj
c:\usr\w32\extk-1.1\build-w32\libjpeg\win32\release\wrppm.obj
c:\usr\w32\extk-1.1\build-w32\libjpeg\win32\release\wrgif.obj
c:\usr\w32\extk-1.1\build-w32\libjpeg\win32\release\wrbmp.obj
c:\usr\w32\extk-1.1\build-w32\libjpeg\win32\release\transupp.obj
c:\usr\w32\extk-1.1\build-w32\libjpeg\win32\release\rdtarga.obj
c:\usr\w32\extk-1.1\build-w32\libjpeg\win32\release\rdswitch.obj
c:\usr\w32\extk-1.1\build-w32\libjpeg\win32\release\rdrle.obj
c:\usr\w32\extk-1.1\build-w32\libjpeg\win32\release\rdppm.obj
c:\usr\w32\extk-1.1\build-w32\libjpeg\win32\release\rdgif.obj
c:\usr\w32\extk-1.1\build-w32\libjpeg\win32\release\rdcolmap.obj
c:\usr\w32\extk-1.1\build-w32\libjpeg\win32\release\rdbmp.obj
c:\usr\w32\extk-1.1\build-w32\libjpeg\win32\release\jutils.obj
c:\usr\w32\extk-1.1\build-w32\libjpeg\win32\release\jquant2.obj
c:\usr\w32\extk-1.1\build-w32\libjpeg\win32\release\jquant1.obj
c:\usr\w32\extk-1.1\build-w32\libjpeg\win32\release\jpegtran.obj
c:\usr\w32\extk-1.1\build-w32\libjpeg\win32\release\jmemmgr.obj
c:\usr\w32\extk-1.1\build-w32\libjpeg\win32\release\jmemansi.obj
c:\usr\w32\extk-1.1\build-w32\libjpeg\win32\release\jidctint.obj
c:\usr\w32\extk-1.1\build-w32\libjpeg\win32\release\libjpeg.lib
c:\usr\w32\extk-1.1\build-w32\libjpeg\win32\release\libjpeg.tlog\cl.command.1.tlog
c:\usr\w32\extk-1.1\build-w32\libjpeg\win32\release\libjpeg.tlog\cl.read.1.tlog
c:\usr\w32\extk-1.1\build-w32\libjpeg\win32\release\libjpeg.tlog\cl.write.1.tlog
c:\usr\w32\extk-1.1\build-w32\libjpeg\win32\release\libjpeg.tlog\lib-link.read.1.tlog
c:\usr\w32\extk-1.1\build-w32\libjpeg\win32\release\libjpeg.tlog\lib-link.write.1.tlog
c:\usr\w32\extk-1.1\build-w32\libjpeg\win32\release\libjpeg.tlog\lib.command.1.tlog
