This file contains any messages produced by compilers while
running configure, to aid debugging if configure makes a mistake.

It was created by pixman configure 0.40.0, which was
generated by GNU Autoconf 2.69.  Invocation command line was

  $ ./configure --disable-shared --enable-static --disable-arm-simd --disable-arm-neon --disable-arm-iwmmxt --disable-arm-iwmmxt2--disable-mips-dspr2

## --------- ##
## Platform. ##
## --------- ##

hostname = DESKTOP-CHPARK
uname -m = x86_64
uname -r = 3.2.0-340.x86_64
uname -s = MINGW64_NT-10.0-19042
uname -v = 2021-04-02 09:40 UTC

/usr/bin/uname -p = unknown
/bin/uname -X     = unknown

/bin/arch              = x86_64
/usr/bin/arch -k       = unknown
/usr/convex/getsysinfo = unknown
/usr/bin/hostinfo      = unknown
/bin/machine           = unknown
/usr/bin/oslevel       = unknown
/bin/universe          = unknown

PATH: /c/Program Files (x86)/Microsoft Visual Studio/2019/Community/VC/Tools/MSVC/14.28.29910/bin/Hostx64/x64/
PATH: /mingw64/bin
PATH: /usr/local/bin
PATH: /usr/bin
PATH: /bin
PATH: /c/Windows/System32
PATH: /c/Windows
PATH: /c/Windows/System32/Wbem
PATH: /c/Windows/System32/WindowsPowerShell/v1.0/
PATH: /usr/bin/site_perl
PATH: /usr/bin/vendor_perl
PATH: /usr/bin/core_perl


## ----------- ##
## Core tests. ##
## ----------- ##

configure:2460: loading site script /etc/config.site
| # This file is in public domain.
| # Original author: Karlson2k (Evgeny Grin)
| # Written for MSys2 to help running 'configure' scripts
| 
| # Defaults for MSys2/MinGW64-targeted programs
| 
| # Set proper selfname on bash and fallback to default name on other shells
| test -n "${BASH_SOURCE}" 2>/dev/null && config_site_me="${BASH_SOURCE[0]##*/}" || config_site_me=config.site
| 
| # Set default 'host' to speedup configure
| if test -z "$build_alias"; then
|   build_alias="${MSYSTEM_CHOST}"  && \
|     ${as_echo-echo} "$config_site_me:${as_lineno-$LINENO}: default build_alias set to $build_alias" >&5
| fi
| 
| # Set default 'prefix'
| if ( test -z "$prefix" || test "x$prefix" = "xNONE" ) && \
|     ( test -z "$exec_prefix" || test "x$exec_prefix" = "xNONE" ); then
|   prefix="${MSYSTEM_PREFIX}" && \
|     ${as_echo-echo} "$config_site_me:${as_lineno-$LINENO}: default prefix set to $prefix" >&5
| ficonfig.site:13: default build_alias set to x86_64-w64-mingw32
config.site:20: default prefix set to /mingw64
configure:2601: checking for a BSD-compatible install
configure:2669: result: /usr/bin/install -c
configure:2680: checking whether build environment is sane
configure:2735: result: yes
configure:2886: checking for a thread-safe mkdir -p
configure:2925: result: /usr/bin/mkdir -p
configure:2932: checking for gawk
configure:2948: found /usr/bin/gawk
configure:2959: result: gawk
configure:2970: checking whether make sets $(MAKE)
configure:2992: result: yes
configure:3021: checking whether make supports nested variables
configure:3038: result: yes
configure:3177: checking whether make supports nested variables
configure:3194: result: yes
configure:3213: checking build system type
configure:3227: result: x86_64-w64-mingw32
configure:3247: checking host system type
configure:3260: result: x86_64-w64-mingw32
configure:3331: checking for gcc
configure:3347: found /mingw64/bin/gcc
configure:3358: result: gcc
configure:3587: checking for C compiler version
configure:3596: gcc --version >&5
gcc.exe (Rev11, Built by MSYS2 project) 10.2.0
Copyright (C) 2020 Free Software Foundation, Inc.
This is free software; see the source for copying conditions.  There is NO
warranty; not even for MERCHANTABILITY or FITNESS FOR A PARTICULAR PURPOSE.

configure:3607: $? = 0
configure:3596: gcc -v >&5
Using built-in specs.
COLLECT_GCC=C:\home\bin\msys64\mingw64\bin\gcc.exe
COLLECT_LTO_WRAPPER=C:/home/bin/msys64/mingw64/bin/../lib/gcc/x86_64-w64-mingw32/10.2.0/lto-wrapper.exe
Target: x86_64-w64-mingw32
Configured with: ../gcc-10.2.0/configure --prefix=/mingw64 --with-local-prefix=/mingw64/local --build=x86_64-w64-mingw32 --host=x86_64-w64-mingw32 --target=x86_64-w64-mingw32 --with-native-system-header-dir=/mingw64/x86_64-w64-mingw32/include --libexecdir=/mingw64/lib --enable-bootstrap --with-arch=x86-64 --with-tune=generic --enable-languages=c,lto,c++,fortran,ada,objc,obj-c++,jit --enable-shared --enable-static --enable-libatomic --enable-threads=posix --enable-graphite --enable-fully-dynamic-string --enable-libstdcxx-filesystem-ts=yes --enable-libstdcxx-time=yes --disable-libstdcxx-pch --disable-libstdcxx-debug --disable-isl-version-check --enable-lto --enable-libgomp --disable-multilib --enable-checking=release --disable-rpath --disable-win32-registry --disable-nls --disable-werror --disable-symvers --disable-plugin --with-libiconv --with-system-zlib --with-gmp=/mingw64 --with-mpfr=/mingw64 --with-mpc=/mingw64 --with-isl=/mingw64 --with-pkgversion='Rev11, Built by MSYS2 project' --with-bugurl=https://github.com/msys2/MINGW-packages/issues --with-gnu-as --with-gnu-ld --with-boot-ldflags='-pipe -Wl,--dynamicbase,--high-entropy-va,--nxcompat,--default-image-base-high -Wl,--disable-dynamicbase -static-libstdc++ -static-libgcc' 'LDFLAGS_FOR_TARGET=-pipe -Wl,--dynamicbase,--high-entropy-va,--nxcompat,--default-image-base-high' --enable-linker-plugin-flags='LDFLAGS=-static-libstdc++\ -static-libgcc\ -pipe\ -Wl,--dynamicbase,--high-entropy-va,--nxcompat,--default-image-base-high\ -Wl,--stack,12582912'
Thread model: posix
Supported LTO compression algorithms: zlib zstd
gcc version 10.2.0 (Rev11, Built by MSYS2 project) 
configure:3607: $? = 0
configure:3596: gcc -V >&5
gcc.exe: error: unrecognized command-line option '-V'
gcc.exe: fatal error: no input files
compilation terminated.
configure:3607: $? = 1
configure:3596: gcc -qversion >&5
gcc.exe: error: unrecognized command-line option '-qversion'; did you mean '--version'?
gcc.exe: fatal error: no input files
compilation terminated.
configure:3607: $? = 1
configure:3627: checking whether the C compiler works
configure:3649: gcc    conftest.c  >&5
configure:3653: $? = 0
configure:3701: result: yes
configure:3704: checking for C compiler default output file name
configure:3706: result: a.exe
configure:3712: checking for suffix of executables
configure:3719: gcc -o conftest.exe    conftest.c  >&5
configure:3723: $? = 0
configure:3745: result: .exe
configure:3767: checking whether we are cross compiling
configure:3775: gcc -o conftest.exe    conftest.c  >&5
configure:3779: $? = 0
configure:3786: ./conftest.exe
configure:3790: $? = 0
configure:3805: result: no
configure:3810: checking for suffix of object files
configure:3832: gcc -c   conftest.c >&5
configure:3836: $? = 0
configure:3857: result: o
configure:3861: checking whether we are using the GNU C compiler
configure:3880: gcc -c   conftest.c >&5
configure:3880: $? = 0
configure:3889: result: yes
configure:3898: checking whether gcc accepts -g
configure:3918: gcc -c -g  conftest.c >&5
configure:3918: $? = 0
configure:3959: result: yes
configure:3976: checking for gcc option to accept ISO C89
configure:4039: gcc  -c -g -O2  conftest.c >&5
configure:4039: $? = 0
configure:4052: result: none needed
configure:4077: checking whether gcc understands -c and -o together
configure:4099: gcc -c conftest.c -o conftest2.o
configure:4102: $? = 0
configure:4099: gcc -c conftest.c -o conftest2.o
configure:4102: $? = 0
configure:4114: result: yes
configure:4134: checking whether make supports the include directive
configure:4149: make -f confmf.GNU && cat confinc.out
this is the am__doit target
configure:4152: $? = 0
configure:4171: result: yes (GNU style)
configure:4196: checking dependency style of gcc
configure:4307: result: gcc3
configure:4331: checking dependency style of gcc
configure:4440: result: gcc3
configure:4501: checking how to print strings
configure:4528: result: printf
configure:4549: checking for a sed that does not truncate output
configure:4613: result: /usr/bin/sed
configure:4631: checking for grep that handles long lines and -e
configure:4689: result: /usr/bin/grep
configure:4694: checking for egrep
configure:4756: result: /usr/bin/grep -E
configure:4761: checking for fgrep
configure:4823: result: /usr/bin/grep -F
configure:4858: checking for ld used by gcc
configure:4925: result: C:/home/bin/msys64/mingw64/x86_64-w64-mingw32/bin/ld.exe
configure:4932: checking if the linker (C:/home/bin/msys64/mingw64/x86_64-w64-mingw32/bin/ld.exe) is GNU ld
configure:4947: result: yes
configure:4959: checking for BSD- or MS-compatible name lister (nm)
configure:5013: result: /mingw64/bin/nm -B
configure:5143: checking the name lister (/mingw64/bin/nm -B) interface
configure:5150: gcc -c -g -O2  conftest.c >&5
configure:5153: /mingw64/bin/nm -B "conftest.o"
configure:5156: output
0000000000000000 b .bss
0000000000000000 d .data
0000000000000000 N .debug_abbrev
0000000000000000 N .debug_aranges
0000000000000000 N .debug_info
0000000000000000 N .debug_line
0000000000000000 r .rdata$zzz
0000000000000000 t .text
0000000000000000 B some_variable
configure:5163: result: BSD nm
configure:5166: checking whether ln -s works
configure:5173: result: no, using cp -pR
configure:5178: checking the maximum length of command line arguments
configure:5314: result: 8192
configure:5362: checking how to convert x86_64-w64-mingw32 file names to x86_64-w64-mingw32 format
configure:5402: result: func_convert_file_msys_to_w32
configure:5409: checking how to convert x86_64-w64-mingw32 file names to toolchain format
configure:5429: result: func_convert_file_msys_to_w32
configure:5436: checking for C:/home/bin/msys64/mingw64/x86_64-w64-mingw32/bin/ld.exe option to reload object files
configure:5443: result: -r
configure:5517: checking for objdump
configure:5533: found /mingw64/bin/objdump
configure:5544: result: objdump
configure:5576: checking how to recognize dependent libraries
configure:5776: result: file_magic ^x86 archive import|^x86 DLL
configure:5861: checking for dlltool
configure:5877: found /mingw64/bin/dlltool
configure:5888: result: dlltool
configure:5921: checking how to associate runtime and link libraries
configure:5948: result: func_cygming_dll_for_implib
configure:6009: checking for ar
configure:6025: found /mingw64/bin/ar
configure:6036: result: ar
configure:6073: checking for archiver @FILE support
configure:6090: gcc -c -g -O2  conftest.c >&5
configure:6090: $? = 0
configure:6093: ar cru libconftest.a @conftest.lst >&5
configure:6096: $? = 0
configure:6101: ar cru libconftest.a @conftest.lst >&5
C:\home\bin\msys64\mingw64\bin\ar.exe: conftest.o: No such file or directory
configure:6104: $? = 1
configure:6116: result: @
configure:6174: checking for strip
configure:6190: found /mingw64/bin/strip
configure:6201: result: strip
configure:6273: checking for ranlib
configure:6289: found /mingw64/bin/ranlib
configure:6300: result: ranlib
configure:6402: checking command to parse /mingw64/bin/nm -B output from gcc object
configure:6555: gcc -c -g -O2  conftest.c >&5
configure:6558: $? = 0
configure:6562: /mingw64/bin/nm -B conftest.o \| sed -n -e 's/^.*[ ]\([ABCDGIRSTW][ABCDGIRSTW]*\)[ ][ ]*\([_A-Za-z][_A-Za-z0-9]*\)\{0,1\}$/\1 \2 \2/p' | sed '/ __gnu_lto/d' \> conftest.nm
configure:6565: $? = 0
configure:6631: gcc -o conftest.exe -g -O2   conftest.c conftstm.o >&5
configure:6634: $? = 0
configure:6672: result: ok
configure:6719: checking for sysroot
configure:6749: result: no
configure:6756: checking for a working dd
configure:6794: result: /usr/bin/dd
configure:6798: checking how to truncate binary pipes
configure:6813: result: /usr/bin/dd bs=4096 count=1
configure:7142: checking for mt
configure:7172: result: no
configure:7192: checking if : is a manifest tool
configure:7198: : '-?'
configure:7206: result: no
configure:7883: checking how to run the C preprocessor
configure:7914: gcc -E  conftest.c
configure:7914: $? = 0
configure:7928: gcc -E  conftest.c
conftest.c:11:10: fatal error: ac_nonexistent.h: No such file or directory
   11 | #include <ac_nonexistent.h>
      |          ^~~~~~~~~~~~~~~~~~
compilation terminated.
configure:7928: $? = 1
configure: failed program was:
| /* confdefs.h */
| #define PACKAGE_NAME "pixman"
| #define PACKAGE_TARNAME "pixman"
| #define PACKAGE_VERSION "0.40.0"
| #define PACKAGE_STRING "pixman 0.40.0"
| #define PACKAGE_BUGREPORT "pixman@lists.freedesktop.org"
| #define PACKAGE_URL ""
| #define PACKAGE "pixman"
| #define VERSION "0.40.0"
| /* end confdefs.h.  */
| #include <ac_nonexistent.h>
configure:7953: result: gcc -E
configure:7973: gcc -E  conftest.c
configure:7973: $? = 0
configure:7987: gcc -E  conftest.c
conftest.c:11:10: fatal error: ac_nonexistent.h: No such file or directory
   11 | #include <ac_nonexistent.h>
      |          ^~~~~~~~~~~~~~~~~~
compilation terminated.
configure:7987: $? = 1
configure: failed program was:
| /* confdefs.h */
| #define PACKAGE_NAME "pixman"
| #define PACKAGE_TARNAME "pixman"
| #define PACKAGE_VERSION "0.40.0"
| #define PACKAGE_STRING "pixman 0.40.0"
| #define PACKAGE_BUGREPORT "pixman@lists.freedesktop.org"
| #define PACKAGE_URL ""
| #define PACKAGE "pixman"
| #define VERSION "0.40.0"
| /* end confdefs.h.  */
| #include <ac_nonexistent.h>
configure:8016: checking for ANSI C header files
configure:8036: gcc -c -g -O2  conftest.c >&5
configure:8036: $? = 0
configure:8109: gcc -o conftest.exe -g -O2   conftest.c  >&5
configure:8109: $? = 0
configure:8109: ./conftest.exe
configure:8109: $? = 0
configure:8120: result: yes
configure:8133: checking for sys/types.h
configure:8133: gcc -c -g -O2  conftest.c >&5
configure:8133: $? = 0
configure:8133: result: yes
configure:8133: checking for sys/stat.h
configure:8133: gcc -c -g -O2  conftest.c >&5
configure:8133: $? = 0
configure:8133: result: yes
configure:8133: checking for stdlib.h
configure:8133: gcc -c -g -O2  conftest.c >&5
configure:8133: $? = 0
configure:8133: result: yes
configure:8133: checking for string.h
configure:8133: gcc -c -g -O2  conftest.c >&5
configure:8133: $? = 0
configure:8133: result: yes
configure:8133: checking for memory.h
configure:8133: gcc -c -g -O2  conftest.c >&5
configure:8133: $? = 0
configure:8133: result: yes
configure:8133: checking for strings.h
configure:8133: gcc -c -g -O2  conftest.c >&5
configure:8133: $? = 0
configure:8133: result: yes
configure:8133: checking for inttypes.h
configure:8133: gcc -c -g -O2  conftest.c >&5
configure:8133: $? = 0
configure:8133: result: yes
configure:8133: checking for stdint.h
configure:8133: gcc -c -g -O2  conftest.c >&5
configure:8133: $? = 0
configure:8133: result: yes
configure:8133: checking for unistd.h
configure:8133: gcc -c -g -O2  conftest.c >&5
configure:8133: $? = 0
configure:8133: result: yes
configure:8147: checking for dlfcn.h
configure:8147: gcc -c -g -O2  conftest.c >&5
conftest.c:55:10: fatal error: dlfcn.h: No such file or directory
   55 | #include <dlfcn.h>
      |          ^~~~~~~~~
compilation terminated.
configure:8147: $? = 1
configure: failed program was:
| /* confdefs.h */
| #define PACKAGE_NAME "pixman"
| #define PACKAGE_TARNAME "pixman"
| #define PACKAGE_VERSION "0.40.0"
| #define PACKAGE_STRING "pixman 0.40.0"
| #define PACKAGE_BUGREPORT "pixman@lists.freedesktop.org"
| #define PACKAGE_URL ""
| #define PACKAGE "pixman"
| #define VERSION "0.40.0"
| #define STDC_HEADERS 1
| #define HAVE_SYS_TYPES_H 1
| #define HAVE_SYS_STAT_H 1
| #define HAVE_STDLIB_H 1
| #define HAVE_STRING_H 1
| #define HAVE_MEMORY_H 1
| #define HAVE_STRINGS_H 1
| #define HAVE_INTTYPES_H 1
| #define HAVE_STDINT_H 1
| #define HAVE_UNISTD_H 1
| /* end confdefs.h.  */
| #include <stdio.h>
| #ifdef HAVE_SYS_TYPES_H
| # include <sys/types.h>
| #endif
| #ifdef HAVE_SYS_STAT_H
| # include <sys/stat.h>
| #endif
| #ifdef STDC_HEADERS
| # include <stdlib.h>
| # include <stddef.h>
| #else
| # ifdef HAVE_STDLIB_H
| #  include <stdlib.h>
| # endif
| #endif
| #ifdef HAVE_STRING_H
| # if !defined STDC_HEADERS && defined HAVE_MEMORY_H
| #  include <memory.h>
| # endif
| # include <string.h>
| #endif
| #ifdef HAVE_STRINGS_H
| # include <strings.h>
| #endif
| #ifdef HAVE_INTTYPES_H
| # include <inttypes.h>
| #endif
| #ifdef HAVE_STDINT_H
| # include <stdint.h>
| #endif
| #ifdef HAVE_UNISTD_H
| # include <unistd.h>
| #endif
| 
| #include <dlfcn.h>
configure:8147: result: no
configure:8403: checking for objdir
configure:8418: result: .libs
configure:8678: checking if gcc supports -fno-rtti -fno-exceptions
configure:8696: gcc -c -g -O2  -fno-rtti -fno-exceptions conftest.c >&5
cc1.exe: warning: command-line option '-fno-rtti' is valid for C++/D/ObjC++ but not for C
configure:8700: $? = 0
configure:8713: result: no
configure:9071: checking for gcc option to produce PIC
configure:9078: result: -DDLL_EXPORT -DPIC
configure:9086: checking if gcc PIC flag -DDLL_EXPORT -DPIC works
configure:9104: gcc -c -g -O2  -DDLL_EXPORT -DPIC -DPIC conftest.c >&5
configure:9108: $? = 0
configure:9121: result: yes
configure:9150: checking if gcc static flag -static works
configure:9178: result: yes
configure:9193: checking if gcc supports -c -o file.o
configure:9214: gcc -c -g -O2  -o out/conftest2.o conftest.c >&5
configure:9218: $? = 0
configure:9240: result: yes
configure:9248: checking if gcc supports -c -o file.o
configure:9295: result: yes
configure:9328: checking whether the gcc linker (C:/home/bin/msys64/mingw64/x86_64-w64-mingw32/bin/ld.exe) supports shared libraries
configure:10587: result: yes
configure:10827: checking dynamic linker characteristics
configure:11658: result: Win32 ld.exe
configure:11780: checking how to hardcode library paths into programs
configure:11805: result: immediate
configure:12353: checking whether stripping libraries is possible
configure:12358: result: yes
configure:12393: checking if libtool supports shared libraries
configure:12395: result: yes
configure:12398: checking whether to build shared libraries
configure:12423: result: no
configure:12426: checking whether to build static libraries
configure:12430: result: yes
configure:12469: checking for getisax
configure:12469: gcc -o conftest.exe -g -O2   conftest.c  >&5
C:/home/bin/msys64/mingw64/bin/../lib/gcc/x86_64-w64-mingw32/10.2.0/../../../../x86_64-w64-mingw32/bin/ld.exe: C:\home\bin\msys64\tmp\cc6AR4rH.o: in function `main':
C:\home\bin\msys64\home\oss\pixman-0.40.0/conftest.c:56: undefined reference to `getisax'
collect2.exe: error: ld returned 1 exit status
configure:12469: $? = 1
configure: failed program was:
| /* confdefs.h */
| #define PACKAGE_NAME "pixman"
| #define PACKAGE_TARNAME "pixman"
| #define PACKAGE_VERSION "0.40.0"
| #define PACKAGE_STRING "pixman 0.40.0"
| #define PACKAGE_BUGREPORT "pixman@lists.freedesktop.org"
| #define PACKAGE_URL ""
| #define PACKAGE "pixman"
| #define VERSION "0.40.0"
| #define STDC_HEADERS 1
| #define HAVE_SYS_TYPES_H 1
| #define HAVE_SYS_STAT_H 1
| #define HAVE_STDLIB_H 1
| #define HAVE_STRING_H 1
| #define HAVE_MEMORY_H 1
| #define HAVE_STRINGS_H 1
| #define HAVE_INTTYPES_H 1
| #define HAVE_STDINT_H 1
| #define HAVE_UNISTD_H 1
| #define LT_OBJDIR ".libs/"
| /* end confdefs.h.  */
| /* Define getisax to an innocuous variant, in case <limits.h> declares getisax.
|    For example, HP-UX 11i <limits.h> declares gettimeofday.  */
| #define getisax innocuous_getisax
| 
| /* System header to define __stub macros and hopefully few prototypes,
|     which can conflict with char getisax (); below.
|     Prefer <limits.h> to <assert.h> if __STDC__ is defined, since
|     <limits.h> exists even on freestanding compilers.  */
| 
| #ifdef __STDC__
| # include <limits.h>
| #else
| # include <assert.h>
| #endif
| 
| #undef getisax
| 
| /* Override any GCC internal prototype to avoid an error.
|    Use char because int might match the return type of a GCC
|    builtin and then its argument prototype would still apply.  */
| #ifdef __cplusplus
| extern "C"
| #endif
| char getisax ();
| /* The GNU C library defines this for functions which it implements
|     to always fail with ENOSYS.  Some functions are actually named
|     something starting with __ and the normal name is an alias.  */
| #if defined __stub_getisax || defined __stub___getisax
| choke me
| #endif
| 
| int
| main ()
| {
| return getisax ();
|   ;
|   return 0;
| }
configure:12469: result: no
configure:12478: checking whether byte ordering is bigendian
configure:12493: gcc -c -g -O2  conftest.c >&5
conftest.c:23:9: error: unknown type name 'not'
   23 |         not a universal capable compiler
      |         ^~~
conftest.c:23:15: error: expected '=', ',', ';', 'asm' or '__attribute__' before 'universal'
   23 |         not a universal capable compiler
      |               ^~~~~~~~~
conftest.c:23:15: error: unknown type name 'universal'
configure:12493: $? = 1
configure: failed program was:
| /* confdefs.h */
| #define PACKAGE_NAME "pixman"
| #define PACKAGE_TARNAME "pixman"
| #define PACKAGE_VERSION "0.40.0"
| #define PACKAGE_STRING "pixman 0.40.0"
| #define PACKAGE_BUGREPORT "pixman@lists.freedesktop.org"
| #define PACKAGE_URL ""
| #define PACKAGE "pixman"
| #define VERSION "0.40.0"
| #define STDC_HEADERS 1
| #define HAVE_SYS_TYPES_H 1
| #define HAVE_SYS_STAT_H 1
| #define HAVE_STDLIB_H 1
| #define HAVE_STRING_H 1
| #define HAVE_MEMORY_H 1
| #define HAVE_STRINGS_H 1
| #define HAVE_INTTYPES_H 1
| #define HAVE_STDINT_H 1
| #define HAVE_UNISTD_H 1
| #define LT_OBJDIR ".libs/"
| /* end confdefs.h.  */
| #ifndef __APPLE_CC__
| 	       not a universal capable compiler
| 	     #endif
| 	     typedef int dummy;
| 
configure:12538: gcc -c -g -O2  conftest.c >&5
configure:12538: $? = 0
configure:12556: gcc -c -g -O2  conftest.c >&5
conftest.c: In function 'main':
conftest.c:29:4: error: unknown type name 'not'; did you mean 'ino_t'?
   29 |    not big endian
      |    ^~~
      |    ino_t
conftest.c:29:12: error: expected '=', ',', ';', 'asm' or '__attribute__' before 'endian'
   29 |    not big endian
      |            ^~~~~~
configure:12556: $? = 1
configure: failed program was:
| /* confdefs.h */
| #define PACKAGE_NAME "pixman"
| #define PACKAGE_TARNAME "pixman"
| #define PACKAGE_VERSION "0.40.0"
| #define PACKAGE_STRING "pixman 0.40.0"
| #define PACKAGE_BUGREPORT "pixman@lists.freedesktop.org"
| #define PACKAGE_URL ""
| #define PACKAGE "pixman"
| #define VERSION "0.40.0"
| #define STDC_HEADERS 1
| #define HAVE_SYS_TYPES_H 1
| #define HAVE_SYS_STAT_H 1
| #define HAVE_STDLIB_H 1
| #define HAVE_STRING_H 1
| #define HAVE_MEMORY_H 1
| #define HAVE_STRINGS_H 1
| #define HAVE_INTTYPES_H 1
| #define HAVE_STDINT_H 1
| #define HAVE_UNISTD_H 1
| #define LT_OBJDIR ".libs/"
| /* end confdefs.h.  */
| #include <sys/types.h>
| 		#include <sys/param.h>
| 
| int
| main ()
| {
| #if BYTE_ORDER != BIG_ENDIAN
| 		 not big endian
| 		#endif
| 
|   ;
|   return 0;
| }
configure:12684: result: no
configure:12702: checking for inline
configure:12718: gcc -c -g -O2  conftest.c >&5
configure:12718: $? = 0
configure:12726: result: inline
configure:12750: checking whether the compiler supports -Werror
configure:12766: gcc -o conftest.exe -g -O2 -Werror    conftest.c   >&5
configure:12766: $? = 0
configure:12789: result: yes
configure:12800: checking size of long
configure:12805: gcc -o conftest.exe -g -O2   conftest.c  >&5
configure:12805: $? = 0
configure:12805: ./conftest.exe
configure:12805: $? = 0
configure:12819: result: 4
configure:12831: checking whether __SUNPRO_C is declared
configure:12831: gcc -c -g -O2  conftest.c >&5
conftest.c: In function 'main':
conftest.c:63:10: error: '__SUNPRO_C' undeclared (first use in this function)
   63 |   (void) __SUNPRO_C;
      |          ^~~~~~~~~~
conftest.c:63:10: note: each undeclared identifier is reported only once for each function it appears in
configure:12831: $? = 1
configure: failed program was:
| /* confdefs.h */
| #define PACKAGE_NAME "pixman"
| #define PACKAGE_TARNAME "pixman"
| #define PACKAGE_VERSION "0.40.0"
| #define PACKAGE_STRING "pixman 0.40.0"
| #define PACKAGE_BUGREPORT "pixman@lists.freedesktop.org"
| #define PACKAGE_URL ""
| #define PACKAGE "pixman"
| #define VERSION "0.40.0"
| #define STDC_HEADERS 1
| #define HAVE_SYS_TYPES_H 1
| #define HAVE_SYS_STAT_H 1
| #define HAVE_STDLIB_H 1
| #define HAVE_STRING_H 1
| #define HAVE_MEMORY_H 1
| #define HAVE_STRINGS_H 1
| #define HAVE_INTTYPES_H 1
| #define HAVE_STDINT_H 1
| #define HAVE_UNISTD_H 1
| #define LT_OBJDIR ".libs/"
| #define SIZEOF_LONG 4
| /* end confdefs.h.  */
| #include <stdio.h>
| #ifdef HAVE_SYS_TYPES_H
| # include <sys/types.h>
| #endif
| #ifdef HAVE_SYS_STAT_H
| # include <sys/stat.h>
| #endif
| #ifdef STDC_HEADERS
| # include <stdlib.h>
| # include <stddef.h>
| #else
| # ifdef HAVE_STDLIB_H
| #  include <stdlib.h>
| # endif
| #endif
| #ifdef HAVE_STRING_H
| # if !defined STDC_HEADERS && defined HAVE_MEMORY_H
| #  include <memory.h>
| # endif
| # include <string.h>
| #endif
| #ifdef HAVE_STRINGS_H
| # include <strings.h>
| #endif
| #ifdef HAVE_INTTYPES_H
| # include <inttypes.h>
| #endif
| #ifdef HAVE_STDINT_H
| # include <stdint.h>
| #endif
| #ifdef HAVE_UNISTD_H
| # include <unistd.h>
| #endif
| int
| main ()
| {
| #ifndef __SUNPRO_C
| #ifdef __cplusplus
|   (void) __SUNPRO_C;
| #else
|   (void) __SUNPRO_C;
| #endif
| #endif
| 
|   ;
|   return 0;
| }
configure:12831: result: no
configure:12838: checking whether __amd64 is declared
configure:12838: gcc -c -g -O2  conftest.c >&5
configure:12838: $? = 0
configure:12838: result: yes
configure:12879: checking whether the compiler supports -Wall
configure:12897: gcc -o conftest.exe -g -O2 -Werror -Wall    conftest.c   >&5
configure:12897: $? = 0
configure:12923: result: yes
configure:12926: checking whether the compiler supports -Wdeclaration-after-statement
configure:12944: gcc -o conftest.exe -g -O2 -Wall -Werror -Wdeclaration-after-statement    conftest.c   >&5
configure:12944: $? = 0
configure:12970: result: yes
configure:12973: checking whether the compiler supports -Wno-unused-local-typedefs
configure:12991: gcc -o conftest.exe -g -O2 -Wall -Wdeclaration-after-statement -Werror -Wno-unused-local-typedefs    conftest.c   >&5
configure:12991: $? = 0
configure:13017: result: yes
configure:13020: checking whether the compiler supports -fno-strict-aliasing
configure:13038: gcc -o conftest.exe -g -O2 -Wall -Wdeclaration-after-statement -Wno-unused-local-typedefs -Werror -fno-strict-aliasing    conftest.c   >&5
configure:13038: $? = 0
configure:13064: result: yes
configure:13079: checking for gcc option to support OpenMP
configure:13094: gcc -o conftest.exe -g -O2 -Wall -Wdeclaration-after-statement -Wno-unused-local-typedefs -fno-strict-aliasing   conftest.c  >&5
conftest.c:25:2: error: unknown type name 'choke'
   25 |  choke me
      |  ^~~~~
conftest.c:25:10: error: expected ';' before 'typedef'
   25 |  choke me
      |          ^
      |          ;
configure:13094: $? = 1
configure: failed program was:
| /* confdefs.h */
| #define PACKAGE_NAME "pixman"
| #define PACKAGE_TARNAME "pixman"
| #define PACKAGE_VERSION "0.40.0"
| #define PACKAGE_STRING "pixman 0.40.0"
| #define PACKAGE_BUGREPORT "pixman@lists.freedesktop.org"
| #define PACKAGE_URL ""
| #define PACKAGE "pixman"
| #define VERSION "0.40.0"
| #define STDC_HEADERS 1
| #define HAVE_SYS_TYPES_H 1
| #define HAVE_SYS_STAT_H 1
| #define HAVE_STDLIB_H 1
| #define HAVE_STRING_H 1
| #define HAVE_MEMORY_H 1
| #define HAVE_STRINGS_H 1
| #define HAVE_INTTYPES_H 1
| #define HAVE_STDINT_H 1
| #define HAVE_UNISTD_H 1
| #define LT_OBJDIR ".libs/"
| #define SIZEOF_LONG 4
| /* end confdefs.h.  */
| 
| #ifndef _OPENMP
|  choke me
| #endif
| #include <omp.h>
| int main () { return omp_get_num_threads (); }
| 
configure:13112: gcc -o conftest.exe -g -O2 -Wall -Wdeclaration-after-statement -Wno-unused-local-typedefs -fno-strict-aliasing -fopenmp   conftest.c  >&5
configure:13112: $? = 0
configure:13126: result: -fopenmp
configure:13192: gcc -o conftest.exe -g -O2 -Wall -Wdeclaration-after-statement -Wno-unused-local-typedefs -fno-strict-aliasing -fopenmp   -fopenmp conftest.c   >&5
configure:13192: $? = 0
configure:13224: checking whether the compiler supports -fvisibility=hidden
configure:13249: gcc -o conftest.exe -g -O2 -Wall -Wdeclaration-after-statement -Wno-unused-local-typedefs -fno-strict-aliasing -Werror -fvisibility=hidden    conftest.c   >&5
conftest.c:26:2: error: #error Have -fvisibility but it is ignored and generates a warning
   26 | #error Have -fvisibility but it is ignored and generates a warning
      |  ^~~~~
configure:13249: $? = 1
configure: failed program was:
| /* confdefs.h */
| #define PACKAGE_NAME "pixman"
| #define PACKAGE_TARNAME "pixman"
| #define PACKAGE_VERSION "0.40.0"
| #define PACKAGE_STRING "pixman 0.40.0"
| #define PACKAGE_BUGREPORT "pixman@lists.freedesktop.org"
| #define PACKAGE_URL ""
| #define PACKAGE "pixman"
| #define VERSION "0.40.0"
| #define STDC_HEADERS 1
| #define HAVE_SYS_TYPES_H 1
| #define HAVE_SYS_STAT_H 1
| #define HAVE_STDLIB_H 1
| #define HAVE_STRING_H 1
| #define HAVE_MEMORY_H 1
| #define HAVE_STRINGS_H 1
| #define HAVE_INTTYPES_H 1
| #define HAVE_STDINT_H 1
| #define HAVE_UNISTD_H 1
| #define LT_OBJDIR ".libs/"
| #define SIZEOF_LONG 4
| #define USE_OPENMP 1
| /* end confdefs.h.  */
| #if defined(__GNUC__) && (__GNUC__ >= 4)
| #ifdef _WIN32
| #error Have -fvisibility but it is ignored and generates a warning
| #endif
| #else
| #error Need GCC 4.0 for visibility
| #endif
| 
| 		 int main(int c, char **v) { (void)c; (void)v; return 0; }
| 
configure:13275: result: no
configure:13279: checking whether the compiler supports -xldscope=hidden
configure:13301: gcc -o conftest.exe -g -O2 -Wall -Wdeclaration-after-statement -Wno-unused-local-typedefs -fno-strict-aliasing -Werror -xldscope=hidden    conftest.c   >&5
gcc.exe: error: language ldscope=hidden not recognized
gcc.exe: error: language ldscope=hidden not recognized
configure:13301: $? = 1
configure: failed program was:
| /* confdefs.h */
| #define PACKAGE_NAME "pixman"
| #define PACKAGE_TARNAME "pixman"
| #define PACKAGE_VERSION "0.40.0"
| #define PACKAGE_STRING "pixman 0.40.0"
| #define PACKAGE_BUGREPORT "pixman@lists.freedesktop.org"
| #define PACKAGE_URL ""
| #define PACKAGE "pixman"
| #define VERSION "0.40.0"
| #define STDC_HEADERS 1
| #define HAVE_SYS_TYPES_H 1
| #define HAVE_SYS_STAT_H 1
| #define HAVE_STDLIB_H 1
| #define HAVE_STRING_H 1
| #define HAVE_MEMORY_H 1
| #define HAVE_STRINGS_H 1
| #define HAVE_INTTYPES_H 1
| #define HAVE_STDINT_H 1
| #define HAVE_UNISTD_H 1
| #define LT_OBJDIR ".libs/"
| #define SIZEOF_LONG 4
| #define USE_OPENMP 1
| /* end confdefs.h.  */
| #if defined(__SUNPRO_C) && (__SUNPRO_C >= 0x550)
| #else
| #error Need Sun Studio 8 for visibility
| #endif
| 
| 		 int main(int c, char **v) { (void)c; (void)v; return 0; }
| 
configure:13327: result: no
configure:13337: checking whether to use Loongson MMI assembler
configure:13362: gcc -o conftest.exe  -mloongson-mmi -g -O2 -Wall -Wdeclaration-after-statement -Wno-unused-local-typedefs -fno-strict-aliasing -I.   conftest.c  >&5
gcc.exe: error: unrecognized command-line option '-mloongson-mmi'
configure:13362: $? = 1
configure: failed program was:
| /* confdefs.h */
| #define PACKAGE_NAME "pixman"
| #define PACKAGE_TARNAME "pixman"
| #define PACKAGE_VERSION "0.40.0"
| #define PACKAGE_STRING "pixman 0.40.0"
| #define PACKAGE_BUGREPORT "pixman@lists.freedesktop.org"
| #define PACKAGE_URL ""
| #define PACKAGE "pixman"
| #define VERSION "0.40.0"
| #define STDC_HEADERS 1
| #define HAVE_SYS_TYPES_H 1
| #define HAVE_SYS_STAT_H 1
| #define HAVE_STDLIB_H 1
| #define HAVE_STRING_H 1
| #define HAVE_MEMORY_H 1
| #define HAVE_STRINGS_H 1
| #define HAVE_INTTYPES_H 1
| #define HAVE_STDINT_H 1
| #define HAVE_UNISTD_H 1
| #define LT_OBJDIR ".libs/"
| #define SIZEOF_LONG 4
| #define USE_OPENMP 1
| /* end confdefs.h.  */
| 
| #ifndef __mips_loongson_vector_rev
| #error "Loongson Multimedia Instructions are only available on Loongson"
| #endif
| #if defined(__GNUC__) && (__GNUC__ < 4 || (__GNUC__ == 4 && __GNUC_MINOR__ < 4))
| #error "Need GCC >= 4.4 for Loongson MMI compilation"
| #endif
| #include "pixman/loongson-mmintrin.h"
| int main () {
|     union {
|         __m64 v;
|         char c[8];
|     } a = { .c = {1, 2, 3, 4, 5, 6, 7, 8} };
|     int b = 4;
|     __m64 c = _mm_srli_pi16 (a.v, b);
|     return 0;
| }
configure:13389: result: no
configure:13419: checking whether to use MMX intrinsics
configure:13461: gcc -c -mmmx -Winline -g -O2 -Wall -Wdeclaration-after-statement -Wno-unused-local-typedefs -fno-strict-aliasing  conftest.c >&5
configure:13461: $? = 0
configure:13487: result: yes
configure:13515: checking whether to use SSE2 intrinsics
configure:13538: gcc -c -msse2 -Winline -g -O2 -Wall -Wdeclaration-after-statement -Wno-unused-local-typedefs -fno-strict-aliasing  conftest.c >&5
configure:13538: $? = 0
configure:13562: result: yes
configure:13583: checking whether to use SSSE3 intrinsics
configure:13602: gcc -c -mssse3 -Winline -g -O2 -Wall -Wdeclaration-after-statement -Wno-unused-local-typedefs -fno-strict-aliasing  conftest.c >&5
configure:13602: $? = 0
configure:13626: result: yes
configure:13693: checking whether to use VMX/Altivec intrinsics
configure:13710: gcc -c -maltivec -mabi=altivec -g -O2 -Wall -Wdeclaration-after-statement -Wno-unused-local-typedefs -fno-strict-aliasing  conftest.c >&5
gcc.exe: error: unrecognized argument in option '-mabi=altivec'
gcc.exe: note: valid arguments to '-mabi=' are: ms sysv
gcc.exe: error: unrecognized command-line option '-maltivec'
configure:13710: $? = 1
configure: failed program was:
| /* confdefs.h */
| #define PACKAGE_NAME "pixman"
| #define PACKAGE_TARNAME "pixman"
| #define PACKAGE_VERSION "0.40.0"
| #define PACKAGE_STRING "pixman 0.40.0"
| #define PACKAGE_BUGREPORT "pixman@lists.freedesktop.org"
| #define PACKAGE_URL ""
| #define PACKAGE "pixman"
| #define VERSION "0.40.0"
| #define STDC_HEADERS 1
| #define HAVE_SYS_TYPES_H 1
| #define HAVE_SYS_STAT_H 1
| #define HAVE_STDLIB_H 1
| #define HAVE_STRING_H 1
| #define HAVE_MEMORY_H 1
| #define HAVE_STRINGS_H 1
| #define HAVE_INTTYPES_H 1
| #define HAVE_STDINT_H 1
| #define HAVE_UNISTD_H 1
| #define LT_OBJDIR ".libs/"
| #define SIZEOF_LONG 4
| #define USE_OPENMP 1
| #define USE_X86_MMX 1
| #define USE_SSE2 1
| #define USE_SSSE3 1
| /* end confdefs.h.  */
| 
| #if defined(__GNUC__) && (__GNUC__ < 3 || (__GNUC__ == 3 && __GNUC_MINOR__ < 4))
| #error "Need GCC >= 3.4 for sane altivec support"
| #endif
| #include <altivec.h>
| int main () {
|     vector unsigned int v = vec_splat_u32 (1);
|     v = vec_sub (v, v);
|     return 0;
| }
configure:13736: result: no
configure:13754: checking whether to use ARM SIMD assembler
configure:13772: gcc -c -x assembler-with-cpp -g -O2 -Wall -Wdeclaration-after-statement -Wno-unused-local-typedefs -fno-strict-aliasing  conftest.c >&5
conftest.c:34:2: error: #error EABI is required (to be sure that calling conventions are compatible)
   34 | #error EABI is required (to be sure that calling conventions are compatible)
      |  ^~~~~
configure:13772: $? = 1
configure: failed program was:
| /* confdefs.h */
| #define PACKAGE_NAME "pixman"
| #define PACKAGE_TARNAME "pixman"
| #define PACKAGE_VERSION "0.40.0"
| #define PACKAGE_STRING "pixman 0.40.0"
| #define PACKAGE_BUGREPORT "pixman@lists.freedesktop.org"
| #define PACKAGE_URL ""
| #define PACKAGE "pixman"
| #define VERSION "0.40.0"
| #define STDC_HEADERS 1
| #define HAVE_SYS_TYPES_H 1
| #define HAVE_SYS_STAT_H 1
| #define HAVE_STDLIB_H 1
| #define HAVE_STRING_H 1
| #define HAVE_MEMORY_H 1
| #define HAVE_STRINGS_H 1
| #define HAVE_INTTYPES_H 1
| #define HAVE_STDINT_H 1
| #define HAVE_UNISTD_H 1
| #define LT_OBJDIR ".libs/"
| #define SIZEOF_LONG 4
| #define USE_OPENMP 1
| #define USE_X86_MMX 1
| #define USE_SSE2 1
| #define USE_SSSE3 1
| /* end confdefs.h.  */
| 
| .text
| .arch armv6
| .object_arch armv4
| .arm
| .altmacro
| #ifndef __ARM_EABI__
| #error EABI is required (to be sure that calling conventions are compatible)
| #endif
| pld [r0]
| uqadd8 r0, r0, r0
configure:13805: result: disabled
configure:13812: checking whether to use ARM NEON assembler
configure:13832: gcc -c -x assembler-with-cpp -g -O2 -Wall -Wdeclaration-after-statement -Wno-unused-local-typedefs -fno-strict-aliasing  conftest.c >&5
conftest.c:36:2: error: #error EABI is required (to be sure that calling conventions are compatible)
   36 | #error EABI is required (to be sure that calling conventions are compatible)
      |  ^~~~~
configure:13832: $? = 1
configure: failed program was:
| /* confdefs.h */
| #define PACKAGE_NAME "pixman"
| #define PACKAGE_TARNAME "pixman"
| #define PACKAGE_VERSION "0.40.0"
| #define PACKAGE_STRING "pixman 0.40.0"
| #define PACKAGE_BUGREPORT "pixman@lists.freedesktop.org"
| #define PACKAGE_URL ""
| #define PACKAGE "pixman"
| #define VERSION "0.40.0"
| #define STDC_HEADERS 1
| #define HAVE_SYS_TYPES_H 1
| #define HAVE_SYS_STAT_H 1
| #define HAVE_STDLIB_H 1
| #define HAVE_STRING_H 1
| #define HAVE_MEMORY_H 1
| #define HAVE_STRINGS_H 1
| #define HAVE_INTTYPES_H 1
| #define HAVE_STDINT_H 1
| #define HAVE_UNISTD_H 1
| #define LT_OBJDIR ".libs/"
| #define SIZEOF_LONG 4
| #define USE_OPENMP 1
| #define USE_X86_MMX 1
| #define USE_SSE2 1
| #define USE_SSSE3 1
| /* end confdefs.h.  */
| 
| .text
| .fpu neon
| .arch armv7a
| .object_arch armv4
| .eabi_attribute 10, 0
| .arm
| .altmacro
| #ifndef __ARM_EABI__
| #error EABI is required (to be sure that calling conventions are compatible)
| #endif
| pld [r0]
| vmovn.u16 d0, q0
configure:13865: result: disabled
configure:13896: checking whether to use ARM IWMMXT intrinsics
configure:13922: gcc -c -g -O2 -Wall -Wdeclaration-after-statement -Wno-unused-local-typedefs -fno-strict-aliasing -flax-vector-conversions -Winline -march=iwmmxt2  conftest.c >&5
cc1.exe: error: bad value ('iwmmxt2') for '-march=' switch
cc1.exe: note: valid arguments to '-march=' switch are: nocona core2 nehalem corei7 westmere sandybridge corei7-avx ivybridge core-avx-i haswell core-avx2 broadwell skylake skylake-avx512 cannonlake icelake-client icelake-server cascadelake tigerlake cooperlake bonnell atom silvermont slm goldmont goldmont-plus tremont knl knm x86-64 eden-x2 nano nano-1000 nano-2000 nano-3000 nano-x2 eden-x4 nano-x4 k8 k8-sse3 opteron opteron-sse3 athlon64 athlon64-sse3 athlon-fx amdfam10 barcelona bdver1 bdver2 bdver3 bdver4 znver1 znver2 btver1 btver2 native
configure:13922: $? = 1
configure: failed program was:
| /* confdefs.h */
| #define PACKAGE_NAME "pixman"
| #define PACKAGE_TARNAME "pixman"
| #define PACKAGE_VERSION "0.40.0"
| #define PACKAGE_STRING "pixman 0.40.0"
| #define PACKAGE_BUGREPORT "pixman@lists.freedesktop.org"
| #define PACKAGE_URL ""
| #define PACKAGE "pixman"
| #define VERSION "0.40.0"
| #define STDC_HEADERS 1
| #define HAVE_SYS_TYPES_H 1
| #define HAVE_SYS_STAT_H 1
| #define HAVE_STDLIB_H 1
| #define HAVE_STRING_H 1
| #define HAVE_MEMORY_H 1
| #define HAVE_STRINGS_H 1
| #define HAVE_INTTYPES_H 1
| #define HAVE_STDINT_H 1
| #define HAVE_UNISTD_H 1
| #define LT_OBJDIR ".libs/"
| #define SIZEOF_LONG 4
| #define USE_OPENMP 1
| #define USE_X86_MMX 1
| #define USE_SSE2 1
| #define USE_SSSE3 1
| /* end confdefs.h.  */
| 
| #ifndef __arm__
| #error "IWMMXT is only available on ARM"
| #endif
| #ifndef __IWMMXT__
| #error "IWMMXT not enabled (with -march=iwmmxt)"
| #endif
| #if defined(__GNUC__) && (__GNUC__ < 4 || (__GNUC__ == 4 && __GNUC_MINOR__ < 8))
| #error "Need GCC >= 4.8 for IWMMXT intrinsics"
| #endif
| #include <mmintrin.h>
| int main () {
| 	union {
| 		__m64 v;
| 		char c[8];
| 	} a = { .c = {1, 2, 3, 4, 5, 6, 7, 8} };
| 	int b = 4;
| 	__m64 c = _mm_srli_si64 (a.v, b);
| }
configure:13940: result: disabled
configure:13957: checking whether to use MIPS DSPr2 assembler
configure:13980: gcc -c -mdspr2 -g -O2 -Wall -Wdeclaration-after-statement -Wno-unused-local-typedefs -fno-strict-aliasing  conftest.c >&5
gcc.exe: error: unrecognized command-line option '-mdspr2'
configure:13980: $? = 1
configure: failed program was:
| /* confdefs.h */
| #define PACKAGE_NAME "pixman"
| #define PACKAGE_TARNAME "pixman"
| #define PACKAGE_VERSION "0.40.0"
| #define PACKAGE_STRING "pixman 0.40.0"
| #define PACKAGE_BUGREPORT "pixman@lists.freedesktop.org"
| #define PACKAGE_URL ""
| #define PACKAGE "pixman"
| #define VERSION "0.40.0"
| #define STDC_HEADERS 1
| #define HAVE_SYS_TYPES_H 1
| #define HAVE_SYS_STAT_H 1
| #define HAVE_STDLIB_H 1
| #define HAVE_STRING_H 1
| #define HAVE_MEMORY_H 1
| #define HAVE_STRINGS_H 1
| #define HAVE_INTTYPES_H 1
| #define HAVE_STDINT_H 1
| #define HAVE_UNISTD_H 1
| #define LT_OBJDIR ".libs/"
| #define SIZEOF_LONG 4
| #define USE_OPENMP 1
| #define USE_X86_MMX 1
| #define USE_SSE2 1
| #define USE_SSSE3 1
| /* end confdefs.h.  */
| 
| #if !(defined(__mips__) &&  __mips_isa_rev >= 2)
| #error MIPS DSPr2 is currently only available on MIPS32r2 platforms.
| #endif
| int
| main ()
| {
|     int c = 0, a = 0, b = 0;
|     __asm__ __volatile__ (
|         "precr.qb.ph %[c], %[a], %[b]          \n\t"
|         : [c] "=r" (c)
|         : [a] "r" (a), [b] "r" (b)
|     );
|     return c;
| }
configure:14013: result: no
configure:14021: checking whether to use GNU-style inline assembler
configure:14032: gcc -c -g -O2 -Wall -Wdeclaration-after-statement -Wno-unused-local-typedefs -fno-strict-aliasing  conftest.c >&5
configure:14032: $? = 0
configure:14055: result: yes
configure:14180: checking for pkg-config
configure:14198: found /mingw64/bin/pkg-config
configure:14210: result: /mingw64/bin/pkg-config
configure:14235: checking pkg-config is at least version 0.9.0
configure:14238: result: yes
configure:14387: checking for pixman_version_string in -lpixman-1
configure:14412: gcc -o conftest.exe -g -O2 -Wall -Wdeclaration-after-statement -Wno-unused-local-typedefs -fno-strict-aliasing   conftest.c -lpixman-1   >&5
C:/home/bin/msys64/mingw64/bin/../lib/gcc/x86_64-w64-mingw32/10.2.0/../../../../x86_64-w64-mingw32/bin/ld.exe: cannot find -lpixman-1
collect2.exe: error: ld returned 1 exit status
configure:14412: $? = 1
configure: failed program was:
| /* confdefs.h */
| #define PACKAGE_NAME "pixman"
| #define PACKAGE_TARNAME "pixman"
| #define PACKAGE_VERSION "0.40.0"
| #define PACKAGE_STRING "pixman 0.40.0"
| #define PACKAGE_BUGREPORT "pixman@lists.freedesktop.org"
| #define PACKAGE_URL ""
| #define PACKAGE "pixman"
| #define VERSION "0.40.0"
| #define STDC_HEADERS 1
| #define HAVE_SYS_TYPES_H 1
| #define HAVE_SYS_STAT_H 1
| #define HAVE_STDLIB_H 1
| #define HAVE_STRING_H 1
| #define HAVE_MEMORY_H 1
| #define HAVE_STRINGS_H 1
| #define HAVE_INTTYPES_H 1
| #define HAVE_STDINT_H 1
| #define HAVE_UNISTD_H 1
| #define LT_OBJDIR ".libs/"
| #define SIZEOF_LONG 4
| #define USE_OPENMP 1
| #define USE_X86_MMX 1
| #define USE_SSE2 1
| #define USE_SSSE3 1
| #define USE_GCC_INLINE_ASM 1
| /* end confdefs.h.  */
| 
| /* Override any GCC internal prototype to avoid an error.
|    Use char because int might match the return type of a GCC
|    builtin and then its argument prototype would still apply.  */
| #ifdef __cplusplus
| extern "C"
| #endif
| char pixman_version_string ();
| int
| main ()
| {
| return pixman_version_string ();
|   ;
|   return 0;
| }
configure:14421: result: no
configure:14518: checking for posix_memalign
configure:14518: gcc -o conftest.exe -g -O2 -Wall -Wdeclaration-after-statement -Wno-unused-local-typedefs -fno-strict-aliasing   conftest.c  >&5
conftest.c:51:6: warning: conflicting types for built-in function 'posix_memalign'; expected 'int(void **, long long unsigned int,  long long unsigned int)' [-Wbuiltin-declaration-mismatch]
   51 | char posix_memalign ();
      |      ^~~~~~~~~~~~~~
C:/home/bin/msys64/mingw64/bin/../lib/gcc/x86_64-w64-mingw32/10.2.0/../../../../x86_64-w64-mingw32/bin/ld.exe: C:\home\bin\msys64\tmp\cc0hfTUr.o: in function `main':
C:\home\bin\msys64\home\oss\pixman-0.40.0/conftest.c:62: undefined reference to `posix_memalign'
collect2.exe: error: ld returned 1 exit status
configure:14518: $? = 1
configure: failed program was:
| /* confdefs.h */
| #define PACKAGE_NAME "pixman"
| #define PACKAGE_TARNAME "pixman"
| #define PACKAGE_VERSION "0.40.0"
| #define PACKAGE_STRING "pixman 0.40.0"
| #define PACKAGE_BUGREPORT "pixman@lists.freedesktop.org"
| #define PACKAGE_URL ""
| #define PACKAGE "pixman"
| #define VERSION "0.40.0"
| #define STDC_HEADERS 1
| #define HAVE_SYS_TYPES_H 1
| #define HAVE_SYS_STAT_H 1
| #define HAVE_STDLIB_H 1
| #define HAVE_STRING_H 1
| #define HAVE_MEMORY_H 1
| #define HAVE_STRINGS_H 1
| #define HAVE_INTTYPES_H 1
| #define HAVE_STDINT_H 1
| #define HAVE_UNISTD_H 1
| #define LT_OBJDIR ".libs/"
| #define SIZEOF_LONG 4
| #define USE_OPENMP 1
| #define USE_X86_MMX 1
| #define USE_SSE2 1
| #define USE_SSSE3 1
| #define USE_GCC_INLINE_ASM 1
| /* end confdefs.h.  */
| /* Define posix_memalign to an innocuous variant, in case <limits.h> declares posix_memalign.
|    For example, HP-UX 11i <limits.h> declares gettimeofday.  */
| #define posix_memalign innocuous_posix_memalign
| 
| /* System header to define __stub macros and hopefully few prototypes,
|     which can conflict with char posix_memalign (); below.
|     Prefer <limits.h> to <assert.h> if __STDC__ is defined, since
|     <limits.h> exists even on freestanding compilers.  */
| 
| #ifdef __STDC__
| # include <limits.h>
| #else
| # include <assert.h>
| #endif
| 
| #undef posix_memalign
| 
| /* Override any GCC internal prototype to avoid an error.
|    Use char because int might match the return type of a GCC
|    builtin and then its argument prototype would still apply.  */
| #ifdef __cplusplus
| extern "C"
| #endif
| char posix_memalign ();
| /* The GNU C library defines this for functions which it implements
|     to always fail with ENOSYS.  Some functions are actually named
|     something starting with __ and the normal name is an alias.  */
| #if defined __stub_posix_memalign || defined __stub___posix_memalign
| choke me
| #endif
| 
| int
| main ()
| {
| return posix_memalign ();
|   ;
|   return 0;
| }
configure:14518: result: no
configure:14531: checking for sigaction
configure:14531: gcc -o conftest.exe -g -O2 -Wall -Wdeclaration-after-statement -Wno-unused-local-typedefs -fno-strict-aliasing   conftest.c  >&5
C:/home/bin/msys64/mingw64/bin/../lib/gcc/x86_64-w64-mingw32/10.2.0/../../../../x86_64-w64-mingw32/bin/ld.exe: C:\home\bin\msys64\tmp\ccc6Pvte.o: in function `main':
C:\home\bin\msys64\home\oss\pixman-0.40.0/conftest.c:62: undefined reference to `sigaction'
collect2.exe: error: ld returned 1 exit status
configure:14531: $? = 1
configure: failed program was:
| /* confdefs.h */
| #define PACKAGE_NAME "pixman"
| #define PACKAGE_TARNAME "pixman"
| #define PACKAGE_VERSION "0.40.0"
| #define PACKAGE_STRING "pixman 0.40.0"
| #define PACKAGE_BUGREPORT "pixman@lists.freedesktop.org"
| #define PACKAGE_URL ""
| #define PACKAGE "pixman"
| #define VERSION "0.40.0"
| #define STDC_HEADERS 1
| #define HAVE_SYS_TYPES_H 1
| #define HAVE_SYS_STAT_H 1
| #define HAVE_STDLIB_H 1
| #define HAVE_STRING_H 1
| #define HAVE_MEMORY_H 1
| #define HAVE_STRINGS_H 1
| #define HAVE_INTTYPES_H 1
| #define HAVE_STDINT_H 1
| #define HAVE_UNISTD_H 1
| #define LT_OBJDIR ".libs/"
| #define SIZEOF_LONG 4
| #define USE_OPENMP 1
| #define USE_X86_MMX 1
| #define USE_SSE2 1
| #define USE_SSSE3 1
| #define USE_GCC_INLINE_ASM 1
| /* end confdefs.h.  */
| /* Define sigaction to an innocuous variant, in case <limits.h> declares sigaction.
|    For example, HP-UX 11i <limits.h> declares gettimeofday.  */
| #define sigaction innocuous_sigaction
| 
| /* System header to define __stub macros and hopefully few prototypes,
|     which can conflict with char sigaction (); below.
|     Prefer <limits.h> to <assert.h> if __STDC__ is defined, since
|     <limits.h> exists even on freestanding compilers.  */
| 
| #ifdef __STDC__
| # include <limits.h>
| #else
| # include <assert.h>
| #endif
| 
| #undef sigaction
| 
| /* Override any GCC internal prototype to avoid an error.
|    Use char because int might match the return type of a GCC
|    builtin and then its argument prototype would still apply.  */
| #ifdef __cplusplus
| extern "C"
| #endif
| char sigaction ();
| /* The GNU C library defines this for functions which it implements
|     to always fail with ENOSYS.  Some functions are actually named
|     something starting with __ and the normal name is an alias.  */
| #if defined __stub_sigaction || defined __stub___sigaction
| choke me
| #endif
| 
| int
| main ()
| {
| return sigaction ();
|   ;
|   return 0;
| }
configure:14531: result: no
configure:14544: checking for alarm
configure:14544: gcc -o conftest.exe -g -O2 -Wall -Wdeclaration-after-statement -Wno-unused-local-typedefs -fno-strict-aliasing   conftest.c  >&5
configure:14544: $? = 0
configure:14544: result: yes
configure:14557: checking sys/mman.h usability
configure:14557: gcc -c -g -O2 -Wall -Wdeclaration-after-statement -Wno-unused-local-typedefs -fno-strict-aliasing  conftest.c >&5
conftest.c:62:10: fatal error: sys/mman.h: No such file or directory
   62 | #include <sys/mman.h>
      |          ^~~~~~~~~~~~
compilation terminated.
configure:14557: $? = 1
configure: failed program was:
| /* confdefs.h */
| #define PACKAGE_NAME "pixman"
| #define PACKAGE_TARNAME "pixman"
| #define PACKAGE_VERSION "0.40.0"
| #define PACKAGE_STRING "pixman 0.40.0"
| #define PACKAGE_BUGREPORT "pixman@lists.freedesktop.org"
| #define PACKAGE_URL ""
| #define PACKAGE "pixman"
| #define VERSION "0.40.0"
| #define STDC_HEADERS 1
| #define HAVE_SYS_TYPES_H 1
| #define HAVE_SYS_STAT_H 1
| #define HAVE_STDLIB_H 1
| #define HAVE_STRING_H 1
| #define HAVE_MEMORY_H 1
| #define HAVE_STRINGS_H 1
| #define HAVE_INTTYPES_H 1
| #define HAVE_STDINT_H 1
| #define HAVE_UNISTD_H 1
| #define LT_OBJDIR ".libs/"
| #define SIZEOF_LONG 4
| #define USE_OPENMP 1
| #define USE_X86_MMX 1
| #define USE_SSE2 1
| #define USE_SSSE3 1
| #define USE_GCC_INLINE_ASM 1
| #define HAVE_ALARM 1
| /* end confdefs.h.  */
| #include <stdio.h>
| #ifdef HAVE_SYS_TYPES_H
| # include <sys/types.h>
| #endif
| #ifdef HAVE_SYS_STAT_H
| # include <sys/stat.h>
| #endif
| #ifdef STDC_HEADERS
| # include <stdlib.h>
| # include <stddef.h>
| #else
| # ifdef HAVE_STDLIB_H
| #  include <stdlib.h>
| # endif
| #endif
| #ifdef HAVE_STRING_H
| # if !defined STDC_HEADERS && defined HAVE_MEMORY_H
| #  include <memory.h>
| # endif
| # include <string.h>
| #endif
| #ifdef HAVE_STRINGS_H
| # include <strings.h>
| #endif
| #ifdef HAVE_INTTYPES_H
| # include <inttypes.h>
| #endif
| #ifdef HAVE_STDINT_H
| # include <stdint.h>
| #endif
| #ifdef HAVE_UNISTD_H
| # include <unistd.h>
| #endif
| #include <sys/mman.h>
configure:14557: result: no
configure:14557: checking sys/mman.h presence
configure:14557: gcc -E  conftest.c
conftest.c:29:10: fatal error: sys/mman.h: No such file or directory
   29 | #include <sys/mman.h>
      |          ^~~~~~~~~~~~
compilation terminated.
configure:14557: $? = 1
configure: failed program was:
| /* confdefs.h */
| #define PACKAGE_NAME "pixman"
| #define PACKAGE_TARNAME "pixman"
| #define PACKAGE_VERSION "0.40.0"
| #define PACKAGE_STRING "pixman 0.40.0"
| #define PACKAGE_BUGREPORT "pixman@lists.freedesktop.org"
| #define PACKAGE_URL ""
| #define PACKAGE "pixman"
| #define VERSION "0.40.0"
| #define STDC_HEADERS 1
| #define HAVE_SYS_TYPES_H 1
| #define HAVE_SYS_STAT_H 1
| #define HAVE_STDLIB_H 1
| #define HAVE_STRING_H 1
| #define HAVE_MEMORY_H 1
| #define HAVE_STRINGS_H 1
| #define HAVE_INTTYPES_H 1
| #define HAVE_STDINT_H 1
| #define HAVE_UNISTD_H 1
| #define LT_OBJDIR ".libs/"
| #define SIZEOF_LONG 4
| #define USE_OPENMP 1
| #define USE_X86_MMX 1
| #define USE_SSE2 1
| #define USE_SSSE3 1
| #define USE_GCC_INLINE_ASM 1
| #define HAVE_ALARM 1
| /* end confdefs.h.  */
| #include <sys/mman.h>
configure:14557: result: no
configure:14557: checking for sys/mman.h
configure:14557: result: no
configure:14566: checking for mmap
configure:14566: gcc -o conftest.exe -g -O2 -Wall -Wdeclaration-after-statement -Wno-unused-local-typedefs -fno-strict-aliasing   conftest.c  >&5
C:/home/bin/msys64/mingw64/bin/../lib/gcc/x86_64-w64-mingw32/10.2.0/../../../../x86_64-w64-mingw32/bin/ld.exe: C:\home\bin\msys64\tmp\cc6Ao1Kc.o: in function `main':
C:\home\bin\msys64\home\oss\pixman-0.40.0/conftest.c:63: undefined reference to `mmap'
collect2.exe: error: ld returned 1 exit status
configure:14566: $? = 1
configure: failed program was:
| /* confdefs.h */
| #define PACKAGE_NAME "pixman"
| #define PACKAGE_TARNAME "pixman"
| #define PACKAGE_VERSION "0.40.0"
| #define PACKAGE_STRING "pixman 0.40.0"
| #define PACKAGE_BUGREPORT "pixman@lists.freedesktop.org"
| #define PACKAGE_URL ""
| #define PACKAGE "pixman"
| #define VERSION "0.40.0"
| #define STDC_HEADERS 1
| #define HAVE_SYS_TYPES_H 1
| #define HAVE_SYS_STAT_H 1
| #define HAVE_STDLIB_H 1
| #define HAVE_STRING_H 1
| #define HAVE_MEMORY_H 1
| #define HAVE_STRINGS_H 1
| #define HAVE_INTTYPES_H 1
| #define HAVE_STDINT_H 1
| #define HAVE_UNISTD_H 1
| #define LT_OBJDIR ".libs/"
| #define SIZEOF_LONG 4
| #define USE_OPENMP 1
| #define USE_X86_MMX 1
| #define USE_SSE2 1
| #define USE_SSSE3 1
| #define USE_GCC_INLINE_ASM 1
| #define HAVE_ALARM 1
| /* end confdefs.h.  */
| /* Define mmap to an innocuous variant, in case <limits.h> declares mmap.
|    For example, HP-UX 11i <limits.h> declares gettimeofday.  */
| #define mmap innocuous_mmap
| 
| /* System header to define __stub macros and hopefully few prototypes,
|     which can conflict with char mmap (); below.
|     Prefer <limits.h> to <assert.h> if __STDC__ is defined, since
|     <limits.h> exists even on freestanding compilers.  */
| 
| #ifdef __STDC__
| # include <limits.h>
| #else
| # include <assert.h>
| #endif
| 
| #undef mmap
| 
| /* Override any GCC internal prototype to avoid an error.
|    Use char because int might match the return type of a GCC
|    builtin and then its argument prototype would still apply.  */
| #ifdef __cplusplus
| extern "C"
| #endif
| char mmap ();
| /* The GNU C library defines this for functions which it implements
|     to always fail with ENOSYS.  Some functions are actually named
|     something starting with __ and the normal name is an alias.  */
| #if defined __stub_mmap || defined __stub___mmap
| choke me
| #endif
| 
| int
| main ()
| {
| return mmap ();
|   ;
|   return 0;
| }
configure:14566: result: no
configure:14579: checking for mprotect
configure:14579: gcc -o conftest.exe -g -O2 -Wall -Wdeclaration-after-statement -Wno-unused-local-typedefs -fno-strict-aliasing   conftest.c  >&5
configure:14579: $? = 0
configure:14579: result: yes
configure:14592: checking for getpagesize
configure:14592: gcc -o conftest.exe -g -O2 -Wall -Wdeclaration-after-statement -Wno-unused-local-typedefs -fno-strict-aliasing   conftest.c  >&5
configure:14592: $? = 0
configure:14592: result: yes
configure:14605: checking fenv.h usability
configure:14605: gcc -c -g -O2 -Wall -Wdeclaration-after-statement -Wno-unused-local-typedefs -fno-strict-aliasing  conftest.c >&5
configure:14605: $? = 0
configure:14605: result: yes
configure:14605: checking fenv.h presence
configure:14605: gcc -E  conftest.c
configure:14605: $? = 0
configure:14605: result: yes
configure:14605: checking for fenv.h
configure:14605: result: yes
configure:14614: checking for feenableexcept in -lm
configure:14639: gcc -o conftest.exe -g -O2 -Wall -Wdeclaration-after-statement -Wno-unused-local-typedefs -fno-strict-aliasing   conftest.c -lm   >&5
C:/home/bin/msys64/mingw64/bin/../lib/gcc/x86_64-w64-mingw32/10.2.0/../../../../x86_64-w64-mingw32/bin/ld.exe: C:\home\bin\msys64\tmp\ccKClOdo.o: in function `main':
C:\home\bin\msys64\home\oss\pixman-0.40.0/conftest.c:43: undefined reference to `feenableexcept'
collect2.exe: error: ld returned 1 exit status
configure:14639: $? = 1
configure: failed program was:
| /* confdefs.h */
| #define PACKAGE_NAME "pixman"
| #define PACKAGE_TARNAME "pixman"
| #define PACKAGE_VERSION "0.40.0"
| #define PACKAGE_STRING "pixman 0.40.0"
| #define PACKAGE_BUGREPORT "pixman@lists.freedesktop.org"
| #define PACKAGE_URL ""
| #define PACKAGE "pixman"
| #define VERSION "0.40.0"
| #define STDC_HEADERS 1
| #define HAVE_SYS_TYPES_H 1
| #define HAVE_SYS_STAT_H 1
| #define HAVE_STDLIB_H 1
| #define HAVE_STRING_H 1
| #define HAVE_MEMORY_H 1
| #define HAVE_STRINGS_H 1
| #define HAVE_INTTYPES_H 1
| #define HAVE_STDINT_H 1
| #define HAVE_UNISTD_H 1
| #define LT_OBJDIR ".libs/"
| #define SIZEOF_LONG 4
| #define USE_OPENMP 1
| #define USE_X86_MMX 1
| #define USE_SSE2 1
| #define USE_SSSE3 1
| #define USE_GCC_INLINE_ASM 1
| #define HAVE_ALARM 1
| #define HAVE_MPROTECT 1
| #define HAVE_GETPAGESIZE 1
| #define HAVE_FENV_H 1
| /* end confdefs.h.  */
| 
| /* Override any GCC internal prototype to avoid an error.
|    Use char because int might match the return type of a GCC
|    builtin and then its argument prototype would still apply.  */
| #ifdef __cplusplus
| extern "C"
| #endif
| char feenableexcept ();
| int
| main ()
| {
| return feenableexcept ();
|   ;
|   return 0;
| }
configure:14648: result: no
configure:14662: checking whether FE_DIVBYZERO is declared
configure:14662: gcc -c -g -O2 -Wall -Wdeclaration-after-statement -Wno-unused-local-typedefs -fno-strict-aliasing  conftest.c >&5
configure:14662: $? = 0
configure:14662: result: yes
configure:14671: checking for gettimeofday
configure:14671: gcc -o conftest.exe -g -O2 -Wall -Wdeclaration-after-statement -Wno-unused-local-typedefs -fno-strict-aliasing   conftest.c  >&5
configure:14671: $? = 0
configure:14671: result: yes
configure:14678: checking sys/time.h usability
configure:14678: gcc -c -g -O2 -Wall -Wdeclaration-after-statement -Wno-unused-local-typedefs -fno-strict-aliasing  conftest.c >&5
configure:14678: $? = 0
configure:14678: result: yes
configure:14678: checking sys/time.h presence
configure:14678: gcc -E  conftest.c
configure:14678: $? = 0
configure:14678: result: yes
configure:14678: checking for sys/time.h
configure:14678: result: yes
configure:14693: checking for library containing sqrtf
configure:14724: gcc -o conftest.exe -g -O2 -Wall -Wdeclaration-after-statement -Wno-unused-local-typedefs -fno-strict-aliasing   conftest.c  >&5
conftest.c:41:6: warning: conflicting types for built-in function 'sqrtf'; expected 'float(float)' [-Wbuiltin-declaration-mismatch]
   41 | char sqrtf ();
      |      ^~~~~
conftest.c:1:1: note: 'sqrtf' is declared in header '<math.h>'
    1 | /* confdefs.h */
configure:14724: $? = 0
configure:14741: result: none required
configure:14755: checking for thread local storage (TLS) support
configure:14783: gcc -c -g -O2 -Wall -Wdeclaration-after-statement -Wno-unused-local-typedefs -fno-strict-aliasing  conftest.c >&5
configure:14783: $? = 0
configure:14791: result: __thread
configure:14809: checking for pthreads
configure:14859: gcc -o conftest.exe -g -O2 -Wall -Wdeclaration-after-statement -Wno-unused-local-typedefs -fno-strict-aliasing -pthread   -pthread conftest.c   >&5
configure:14859: $? = 0
configure:15047: result: yes
configure:15059: checking for __attribute__((constructor))
configure:15076: gcc -o conftest.exe -g -O2 -Wall -Wdeclaration-after-statement -Wno-unused-local-typedefs -fno-strict-aliasing   conftest.c  >&5
configure:15076: $? = 0
configure:15088: result: yes
configure:15095: checking for __float128
configure:15103: gcc -o conftest.exe -g -O2 -Wall -Wdeclaration-after-statement -Wno-unused-local-typedefs -fno-strict-aliasing   conftest.c  >&5
configure:15103: $? = 0
configure:15115: result: yes
configure:15121: checking for __builtin_clz
configure:15129: gcc -o conftest.exe -g -O2 -Wall -Wdeclaration-after-statement -Wno-unused-local-typedefs -fno-strict-aliasing   conftest.c  >&5
configure:15129: $? = 0
configure:15141: result: yes
configure:15147: checking for GCC vector extensions
configure:15156: gcc -o conftest.exe -g -O2 -Wall -Wdeclaration-after-statement -Wno-unused-local-typedefs -fno-strict-aliasing   conftest.c  >&5
configure:15156: $? = 0
configure:15168: result: yes
configure:15275: checking for PNG
configure:15282: $PKG_CONFIG --exists --print-errors "libpng"
Package libpng was not found in the pkg-config search path.
Perhaps you should add the directory containing `libpng.pc'
to the PKG_CONFIG_PATH environment variable
Package 'libpng', required by 'virtual:world', not found
configure:15285: $? = 1
configure:15299: $PKG_CONFIG --exists --print-errors "libpng"
Package libpng was not found in the pkg-config search path.
Perhaps you should add the directory containing `libpng.pc'
to the PKG_CONFIG_PATH environment variable
Package 'libpng', required by 'virtual:world', not found
configure:15302: $? = 1
configure:15316: result: no
Package 'libpng', required by 'virtual:world', not found
configure:15457: checking that generated files are newer than configure
configure:15463: result: done
configure:15535: creating ./config.status

## ---------------------- ##
## Running config.status. ##
## ---------------------- ##

This file was extended by pixman config.status 0.40.0, which was
generated by GNU Autoconf 2.69.  Invocation command line was

  CONFIG_FILES    = 
  CONFIG_HEADERS  = 
  CONFIG_LINKS    = 
  CONFIG_COMMANDS = 
  $ ./config.status 

on DESKTOP-CHPARK

config.status:1176: creating pixman-1.pc
config.status:1176: creating pixman-1-uninstalled.pc
config.status:1176: creating Makefile
config.status:1176: creating pixman/Makefile
config.status:1176: creating pixman/pixman-version.h
config.status:1176: creating demos/Makefile
config.status:1176: creating test/Makefile
config.status:1176: creating config.h
config.status:1405: executing depfiles commands
config.status:1482: cd pixman       && sed -e '/# am--include-marker/d' Makefile         | make -f - am--depfiles
/tmp/Gm2N6AWh:1225: warning: ignoring prerequisites on suffix rule definition
config.status:1487: $? = 0
config.status:1482: cd demos       && sed -e '/# am--include-marker/d' Makefile         | make -f - am--depfiles
config.status:1487: $? = 0
config.status:1482: cd test       && sed -e '/# am--include-marker/d' Makefile         | make -f - am--depfiles
config.status:1487: $? = 0
config.status:1405: executing libtool commands
configure:17681: WARNING: unrecognized options: --disable-arm-iwmmxt2--disable-mips-dspr2

## ---------------- ##
## Cache variables. ##
## ---------------- ##

ac_cv_build=x86_64-w64-mingw32
ac_cv_c_bigendian=no
ac_cv_c_compiler_gnu=yes
ac_cv_c_inline=inline
ac_cv_env_CCASFLAGS_set=
ac_cv_env_CCASFLAGS_value=
ac_cv_env_CCAS_set=
ac_cv_env_CCAS_value=
ac_cv_env_CC_set=
ac_cv_env_CC_value=
ac_cv_env_CFLAGS_set=
ac_cv_env_CFLAGS_value=
ac_cv_env_CPPFLAGS_set=
ac_cv_env_CPPFLAGS_value=
ac_cv_env_CPP_set=
ac_cv_env_CPP_value=
ac_cv_env_GTK_CFLAGS_set=
ac_cv_env_GTK_CFLAGS_value=
ac_cv_env_GTK_LIBS_set=
ac_cv_env_GTK_LIBS_value=
ac_cv_env_LDFLAGS_set=
ac_cv_env_LDFLAGS_value=
ac_cv_env_LIBS_set=
ac_cv_env_LIBS_value=
ac_cv_env_LT_SYS_LIBRARY_PATH_set=
ac_cv_env_LT_SYS_LIBRARY_PATH_value=
ac_cv_env_PKG_CONFIG_LIBDIR_set=
ac_cv_env_PKG_CONFIG_LIBDIR_value=
ac_cv_env_PKG_CONFIG_PATH_set=set
ac_cv_env_PKG_CONFIG_PATH_value=/mingw64/lib/pkgconfig:/mingw64/share/pkgconfig
ac_cv_env_PKG_CONFIG_set=
ac_cv_env_PKG_CONFIG_value=
ac_cv_env_PNG_CFLAGS_set=
ac_cv_env_PNG_CFLAGS_value=
ac_cv_env_PNG_LIBS_set=
ac_cv_env_PNG_LIBS_value=
ac_cv_env_build_alias_set=
ac_cv_env_build_alias_value=
ac_cv_env_host_alias_set=
ac_cv_env_host_alias_value=
ac_cv_env_target_alias_set=
ac_cv_env_target_alias_value=
ac_cv_exeext=.exe
ac_cv_func_alarm=yes
ac_cv_func_getisax=no
ac_cv_func_getpagesize=yes
ac_cv_func_gettimeofday=yes
ac_cv_func_mmap=no
ac_cv_func_mprotect=yes
ac_cv_func_posix_memalign=no
ac_cv_func_sigaction=no
ac_cv_have_decl_FE_DIVBYZERO=yes
ac_cv_have_decl___SUNPRO_C=no
ac_cv_have_decl___amd64=yes
ac_cv_header_dlfcn_h=no
ac_cv_header_fenv_h=yes
ac_cv_header_inttypes_h=yes
ac_cv_header_memory_h=yes
ac_cv_header_stdc=yes
ac_cv_header_stdint_h=yes
ac_cv_header_stdlib_h=yes
ac_cv_header_string_h=yes
ac_cv_header_strings_h=yes
ac_cv_header_sys_mman_h=no
ac_cv_header_sys_stat_h=yes
ac_cv_header_sys_time_h=yes
ac_cv_header_sys_types_h=yes
ac_cv_header_unistd_h=yes
ac_cv_host=x86_64-w64-mingw32
ac_cv_lib_m_feenableexcept=no
ac_cv_lib_pixman_1_pixman_version_string=no
ac_cv_objext=o
ac_cv_path_EGREP='/usr/bin/grep -E'
ac_cv_path_FGREP='/usr/bin/grep -F'
ac_cv_path_GREP=/usr/bin/grep
ac_cv_path_SED=/usr/bin/sed
ac_cv_path_ac_pt_PKG_CONFIG=/mingw64/bin/pkg-config
ac_cv_path_install='/usr/bin/install -c'
ac_cv_path_lt_DD=/usr/bin/dd
ac_cv_path_mkdir=/usr/bin/mkdir
ac_cv_prog_AWK=gawk
ac_cv_prog_CPP='gcc -E'
ac_cv_prog_ac_ct_AR=ar
ac_cv_prog_ac_ct_CC=gcc
ac_cv_prog_ac_ct_DLLTOOL=dlltool
ac_cv_prog_ac_ct_OBJDUMP=objdump
ac_cv_prog_ac_ct_RANLIB=ranlib
ac_cv_prog_ac_ct_STRIP=strip
ac_cv_prog_c_openmp=-fopenmp
ac_cv_prog_cc_c89=
ac_cv_prog_cc_g=yes
ac_cv_prog_make_make_set=yes
ac_cv_search_sqrtf='none required'
ac_cv_sizeof_long=4
ac_cv_tls=__thread
am_cv_CCAS_dependencies_compiler_type=gcc3
am_cv_CC_dependencies_compiler_type=gcc3
am_cv_make_support_nested_variables=yes
am_cv_prog_cc_c_o=yes
lt_cv_ar_at_file=@
lt_cv_deplibs_check_method='file_magic ^x86 archive import|^x86 DLL'
lt_cv_file_magic_cmd=func_win32_libid
lt_cv_file_magic_test_file=
lt_cv_ld_reload_flag=-r
lt_cv_nm_interface='BSD nm'
lt_cv_objdir=.libs
lt_cv_path_LD=C:/home/bin/msys64/mingw64/x86_64-w64-mingw32/bin/ld.exe
lt_cv_path_NM='/mingw64/bin/nm -B'
lt_cv_path_mainfest_tool=no
lt_cv_prog_compiler_c_o=yes
lt_cv_prog_compiler_pic='-DDLL_EXPORT -DPIC'
lt_cv_prog_compiler_pic_works=yes
lt_cv_prog_compiler_rtti_exceptions=no
lt_cv_prog_compiler_static_works=yes
lt_cv_prog_gnu_ld=yes
lt_cv_sharedlib_from_linklib_cmd=func_cygming_dll_for_implib
lt_cv_sys_global_symbol_pipe='sed -n -e '\''s/^.*[	 ]\([ABCDGIRSTW][ABCDGIRSTW]*\)[	 ][	 ]*\([_A-Za-z][_A-Za-z0-9]*\)\{0,1\}$/\1 \2 \2/p'\'' | sed '\''/ __gnu_lto/d'\'''
lt_cv_sys_global_symbol_to_c_name_address='sed -n -e '\''s/^: \(.*\) .*$/  {"\1", (void *) 0},/p'\'' -e '\''s/^[ABCDGIRSTW][ABCDGIRSTW]* .* \(.*\)$/  {"\1", (void *) \&\1},/p'\'''
lt_cv_sys_global_symbol_to_c_name_address_lib_prefix='sed -n -e '\''s/^: \(.*\) .*$/  {"\1", (void *) 0},/p'\'' -e '\''s/^[ABCDGIRSTW][ABCDGIRSTW]* .* \(lib.*\)$/  {"\1", (void *) \&\1},/p'\'' -e '\''s/^[ABCDGIRSTW][ABCDGIRSTW]* .* \(.*\)$/  {"lib\1", (void *) \&\1},/p'\'''
lt_cv_sys_global_symbol_to_cdecl='sed -n -e '\''s/^T .* \(.*\)$/extern int \1();/p'\'' -e '\''s/^[ABCDGIRSTW][ABCDGIRSTW]* .* \(.*\)$/extern char \1;/p'\'''
lt_cv_sys_global_symbol_to_import=
lt_cv_sys_max_cmd_len=8192
lt_cv_to_host_file_cmd=func_convert_file_msys_to_w32
lt_cv_to_tool_file_cmd=func_convert_file_msys_to_w32
lt_cv_truncate_bin='/usr/bin/dd bs=4096 count=1'

## ----------------- ##
## Output variables. ##
## ----------------- ##

ACLOCAL='${SHELL} /home/oss/pixman-0.40.0/missing aclocal-1.16'
AMDEPBACKSLASH='\'
AMDEP_FALSE='#'
AMDEP_TRUE=''
AMTAR='$${TAR-tar}'
AM_BACKSLASH='\'
AM_DEFAULT_V='$(AM_DEFAULT_VERBOSITY)'
AM_DEFAULT_VERBOSITY='0'
AM_V='$(V)'
AR='ar'
AUTOCONF='${SHELL} /home/oss/pixman-0.40.0/missing autoconf'
AUTOHEADER='${SHELL} /home/oss/pixman-0.40.0/missing autoheader'
AUTOMAKE='${SHELL} /home/oss/pixman-0.40.0/missing automake-1.16'
AWK='gawk'
CC='gcc'
CCAS='gcc'
CCASDEPMODE='depmode=gcc3'
CCASFLAGS='-g -O2'
CCDEPMODE='depmode=gcc3'
CFLAGS='-g -O2 -Wall -Wdeclaration-after-statement -Wno-unused-local-typedefs -fno-strict-aliasing'
CPP='gcc -E'
CPPFLAGS=''
CYGPATH_W='cygpath -w'
DEFS='-DHAVE_CONFIG_H'
DEPDIR='.deps'
DLLTOOL='dlltool'
DSYMUTIL=''
DUMPBIN=''
ECHO_C=''
ECHO_N='-n'
ECHO_T=''
EGREP='/usr/bin/grep -E'
EXEEXT='.exe'
FGREP='/usr/bin/grep -F'
GREP='/usr/bin/grep'
GTK_CFLAGS=''
GTK_LIBS=''
HAVE_GTK_FALSE=''
HAVE_GTK_TRUE='#'
HAVE_LIBPNG=''
HAVE_PTHREADS=''
INSTALL_DATA='${INSTALL} -m 644'
INSTALL_PROGRAM='${INSTALL}'
INSTALL_SCRIPT='${INSTALL}'
INSTALL_STRIP_PROGRAM='$(install_sh) -c -s'
IWMMXT_CFLAGS=''
LD='C:/home/bin/msys64/mingw64/x86_64-w64-mingw32/bin/ld.exe'
LDFLAGS=''
LIBOBJS=''
LIBS=''
LIBTOOL='$(SHELL) $(top_builddir)/libtool'
LIPO=''
LN_S='cp -pR'
LS_CFLAGS=''
LTLIBOBJS=''
LT_SYS_LIBRARY_PATH=''
LT_VERSION_INFO='40:0:40'
MAKEINFO='${SHELL} /home/oss/pixman-0.40.0/missing makeinfo'
MANIFEST_TOOL=':'
MKDIR_P='/usr/bin/mkdir -p'
MMX_CFLAGS='-mmmx -Winline'
MMX_LDFLAGS=''
NM='/mingw64/bin/nm -B'
NMEDIT=''
OBJDUMP='objdump'
OBJEXT='o'
OPENMP_CFLAGS='-fopenmp'
OTOOL64=''
OTOOL=''
PACKAGE='pixman'
PACKAGE_BUGREPORT='pixman@lists.freedesktop.org'
PACKAGE_NAME='pixman'
PACKAGE_STRING='pixman 0.40.0'
PACKAGE_TARNAME='pixman'
PACKAGE_URL=''
PACKAGE_VERSION='0.40.0'
PATH_SEPARATOR=':'
PIXMAN_GNUPLOT=''
PIXMAN_TIMERS=''
PIXMAN_VERSION_MAJOR='0'
PIXMAN_VERSION_MICRO='0'
PIXMAN_VERSION_MINOR='40'
PKG_CONFIG='/mingw64/bin/pkg-config'
PKG_CONFIG_LIBDIR=''
PKG_CONFIG_PATH='/mingw64/lib/pkgconfig:/mingw64/share/pkgconfig'
PNG_CFLAGS=''
PNG_LIBS=''
PTHREAD_CFLAGS='-g -O2 -Wall -Wdeclaration-after-statement -Wno-unused-local-typedefs -fno-strict-aliasing -pthread'
PTHREAD_LDFLAGS=' -pthread'
PTHREAD_LIBS=' '
RANLIB='ranlib'
SED='/usr/bin/sed'
SET_MAKE=''
SHELL='/bin/sh'
SSE2_CFLAGS='-msse2 -Winline'
SSE2_LDFLAGS=''
SSSE3_CFLAGS='-mssse3 -Winline'
STRIP='strip'
TESTPROGS_EXTRA_LDFLAGS=''
TOOLCHAIN_SUPPORTS_ATTRIBUTE_CONSTRUCTOR=''
TOOLCHAIN_SUPPORTS__THREAD=''
USE_ARM_IWMMXT_FALSE=''
USE_ARM_IWMMXT_TRUE='#'
USE_ARM_NEON_FALSE=''
USE_ARM_NEON_TRUE='#'
USE_ARM_SIMD_FALSE=''
USE_ARM_SIMD_TRUE='#'
USE_GCC_INLINE_ASM_FALSE='#'
USE_GCC_INLINE_ASM_TRUE=''
USE_LOONGSON_MMI_FALSE=''
USE_LOONGSON_MMI_TRUE='#'
USE_MIPS_DSPR2_FALSE=''
USE_MIPS_DSPR2_TRUE='#'
USE_SSE2_FALSE='#'
USE_SSE2_TRUE=''
USE_SSSE3_FALSE='#'
USE_SSSE3_TRUE=''
USE_VMX_FALSE=''
USE_VMX_TRUE='#'
USE_X86_MMX_FALSE='#'
USE_X86_MMX_TRUE=''
VERSION='0.40.0'
VMX_CFLAGS=''
ac_ct_AR='ar'
ac_ct_CC='gcc'
ac_ct_DUMPBIN=''
am__EXEEXT_FALSE='#'
am__EXEEXT_TRUE=''
am__fastdepCCAS_FALSE='#'
am__fastdepCCAS_TRUE=''
am__fastdepCC_FALSE='#'
am__fastdepCC_TRUE=''
am__include='include'
am__isrc=''
am__leading_dot='.'
am__nodep='_no'
am__quote=''
am__tar='$${TAR-tar} chof - "$$tardir"'
am__untar='$${TAR-tar} xf -'
bindir='${exec_prefix}/bin'
build='x86_64-w64-mingw32'
build_alias='x86_64-w64-mingw32'
build_cpu='x86_64'
build_os='mingw32'
build_vendor='w64'
datadir='${datarootdir}'
datarootdir='${prefix}/share'
docdir='${datarootdir}/doc/${PACKAGE_TARNAME}'
dvidir='${docdir}'
exec_prefix='${prefix}'
host='x86_64-w64-mingw32'
host_alias=''
host_cpu='x86_64'
host_os='mingw32'
host_vendor='w64'
htmldir='${docdir}'
includedir='${prefix}/include'
infodir='${datarootdir}/info'
install_sh='${SHELL} /home/oss/pixman-0.40.0/install-sh'
libdir='${exec_prefix}/lib'
libexecdir='${exec_prefix}/libexec'
localedir='${datarootdir}/locale'
localstatedir='${prefix}/var'
mandir='${datarootdir}/man'
mkdir_p='$(MKDIR_P)'
oldincludedir='/usr/include'
pdfdir='${docdir}'
prefix='/mingw64'
program_transform_name='s,x,x,'
psdir='${docdir}'
sbindir='${exec_prefix}/sbin'
sharedstatedir='${prefix}/com'
sysconfdir='${prefix}/etc'
target_alias=''

## ----------- ##
## confdefs.h. ##
## ----------- ##

/* confdefs.h */
#define PACKAGE_NAME "pixman"
#define PACKAGE_TARNAME "pixman"
#define PACKAGE_VERSION "0.40.0"
#define PACKAGE_STRING "pixman 0.40.0"
#define PACKAGE_BUGREPORT "pixman@lists.freedesktop.org"
#define PACKAGE_URL ""
#define PACKAGE "pixman"
#define VERSION "0.40.0"
#define STDC_HEADERS 1
#define HAVE_SYS_TYPES_H 1
#define HAVE_SYS_STAT_H 1
#define HAVE_STDLIB_H 1
#define HAVE_STRING_H 1
#define HAVE_MEMORY_H 1
#define HAVE_STRINGS_H 1
#define HAVE_INTTYPES_H 1
#define HAVE_STDINT_H 1
#define HAVE_UNISTD_H 1
#define LT_OBJDIR ".libs/"
#define SIZEOF_LONG 4
#define USE_OPENMP 1
#define USE_X86_MMX 1
#define USE_SSE2 1
#define USE_SSSE3 1
#define USE_GCC_INLINE_ASM 1
#define HAVE_ALARM 1
#define HAVE_MPROTECT 1
#define HAVE_GETPAGESIZE 1
#define HAVE_FENV_H 1
#define HAVE_FEDIVBYZERO 1
#define HAVE_GETTIMEOFDAY 1
#define TLS __thread
#define HAVE_PTHREADS /**/
#define TOOLCHAIN_SUPPORTS_ATTRIBUTE_CONSTRUCTOR /**/
#define HAVE_FLOAT128 /**/
#define HAVE_BUILTIN_CLZ /**/
#define HAVE_GCC_VECTOR_EXTENSIONS /**/

configure: exit 0
