c:\usr\w32\extk-1.1\build-w32\libpng\win32\debug\libpng.pdb
c:\usr\w32\extk-1.1\build-w32\libpng\win32\debug\libpng.idb
c:\usr\w32\extk-1.1\build-w32\libpng\win32\debug\pngwutil.obj
c:\usr\w32\extk-1.1\build-w32\libpng\win32\debug\pngwtran.obj
c:\usr\w32\extk-1.1\build-w32\libpng\win32\debug\pngwrite.obj
c:\usr\w32\extk-1.1\build-w32\libpng\win32\debug\pngwio.obj
c:\usr\w32\extk-1.1\build-w32\libpng\win32\debug\pngtrans.obj
c:\usr\w32\extk-1.1\build-w32\libpng\win32\debug\pngset.obj
c:\usr\w32\extk-1.1\build-w32\libpng\win32\debug\pngrutil.obj
c:\usr\w32\extk-1.1\build-w32\libpng\win32\debug\pngrtran.obj
c:\usr\w32\extk-1.1\build-w32\libpng\win32\debug\pngrio.obj
c:\usr\w32\extk-1.1\build-w32\libpng\win32\debug\pngread.obj
c:\usr\w32\extk-1.1\build-w32\libpng\win32\debug\pngpread.obj
c:\usr\w32\extk-1.1\build-w32\libpng\win32\debug\pngmem.obj
c:\usr\w32\extk-1.1\build-w32\libpng\win32\debug\pngget.obj
c:\usr\w32\extk-1.1\build-w32\libpng\win32\debug\pngerror.obj
c:\usr\w32\extk-1.1\build-w32\libpng\win32\debug\png.obj
c:\usr\w32\extk-1.1\build-w32\libpng\win32\debug\libpng.lib
c:\usr\w32\extk-1.1\build-w32\libpng\win32\debug\libpng.tlog\cl.command.1.tlog
c:\usr\w32\extk-1.1\build-w32\libpng\win32\debug\libpng.tlog\cl.read.1.tlog
c:\usr\w32\extk-1.1\build-w32\libpng\win32\debug\libpng.tlog\cl.write.1.tlog
c:\usr\w32\extk-1.1\build-w32\libpng\win32\debug\libpng.tlog\lib-link.read.1.tlog
c:\usr\w32\extk-1.1\build-w32\libpng\win32\debug\libpng.tlog\lib-link.write.1.tlog
c:\usr\w32\extk-1.1\build-w32\libpng\win32\debug\libpng.tlog\lib.command.1.tlog
