  autofit.c
  ftbase.c
  ftbbox.c
  ftbitmap.c
  ftdebug.c
  ftfstype.c
  ftgasp.c
  ftglyph.c
  ftinit.c
  ftmm.c
  ftpfr.c
  ftstroke.c
  ftsynth.c
  ftsystem.c
  fttype1.c
  ftwinfnt.c
  bdf.c
  cff.c
  type1cid.c
  ftgzip.c
  Generating Code...
  Compiling...
  ftlzw.c
  pcf.c
  pfr.c
  psaux.c
  pshinter.c
  psmodule.c
  raster.c
  sfnt.c
  smooth.c
  truetype.c
  type1.c
  type42.c
  winfnt.c
  Generating Code...
  libft.vcxproj -> C:\usr\w32\extk-1.1\build-w32\libft\Win32\Debug\libft.lib
  0개 파일이 복사되었습니다.
  Win32\Debug\libft.lib
  1개 파일이 복사되었습니다.
