c:\usr\w32\extk-1.1\build-w32\libft\win32\debug\libft.pdb
c:\usr\w32\extk-1.1\build-w32\libft\win32\debug\libft.idb
c:\usr\w32\extk-1.1\build-w32\libft\win32\debug\ftgzip.obj
c:\usr\w32\extk-1.1\build-w32\libft\win32\debug\type1cid.obj
c:\usr\w32\extk-1.1\build-w32\libft\win32\debug\cff.obj
c:\usr\w32\extk-1.1\build-w32\libft\win32\debug\bdf.obj
c:\usr\w32\extk-1.1\build-w32\libft\win32\debug\ftwinfnt.obj
c:\usr\w32\extk-1.1\build-w32\libft\win32\debug\fttype1.obj
c:\usr\w32\extk-1.1\build-w32\libft\win32\debug\ftsystem.obj
c:\usr\w32\extk-1.1\build-w32\libft\win32\debug\ftsynth.obj
c:\usr\w32\extk-1.1\build-w32\libft\win32\debug\ftstroke.obj
c:\usr\w32\extk-1.1\build-w32\libft\win32\debug\ftpfr.obj
c:\usr\w32\extk-1.1\build-w32\libft\win32\debug\ftmm.obj
c:\usr\w32\extk-1.1\build-w32\libft\win32\debug\ftinit.obj
c:\usr\w32\extk-1.1\build-w32\libft\win32\debug\ftglyph.obj
c:\usr\w32\extk-1.1\build-w32\libft\win32\debug\ftgasp.obj
c:\usr\w32\extk-1.1\build-w32\libft\win32\debug\ftfstype.obj
c:\usr\w32\extk-1.1\build-w32\libft\win32\debug\ftdebug.obj
c:\usr\w32\extk-1.1\build-w32\libft\win32\debug\ftbitmap.obj
c:\usr\w32\extk-1.1\build-w32\libft\win32\debug\ftbbox.obj
c:\usr\w32\extk-1.1\build-w32\libft\win32\debug\ftbase.obj
c:\usr\w32\extk-1.1\build-w32\libft\win32\debug\autofit.obj
c:\usr\w32\extk-1.1\build-w32\libft\win32\debug\winfnt.obj
c:\usr\w32\extk-1.1\build-w32\libft\win32\debug\type42.obj
c:\usr\w32\extk-1.1\build-w32\libft\win32\debug\type1.obj
c:\usr\w32\extk-1.1\build-w32\libft\win32\debug\truetype.obj
c:\usr\w32\extk-1.1\build-w32\libft\win32\debug\smooth.obj
c:\usr\w32\extk-1.1\build-w32\libft\win32\debug\sfnt.obj
c:\usr\w32\extk-1.1\build-w32\libft\win32\debug\raster.obj
c:\usr\w32\extk-1.1\build-w32\libft\win32\debug\psmodule.obj
c:\usr\w32\extk-1.1\build-w32\libft\win32\debug\pshinter.obj
c:\usr\w32\extk-1.1\build-w32\libft\win32\debug\psaux.obj
c:\usr\w32\extk-1.1\build-w32\libft\win32\debug\pfr.obj
c:\usr\w32\extk-1.1\build-w32\libft\win32\debug\pcf.obj
c:\usr\w32\extk-1.1\build-w32\libft\win32\debug\ftlzw.obj
c:\usr\w32\extk-1.1\build-w32\libft\win32\debug\libft.lib
c:\usr\w32\extk-1.1\build-w32\libft\win32\debug\libft.tlog\cl.command.1.tlog
c:\usr\w32\extk-1.1\build-w32\libft\win32\debug\libft.tlog\cl.read.1.tlog
c:\usr\w32\extk-1.1\build-w32\libft\win32\debug\libft.tlog\cl.write.1.tlog
c:\usr\w32\extk-1.1\build-w32\libft\win32\debug\libft.tlog\lib-link.read.1.tlog
c:\usr\w32\extk-1.1\build-w32\libft\win32\debug\libft.tlog\lib-link.write.1.tlog
c:\usr\w32\extk-1.1\build-w32\libft\win32\debug\libft.tlog\lib.command.1.tlog
