  jaricom.c
  jcapimin.c
  jcapistd.c
  jcarith.c
  jccoefct.c
  jccolor.c
  jcdctmgr.c
  jchuff.c
  jcinit.c
  jcmainct.c
  jcmarker.c
  jcmaster.c
  jcomapi.c
  jcparam.c
  jcprepct.c
  jcsample.c
  jctrans.c
  jdapimin.c
  jdapistd.c
  jdarith.c
  Generating Code...
  Compiling...
  jdatadst.c
  jdatasrc.c
  jdcoefct.c
  jdcolor.c
  jddctmgr.c
  jdhuff.c
  jdinput.c
  jdmainct.c
  jdmarker.c
  jdmaster.c
  jdmerge.c
  jdpostct.c
  jdsample.c
  jdtrans.c
  jerror.c
  jfdctflt.c
  jfdctfst.c
  jfdctint.c
  jidctflt.c
  jidctfst.c
  Generating Code...
  Compiling...
  jidctint.c
  jmemansi.c
  jmemmgr.c
c:\usr\w32\extk-1.1\jpeg-7\jmemmgr.c(306): warning C4267: '+=': conversion from 'size_t' to 'long', possible loss of data
c:\usr\w32\extk-1.1\jpeg-7\jmemmgr.c(366): warning C4267: '+=': conversion from 'size_t' to 'long', possible loss of data
c:\usr\w32\extk-1.1\jpeg-7\jmemmgr.c(976): warning C4267: '-=': conversion from 'size_t' to 'long', possible loss of data
c:\usr\w32\extk-1.1\jpeg-7\jmemmgr.c(990): warning C4267: '-=': conversion from 'size_t' to 'long', possible loss of data
  jpegtran.c
  jquant1.c
  jquant2.c
  jutils.c
  rdbmp.c
  rdcolmap.c
  rdgif.c
  rdppm.c
  rdrle.c
  rdswitch.c
  rdtarga.c
  transupp.c
  wrbmp.c
  wrgif.c
  wrppm.c
  wrrle.c
  wrtarga.c
  Generating Code...
  libjpeg.vcxproj -> C:\usr\w32\extk-1.1\build-w32\libjpeg\x64\Debug\libjpeg.lib
  0개 파일이 복사되었습니다.
  x64\Debug\libjpeg.lib
  1개 파일이 복사되었습니다.
