c:\usr\w32\extk-1.1\build-w32\libpixman\win32\release\libpixman.pdb
c:\usr\w32\extk-1.1\build-w32\libpixman\win32\release\pixman-noop.obj
c:\usr\w32\extk-1.1\build-w32\libpixman\win32\release\pixman-mmx.obj
c:\usr\w32\extk-1.1\build-w32\libpixman\win32\release\pixman-matrix.obj
c:\usr\w32\extk-1.1\build-w32\libpixman\win32\release\pixman-linear-gradient.obj
c:\usr\w32\extk-1.1\build-w32\libpixman\win32\release\pixman-implementation.obj
c:\usr\w32\extk-1.1\build-w32\libpixman\win32\release\pixman-image.obj
c:\usr\w32\extk-1.1\build-w32\libpixman\win32\release\pixman-gradient-walker.obj
c:\usr\w32\extk-1.1\build-w32\libpixman\win32\release\pixman-glyph.obj
c:\usr\w32\extk-1.1\build-w32\libpixman\win32\release\pixman-general.obj
c:\usr\w32\extk-1.1\build-w32\libpixman\win32\release\pixman-filter.obj
c:\usr\w32\extk-1.1\build-w32\libpixman\win32\release\pixman-fast-path.obj
c:\usr\w32\extk-1.1\build-w32\libpixman\win32\release\pixman-edge.obj
c:\usr\w32\extk-1.1\build-w32\libpixman\win32\release\pixman-edge-accessors.obj
c:\usr\w32\extk-1.1\build-w32\libpixman\win32\release\pixman-conical-gradient.obj
c:\usr\w32\extk-1.1\build-w32\libpixman\win32\release\pixman-combine32.obj
c:\usr\w32\extk-1.1\build-w32\libpixman\win32\release\pixman-combine-float.obj
c:\usr\w32\extk-1.1\build-w32\libpixman\win32\release\pixman-bits-image.obj
c:\usr\w32\extk-1.1\build-w32\libpixman\win32\release\pixman-arm.obj
c:\usr\w32\extk-1.1\build-w32\libpixman\win32\release\pixman-access.obj
c:\usr\w32\extk-1.1\build-w32\libpixman\win32\release\pixman-access-accessors.obj
c:\usr\w32\extk-1.1\build-w32\libpixman\win32\release\pixman.obj
c:\usr\w32\extk-1.1\build-w32\libpixman\win32\release\pixman-utils.obj
c:\usr\w32\extk-1.1\build-w32\libpixman\win32\release\pixman-trap.obj
c:\usr\w32\extk-1.1\build-w32\libpixman\win32\release\pixman-timer.obj
c:\usr\w32\extk-1.1\build-w32\libpixman\win32\release\pixman-solid-fill.obj
c:\usr\w32\extk-1.1\build-w32\libpixman\win32\release\pixman-region32.obj
c:\usr\w32\extk-1.1\build-w32\libpixman\win32\release\pixman-region16.obj
c:\usr\w32\extk-1.1\build-w32\libpixman\win32\release\pixman-radial-gradient.obj
c:\usr\w32\extk-1.1\build-w32\libpixman\win32\release\libpixman.lib
c:\usr\w32\extk-1.1\build-w32\libpixman\win32\release\libpixman.tlog\cl.command.1.tlog
c:\usr\w32\extk-1.1\build-w32\libpixman\win32\release\libpixman.tlog\cl.read.1.tlog
c:\usr\w32\extk-1.1\build-w32\libpixman\win32\release\libpixman.tlog\cl.write.1.tlog
c:\usr\w32\extk-1.1\build-w32\libpixman\win32\release\libpixman.tlog\lib-link.read.1.tlog
c:\usr\w32\extk-1.1\build-w32\libpixman\win32\release\libpixman.tlog\lib-link.write.1.tlog
c:\usr\w32\extk-1.1\build-w32\libpixman\win32\release\libpixman.tlog\lib.command.1.tlog
