c:\usr\w32\extk-1.1\build-w32\libpng\win32\release\libpng.pdb
c:\usr\w32\extk-1.1\build-w32\libpng\win32\release\pngwutil.obj
c:\usr\w32\extk-1.1\build-w32\libpng\win32\release\pngwtran.obj
c:\usr\w32\extk-1.1\build-w32\libpng\win32\release\pngwrite.obj
c:\usr\w32\extk-1.1\build-w32\libpng\win32\release\pngwio.obj
c:\usr\w32\extk-1.1\build-w32\libpng\win32\release\pngtrans.obj
c:\usr\w32\extk-1.1\build-w32\libpng\win32\release\pngset.obj
c:\usr\w32\extk-1.1\build-w32\libpng\win32\release\pngrutil.obj
c:\usr\w32\extk-1.1\build-w32\libpng\win32\release\pngrtran.obj
c:\usr\w32\extk-1.1\build-w32\libpng\win32\release\pngrio.obj
c:\usr\w32\extk-1.1\build-w32\libpng\win32\release\pngread.obj
c:\usr\w32\extk-1.1\build-w32\libpng\win32\release\pngpread.obj
c:\usr\w32\extk-1.1\build-w32\libpng\win32\release\pngmem.obj
c:\usr\w32\extk-1.1\build-w32\libpng\win32\release\pngget.obj
c:\usr\w32\extk-1.1\build-w32\libpng\win32\release\pngerror.obj
c:\usr\w32\extk-1.1\build-w32\libpng\win32\release\png.obj
c:\usr\w32\extk-1.1\build-w32\libpng\win32\release\libpng.lib
c:\usr\w32\extk-1.1\build-w32\libpng\win32\release\libpng.tlog\cl.command.1.tlog
c:\usr\w32\extk-1.1\build-w32\libpng\win32\release\libpng.tlog\cl.read.1.tlog
c:\usr\w32\extk-1.1\build-w32\libpng\win32\release\libpng.tlog\cl.write.1.tlog
c:\usr\w32\extk-1.1\build-w32\libpng\win32\release\libpng.tlog\lib-link.read.1.tlog
c:\usr\w32\extk-1.1\build-w32\libpng\win32\release\libpng.tlog\lib-link.write.1.tlog
c:\usr\w32\extk-1.1\build-w32\libpng\win32\release\libpng.tlog\lib.command.1.tlog
