c:\usr\w32\extk-1.1\build-w32\libcairo\win32\release\libcairo.pdb
c:\usr\w32\extk-1.1\build-w32\libcairo\win32\release\cairo-color.obj
c:\usr\w32\extk-1.1\build-w32\libcairo\win32\release\cairo-clip.obj
c:\usr\w32\extk-1.1\build-w32\libcairo\win32\release\cairo-clip-tor-scan-converter.obj
c:\usr\w32\extk-1.1\build-w32\libcairo\win32\release\cairo-clip-surface.obj
c:\usr\w32\extk-1.1\build-w32\libcairo\win32\release\cairo-clip-region.obj
c:\usr\w32\extk-1.1\build-w32\libcairo\win32\release\cairo-clip-polygon.obj
c:\usr\w32\extk-1.1\build-w32\libcairo\win32\release\cairo-clip-boxes.obj
c:\usr\w32\extk-1.1\build-w32\libcairo\win32\release\cairo-cache.obj
c:\usr\w32\extk-1.1\build-w32\libcairo\win32\release\cairo-boxes.obj
c:\usr\w32\extk-1.1\build-w32\libcairo\win32\release\cairo-boxes-intersect.obj
c:\usr\w32\extk-1.1\build-w32\libcairo\win32\release\cairo-botor-scan-converter.obj
c:\usr\w32\extk-1.1\build-w32\libcairo\win32\release\cairo-bentley-ottmann.obj
c:\usr\w32\extk-1.1\build-w32\libcairo\win32\release\cairo-bentley-ottmann-rectilinear.obj
c:\usr\w32\extk-1.1\build-w32\libcairo\win32\release\cairo-bentley-ottmann-rectangular.obj
c:\usr\w32\extk-1.1\build-w32\libcairo\win32\release\cairo-base85-stream.obj
c:\usr\w32\extk-1.1\build-w32\libcairo\win32\release\cairo-base64-stream.obj
c:\usr\w32\extk-1.1\build-w32\libcairo\win32\release\cairo-atomic.obj
c:\usr\w32\extk-1.1\build-w32\libcairo\win32\release\cairo-array.obj
c:\usr\w32\extk-1.1\build-w32\libcairo\win32\release\cairo-arc.obj
c:\usr\w32\extk-1.1\build-w32\libcairo\win32\release\cairo-analysis-surface.obj
c:\usr\w32\extk-1.1\build-w32\libcairo\win32\release\cairo-image-info.obj
c:\usr\w32\extk-1.1\build-w32\libcairo\win32\release\cairo-image-compositor.obj
c:\usr\w32\extk-1.1\build-w32\libcairo\win32\release\cairo-hull.obj
c:\usr\w32\extk-1.1\build-w32\libcairo\win32\release\cairo-hash.obj
c:\usr\w32\extk-1.1\build-w32\libcairo\win32\release\cairo-gstate.obj
c:\usr\w32\extk-1.1\build-w32\libcairo\win32\release\cairo-ft-font.obj
c:\usr\w32\extk-1.1\build-w32\libcairo\win32\release\cairo-freelist.obj
c:\usr\w32\extk-1.1\build-w32\libcairo\win32\release\cairo-font-options.obj
c:\usr\w32\extk-1.1\build-w32\libcairo\win32\release\cairo-font-face.obj
c:\usr\w32\extk-1.1\build-w32\libcairo\win32\release\cairo-font-face-twin.obj
c:\usr\w32\extk-1.1\build-w32\libcairo\win32\release\cairo-font-face-twin-data.obj
c:\usr\w32\extk-1.1\build-w32\libcairo\win32\release\cairo-fallback-compositor.obj
c:\usr\w32\extk-1.1\build-w32\libcairo\win32\release\cairo-error.obj
c:\usr\w32\extk-1.1\build-w32\libcairo\win32\release\cairo-device.obj
c:\usr\w32\extk-1.1\build-w32\libcairo\win32\release\cairo-default-context.obj
c:\usr\w32\extk-1.1\build-w32\libcairo\win32\release\cairo-debug.obj
c:\usr\w32\extk-1.1\build-w32\libcairo\win32\release\cairo-damage.obj
c:\usr\w32\extk-1.1\build-w32\libcairo\win32\release\cairo-contour.obj
c:\usr\w32\extk-1.1\build-w32\libcairo\win32\release\cairo-compositor.obj
c:\usr\w32\extk-1.1\build-w32\libcairo\win32\release\cairo-composite-rectangles.obj
c:\usr\w32\extk-1.1\build-w32\libcairo\win32\release\cairo-path-stroke-boxes.obj
c:\usr\w32\extk-1.1\build-w32\libcairo\win32\release\cairo-path-in-fill.obj
c:\usr\w32\extk-1.1\build-w32\libcairo\win32\release\cairo-path-fixed.obj
c:\usr\w32\extk-1.1\build-w32\libcairo\win32\release\cairo-path-fill.obj
c:\usr\w32\extk-1.1\build-w32\libcairo\win32\release\cairo-path-bounds.obj
c:\usr\w32\extk-1.1\build-w32\libcairo\win32\release\cairo-paginated-surface.obj
c:\usr\w32\extk-1.1\build-w32\libcairo\win32\release\cairo-output-stream.obj
c:\usr\w32\extk-1.1\build-w32\libcairo\win32\release\cairo-observer.obj
c:\usr\w32\extk-1.1\build-w32\libcairo\win32\release\cairo-no-compositor.obj
c:\usr\w32\extk-1.1\build-w32\libcairo\win32\release\cairo-mutex.obj
c:\usr\w32\extk-1.1\build-w32\libcairo\win32\release\cairo-mono-scan-converter.obj
c:\usr\w32\extk-1.1\build-w32\libcairo\win32\release\cairo-misc.obj
c:\usr\w32\extk-1.1\build-w32\libcairo\win32\release\cairo-mesh-pattern-rasterizer.obj
c:\usr\w32\extk-1.1\build-w32\libcairo\win32\release\cairo-mempool.obj
c:\usr\w32\extk-1.1\build-w32\libcairo\win32\release\cairo-matrix.obj
c:\usr\w32\extk-1.1\build-w32\libcairo\win32\release\cairo-mask-compositor.obj
c:\usr\w32\extk-1.1\build-w32\libcairo\win32\release\cairo-lzw.obj
c:\usr\w32\extk-1.1\build-w32\libcairo\win32\release\cairo-line.obj
c:\usr\w32\extk-1.1\build-w32\libcairo\win32\release\cairo-image-surface.obj
c:\usr\w32\extk-1.1\build-w32\libcairo\win32\release\cairo-image-source.obj
c:\usr\w32\extk-1.1\build-w32\libcairo\win32\release\cairo-slope.obj
c:\usr\w32\extk-1.1\build-w32\libcairo\win32\release\cairo-shape-mask-compositor.obj
c:\usr\w32\extk-1.1\build-w32\libcairo\win32\release\cairo-scaled-font.obj
c:\usr\w32\extk-1.1\build-w32\libcairo\win32\release\cairo-rtree.obj
c:\usr\w32\extk-1.1\build-w32\libcairo\win32\release\cairo-region.obj
c:\usr\w32\extk-1.1\build-w32\libcairo\win32\release\cairo-rectangular-scan-converter.obj
c:\usr\w32\extk-1.1\build-w32\libcairo\win32\release\cairo-rectangle.obj
c:\usr\w32\extk-1.1\build-w32\libcairo\win32\release\cairo-recording-surface.obj
c:\usr\w32\extk-1.1\build-w32\libcairo\win32\release\cairo-raster-source-pattern.obj
c:\usr\w32\extk-1.1\build-w32\libcairo\win32\release\cairo-polygon.obj
c:\usr\w32\extk-1.1\build-w32\libcairo\win32\release\cairo-polygon-reduce.obj
c:\usr\w32\extk-1.1\build-w32\libcairo\win32\release\cairo-polygon-intersect.obj
c:\usr\w32\extk-1.1\build-w32\libcairo\win32\release\cairo-png.obj
c:\usr\w32\extk-1.1\build-w32\libcairo\win32\release\cairo-pen.obj
c:\usr\w32\extk-1.1\build-w32\libcairo\win32\release\cairo-pattern.obj
c:\usr\w32\extk-1.1\build-w32\libcairo\win32\release\cairo-path.obj
c:\usr\w32\extk-1.1\build-w32\libcairo\win32\release\cairo-path-stroke.obj
c:\usr\w32\extk-1.1\build-w32\libcairo\win32\release\cairo-path-stroke-tristrip.obj
c:\usr\w32\extk-1.1\build-w32\libcairo\win32\release\cairo-path-stroke-traps.obj
c:\usr\w32\extk-1.1\build-w32\libcairo\win32\release\cairo-path-stroke-polygon.obj
c:\usr\w32\extk-1.1\build-w32\libcairo\win32\release\cairo-tristrip.obj
c:\usr\w32\extk-1.1\build-w32\libcairo\win32\release\cairo-traps.obj
c:\usr\w32\extk-1.1\build-w32\libcairo\win32\release\cairo-traps-compositor.obj
c:\usr\w32\extk-1.1\build-w32\libcairo\win32\release\cairo-toy-font-face.obj
c:\usr\w32\extk-1.1\build-w32\libcairo\win32\release\cairo-tor22-scan-converter.obj
c:\usr\w32\extk-1.1\build-w32\libcairo\win32\release\cairo-tor-scan-converter.obj
c:\usr\w32\extk-1.1\build-w32\libcairo\win32\release\cairo-time.obj
c:\usr\w32\extk-1.1\build-w32\libcairo\win32\release\cairo-surface.obj
c:\usr\w32\extk-1.1\build-w32\libcairo\win32\release\cairo-surface-wrapper.obj
c:\usr\w32\extk-1.1\build-w32\libcairo\win32\release\cairo-surface-subsurface.obj
c:\usr\w32\extk-1.1\build-w32\libcairo\win32\release\cairo-surface-snapshot.obj
c:\usr\w32\extk-1.1\build-w32\libcairo\win32\release\cairo-surface-offset.obj
c:\usr\w32\extk-1.1\build-w32\libcairo\win32\release\cairo-surface-observer.obj
c:\usr\w32\extk-1.1\build-w32\libcairo\win32\release\cairo-surface-fallback.obj
c:\usr\w32\extk-1.1\build-w32\libcairo\win32\release\cairo-surface-clipper.obj
c:\usr\w32\extk-1.1\build-w32\libcairo\win32\release\cairo-stroke-style.obj
c:\usr\w32\extk-1.1\build-w32\libcairo\win32\release\cairo-stroke-dash.obj
c:\usr\w32\extk-1.1\build-w32\libcairo\win32\release\cairo-spline.obj
c:\usr\w32\extk-1.1\build-w32\libcairo\win32\release\cairo-spans.obj
c:\usr\w32\extk-1.1\build-w32\libcairo\win32\release\cairo-spans-compositor.obj
c:\usr\w32\extk-1.1\build-w32\libcairo\win32\release\cairo.obj
c:\usr\w32\extk-1.1\build-w32\libcairo\win32\release\cairo-wideint.obj
c:\usr\w32\extk-1.1\build-w32\libcairo\win32\release\cairo-version.obj
c:\usr\w32\extk-1.1\build-w32\libcairo\win32\release\cairo-user-font.obj
c:\usr\w32\extk-1.1\build-w32\libcairo\win32\release\cairo-unicode.obj
c:\usr\w32\extk-1.1\build-w32\libcairo\win32\release\libcairo.lib
c:\usr\w32\extk-1.1\build-w32\libcairo\win32\release\libcairo.tlog\cl.command.1.tlog
c:\usr\w32\extk-1.1\build-w32\libcairo\win32\release\libcairo.tlog\cl.read.1.tlog
c:\usr\w32\extk-1.1\build-w32\libcairo\win32\release\libcairo.tlog\cl.write.1.tlog
c:\usr\w32\extk-1.1\build-w32\libcairo\win32\release\libcairo.tlog\lib-link.read.1.tlog
c:\usr\w32\extk-1.1\build-w32\libcairo\win32\release\libcairo.tlog\lib-link.write.1.tlog
c:\usr\w32\extk-1.1\build-w32\libcairo\win32\release\libcairo.tlog\lib.command.1.tlog
