c:\usr\w32\extk-1.1\build-w32\libex\win32\release\libex.pdb
c:\usr\w32\extk-1.1\build-w32\libex\win32\release\exgeomet.obj
c:\usr\w32\extk-1.1\build-w32\libex\win32\release\exgdiobj.obj
c:\usr\w32\extk-1.1\build-w32\libex\win32\release\exevent.obj
c:\usr\w32\extk-1.1\build-w32\libex\win32\release\exerror.obj
c:\usr\w32\extk-1.1\build-w32\libex\win32\release\exdraw_p.obj
c:\usr\w32\extk-1.1\build-w32\libex\win32\release\exdraw.obj
c:\usr\w32\extk-1.1\build-w32\libex\win32\release\exdnd.obj
c:\usr\w32\extk-1.1\build-w32\libex\win32\release\exdisp.obj
c:\usr\w32\extk-1.1\build-w32\libex\win32\release\exdialog.obj
c:\usr\w32\extk-1.1\build-w32\libex\win32\release\exdevice.obj
c:\usr\w32\extk-1.1\build-w32\libex\win32\release\exdebug.obj
c:\usr\w32\extk-1.1\build-w32\libex\win32\release\excore_p.obj
c:\usr\w32\extk-1.1\build-w32\libex\win32\release\excore.obj
c:\usr\w32\extk-1.1\build-w32\libex\win32\release\excolor.obj
c:\usr\w32\extk-1.1\build-w32\libex\win32\release\excallback_p.obj
c:\usr\w32\extk-1.1\build-w32\libex\win32\release\excallback.obj
c:\usr\w32\extk-1.1\build-w32\libex\win32\release\excairo.obj
c:\usr\w32\extk-1.1\build-w32\libex\win32\release\exbutton.obj
c:\usr\w32\extk-1.1\build-w32\libex\win32\release\exarg.obj
c:\usr\w32\extk-1.1\build-w32\libex\win32\release\exapp.obj
c:\usr\w32\extk-1.1\build-w32\libex\win32\release\exsignal.obj
c:\usr\w32\extk-1.1\build-w32\libex\win32\release\exsearch.obj
c:\usr\w32\extk-1.1\build-w32\libex\win32\release\exscreen.obj
c:\usr\w32\extk-1.1\build-w32\libex\win32\release\exregpoly_p.obj
c:\usr\w32\extk-1.1\build-w32\libex\win32\release\exregion_p.obj
c:\usr\w32\extk-1.1\build-w32\libex\win32\release\exregion.obj
c:\usr\w32\extk-1.1\build-w32\libex\win32\release\exposix.obj
c:\usr\w32\extk-1.1\build-w32\libex\win32\release\expixmap.obj
c:\usr\w32\extk-1.1\build-w32\libex\win32\release\exobject.obj
c:\usr\w32\extk-1.1\build-w32\libex\win32\release\exmemory.obj
c:\usr\w32\extk-1.1\build-w32\libex\win32\release\exlist.obj
c:\usr\w32\extk-1.1\build-w32\libex\win32\release\exlabel.obj
c:\usr\w32\extk-1.1\build-w32\libex\win32\release\exinput.obj
c:\usr\w32\extk-1.1\build-w32\libex\win32\release\eximage.obj
c:\usr\w32\extk-1.1\build-w32\libex\win32\release\exim-io-png.obj
c:\usr\w32\extk-1.1\build-w32\libex\win32\release\exim-io-jpg.obj
c:\usr\w32\extk-1.1\build-w32\libex\win32\release\exim-io-gif.obj
c:\usr\w32\extk-1.1\build-w32\libex\win32\release\exim-io-bmp.obj
c:\usr\w32\extk-1.1\build-w32\libex\win32\release\exim-draw.obj
c:\usr\w32\extk-1.1\build-w32\libex\win32\release\exgraph.obj
c:\usr\w32\extk-1.1\build-w32\libex\win32\release\exwindow.obj
c:\usr\w32\extk-1.1\build-w32\libex\win32\release\exwidget.obj
c:\usr\w32\extk-1.1\build-w32\libex\win32\release\exvisual.obj
c:\usr\w32\extk-1.1\build-w32\libex\win32\release\exutil.obj
c:\usr\w32\extk-1.1\build-w32\libex\win32\release\exutf8.obj
c:\usr\w32\extk-1.1\build-w32\libex\win32\release\exuniprop.obj
c:\usr\w32\extk-1.1\build-w32\libex\win32\release\exunicode.obj
c:\usr\w32\extk-1.1\build-w32\libex\win32\release\exunibreak.obj
c:\usr\w32\extk-1.1\build-w32\libex\win32\release\extimer.obj
c:\usr\w32\extk-1.1\build-w32\libex\win32\release\exthread.obj
c:\usr\w32\extk-1.1\build-w32\libex\win32\release\extest.obj
c:\usr\w32\extk-1.1\build-w32\libex\win32\release\exstyle.obj
c:\usr\w32\extk-1.1\build-w32\libex\win32\release\exstuff.obj
c:\usr\w32\extk-1.1\build-w32\libex\win32\release\exslice.obj
c:\usr\w32\extk-1.1\build-w32\libex\win32\release\libex.lib
c:\usr\w32\extk-1.1\build-w32\libex\win32\release\libex.tlog\cl.command.1.tlog
c:\usr\w32\extk-1.1\build-w32\libex\win32\release\libex.tlog\cl.read.1.tlog
c:\usr\w32\extk-1.1\build-w32\libex\win32\release\libex.tlog\cl.write.1.tlog
c:\usr\w32\extk-1.1\build-w32\libex\win32\release\libex.tlog\lib-link.read.1.tlog
c:\usr\w32\extk-1.1\build-w32\libex\win32\release\libex.tlog\lib-link.write.1.tlog
c:\usr\w32\extk-1.1\build-w32\libex\win32\release\libex.tlog\lib.command.1.tlog
