  tif_aux.c
c:\usr\w32\extk-1.1\tiff-3.8.2\libtiff\tif_aux.c(40): warning C4267: 'initializing': conversion from 'size_t' to 'tsize_t', possible loss of data
  tif_close.c
  tif_codec.c
  tif_color.c
  tif_compress.c
c:\usr\w32\extk-1.1\tiff-3.8.2\libtiff\tif_compress.c(195): warning C4267: 'function': conversion from 'size_t' to 'tsize_t', possible loss of data
  tif_dir.c
c:\usr\w32\extk-1.1\tiff-3.8.2\libtiff\tif_dir.c(49): warning C4267: 'initializing': conversion from 'size_t' to 'tsize_t', possible loss of data
c:\usr\w32\extk-1.1\tiff-3.8.2\libtiff\tif_dir.c(109): warning C4244: 'return': conversion from '__int64' to 'uint32', possible loss of data
  tif_dirinfo.c
c:\usr\w32\extk-1.1\tiff-3.8.2\libtiff\tif_dirinfo.c(545): warning C4267: 'function': conversion from 'size_t' to 'int', possible loss of data
c:\usr\w32\extk-1.1\tiff-3.8.2\libtiff\tif_dirinfo.c(580): warning C4267: 'function': conversion from 'size_t' to 'tsize_t', possible loss of data
c:\usr\w32\extk-1.1\tiff-3.8.2\libtiff\tif_dirinfo.c(727): warning C4267: '=': conversion from 'size_t' to 'int', possible loss of data
c:\usr\w32\extk-1.1\tiff-3.8.2\libtiff\tif_dirinfo.c(756): warning C4133: 'function': incompatible types - from 'size_t *' to 'unsigned int *'
c:\usr\w32\extk-1.1\tiff-3.8.2\libtiff\tif_dirinfo.c(761): warning C4267: '=': conversion from 'size_t' to 'int', possible loss of data
c:\usr\w32\extk-1.1\tiff-3.8.2\libtiff\tif_dirinfo.c(754): warning C4996: '_lfind': The POSIX name for this item is deprecated. Instead, use the ISO C and C++ conformant name: _lfind. See online help for details.
  c:\program files (x86)\windows kits\10\include\10.0.17763.0\ucrt\corecrt_search.h(74): note: see declaration of '_lfind'
  tif_dirread.c
  tif_dirwrite.c
c:\usr\w32\extk-1.1\tiff-3.8.2\libtiff\tif_dirwrite.c(176): warning C4267: '=': conversion from 'size_t' to 'int', possible loss of data
c:\usr\w32\extk-1.1\tiff-3.8.2\libtiff\tif_dirwrite.c(1011): warning C4334: '<<': result of 32-bit shift implicitly converted to 64 bits (was 64-bit shift intended?)
  tif_dumpmode.c
  tif_error.c
  tif_extension.c
c:\usr\w32\extk-1.1\tiff-3.8.2\libtiff\tif_extension.c(105): warning C4267: 'function': conversion from 'size_t' to 'tsize_t', possible loss of data
  tif_fax3.c
c:\usr\w32\extk-1.1\tiff-3.8.2\libtiff\tif_fax3.c(257): warning C4244: '-=': conversion from '__int64' to 'tsize_t', possible loss of data
c:\usr\w32\extk-1.1\tiff-3.8.2\libtiff\tif_fax3.c(260): warning C4244: '-=': conversion from '__int64' to 'tsize_t', possible loss of data
c:\usr\w32\extk-1.1\tiff-3.8.2\libtiff\tif_fax3.c(311): warning C4244: '-=': conversion from '__int64' to 'tsize_t', possible loss of data
c:\usr\w32\extk-1.1\tiff-3.8.2\libtiff\tif_fax3.c(314): warning C4244: '-=': conversion from '__int64' to 'tsize_t', possible loss of data
c:\usr\w32\extk-1.1\tiff-3.8.2\libtiff\tif_fax3.c(393): warning C4311: 'type cast': pointer truncation from 'unsigned char *' to 'unsigned long'
c:\usr\w32\extk-1.1\tiff-3.8.2\libtiff\tif_fax3.c(428): warning C4311: 'type cast': pointer truncation from 'unsigned char *' to 'unsigned long'
c:\usr\w32\extk-1.1\tiff-3.8.2\libtiff\tif_fax3.c(803): warning C4311: 'type cast': pointer truncation from 'unsigned char *' to 'unsigned long'
c:\usr\w32\extk-1.1\tiff-3.8.2\libtiff\tif_fax3.c(862): warning C4311: 'type cast': pointer truncation from 'unsigned char *' to 'unsigned long'
c:\usr\w32\extk-1.1\tiff-3.8.2\libtiff\tif_fax3.c(937): warning C4311: 'type cast': pointer truncation from 'tidata_t' to 'unsigned long'
c:\usr\w32\extk-1.1\tiff-3.8.2\libtiff\tif_fax3.c(1415): warning C4244: '-=': conversion from '__int64' to 'tsize_t', possible loss of data
c:\usr\w32\extk-1.1\tiff-3.8.2\libtiff\tif_fax3.c(1418): warning C4244: '-=': conversion from '__int64' to 'tsize_t', possible loss of data
c:\usr\w32\extk-1.1\tiff-3.8.2\libtiff\tif_fax3.c(1515): warning C4311: 'type cast': pointer truncation from 'unsigned char *' to 'unsigned long'
c:\usr\w32\extk-1.1\tiff-3.8.2\libtiff\tif_fax3.c(1524): warning C4244: '-=': conversion from '__int64' to 'tsize_t', possible loss of data
c:\usr\w32\extk-1.1\tiff-3.8.2\libtiff\tif_fax3.c(1527): warning C4244: '-=': conversion from '__int64' to 'tsize_t', possible loss of data
  tif_fax3sm.c
  tif_flush.c
  tif_getimage.c
  tif_jpeg.c
c:\usr\w32\extk-1.1\tiff-3.8.2\libtiff\tif_jpeg.c(481): warning C4267: '-=': conversion from 'size_t' to 'uint32', possible loss of data
  tif_luv.c
c:\usr\w32\extk-1.1\tiff-3.8.2\libtiff\tif_luv.c(1167): warning C4267: 'initializing': conversion from 'size_t' to 'uint32', possible loss of data
  tif_lzw.c
  tif_next.c
  Generating Code...
  Compiling...
  tif_ojpeg.c
  tif_open.c
c:\usr\w32\extk-1.1\tiff-3.8.2\libtiff\tif_open.c(161): warning C4267: 'function': conversion from 'size_t' to 'tsize_t', possible loss of data
  tif_packbits.c
c:\usr\w32\extk-1.1\tiff-3.8.2\libtiff\tif_packbits.c(101): warning C4244: '=': conversion from '__int64' to 'long', possible loss of data
c:\usr\w32\extk-1.1\tiff-3.8.2\libtiff\tif_packbits.c(102): warning C4244: '+=': conversion from '__int64' to 'tsize_t', possible loss of data
c:\usr\w32\extk-1.1\tiff-3.8.2\libtiff\tif_packbits.c(110): warning C4244: '+=': conversion from '__int64' to 'tsize_t', possible loss of data
c:\usr\w32\extk-1.1\tiff-3.8.2\libtiff\tif_packbits.c(186): warning C4244: '+=': conversion from '__int64' to 'tsize_t', possible loss of data
  tif_pixarlog.c
c:\usr\w32\extk-1.1\tiff-3.8.2\libtiff\tif_pixarlog.c(637): warning C4267: 'initializing': conversion from 'size_t' to 'uint32', possible loss of data
  tif_predict.c
  tif_print.c
  tif_read.c
  tif_strip.c
c:\usr\w32\extk-1.1\tiff-3.8.2\libtiff\tif_strip.c(41): warning C4267: 'initializing': conversion from 'size_t' to 'uint32', possible loss of data
c:\usr\w32\extk-1.1\tiff-3.8.2\libtiff\tif_strip.c(54): warning C4267: 'initializing': conversion from 'size_t' to 'uint32', possible loss of data
  tif_swab.c
  tif_thunder.c
  tif_tile.c
c:\usr\w32\extk-1.1\tiff-3.8.2\libtiff\tif_tile.c(41): warning C4267: 'initializing': conversion from 'size_t' to 'uint32', possible loss of data
c:\usr\w32\extk-1.1\tiff-3.8.2\libtiff\tif_tile.c(54): warning C4267: 'initializing': conversion from 'size_t' to 'uint32', possible loss of data
  tif_version.c
  tif_warning.c
  tif_write.c
  tif_zip.c
  Generating Code...
  libtiff.vcxproj -> C:\usr\w32\extk-1.1\build-w32\libtiff\x64\Debug\libtiff.lib
  0개 파일이 복사되었습니다.
  x64\Debug\libtiff.lib
  1개 파일이 복사되었습니다.
