  autofit.c
c:\usr\w32\extk-1.1\freetype-2.4.8\src\autofit\afglobal.c(280): warning C4267: 'function': conversion from 'size_t' to 'FT_Long', possible loss of data
  ftbase.c
  ftbbox.c
  ftbitmap.c
  ftdebug.c
  ftfstype.c
  ftgasp.c
  ftglyph.c
  ftinit.c
  ftmm.c
  ftpfr.c
  ftstroke.c
  ftsynth.c
  ftsystem.c
  fttype1.c
  ftwinfnt.c
  bdf.c
c:\usr\w32\extk-1.1\freetype-2.4.8\src\bdf\bdflib.c(722): warning C4244: 'function': conversion from 'ptrdiff_t' to 'unsigned long', possible loss of data
c:\usr\w32\extk-1.1\freetype-2.4.8\src\bdf\bdflib.c(726): warning C4244: 'function': conversion from 'ptrdiff_t' to 'unsigned long', possible loss of data
c:\usr\w32\extk-1.1\freetype-2.4.8\src\bdf\bdflib.c(1004): warning C4267: 'function': conversion from 'size_t' to 'FT_Long', possible loss of data
c:\usr\w32\extk-1.1\freetype-2.4.8\src\bdf\bdflib.c(1171): warning C4267: 'function': conversion from 'size_t' to 'unsigned long', possible loss of data
c:\usr\w32\extk-1.1\freetype-2.4.8\src\bdf\bdfdrivr.c(269): warning C4267: 'function': conversion from 'size_t' to 'FT_Long', possible loss of data
  cff.c
c:\usr\w32\extk-1.1\freetype-2.4.8\src\cff\cffobjs.c(404): warning C4267: 'initializing': conversion from 'size_t' to 'FT_Int32', possible loss of data
c:\usr\w32\extk-1.1\freetype-2.4.8\src\cff\cffobjs.c(441): warning C4267: '=': conversion from 'size_t' to 'FT_Int32', possible loss of data
c:\usr\w32\extk-1.1\freetype-2.4.8\src\cff\cffobjs.c(442): warning C4267: '=': conversion from 'size_t' to 'FT_Int32', possible loss of data
  type1cid.c
c:\usr\w32\extk-1.1\freetype-2.4.8\src\cid\cidparse.c(120): warning C4244: '+=': conversion from '__int64' to 'FT_ULong', possible loss of data
c:\usr\w32\extk-1.1\freetype-2.4.8\src\cid\cidparse.c(125): warning C4244: '+=': conversion from '__int64' to 'FT_ULong', possible loss of data
  ftgzip.c
c:\usr\w32\extk-1.1\freetype-2.4.8\src\gzip\infcodes.c(122): warning C4244: '+=': conversion from '__int64' to 'uLong', possible loss of data
c:\usr\w32\extk-1.1\freetype-2.4.8\src\gzip\infcodes.c(157): warning C4244: '+=': conversion from '__int64' to 'uLong', possible loss of data
c:\usr\w32\extk-1.1\freetype-2.4.8\src\gzip\infcodes.c(160): warning C4244: '+=': conversion from '__int64' to 'uLong', possible loss of data
c:\usr\w32\extk-1.1\freetype-2.4.8\src\gzip\infcodes.c(169): warning C4244: '+=': conversion from '__int64' to 'uLong', possible loss of data
c:\usr\w32\extk-1.1\freetype-2.4.8\src\gzip\infcodes.c(189): warning C4244: '+=': conversion from '__int64' to 'uLong', possible loss of data
c:\usr\w32\extk-1.1\freetype-2.4.8\src\gzip\infcodes.c(192): warning C4244: '+=': conversion from '__int64' to 'uLong', possible loss of data
c:\usr\w32\extk-1.1\freetype-2.4.8\src\gzip\infcodes.c(203): warning C4244: '+=': conversion from '__int64' to 'uLong', possible loss of data
c:\usr\w32\extk-1.1\freetype-2.4.8\src\gzip\infcodes.c(212): warning C4244: '+=': conversion from '__int64' to 'uLong', possible loss of data
c:\usr\w32\extk-1.1\freetype-2.4.8\src\gzip\infcodes.c(226): warning C4244: '+=': conversion from '__int64' to 'uLong', possible loss of data
c:\usr\w32\extk-1.1\freetype-2.4.8\src\gzip\infcodes.c(230): warning C4244: '+=': conversion from '__int64' to 'uLong', possible loss of data
c:\usr\w32\extk-1.1\freetype-2.4.8\src\gzip\infcodes.c(233): warning C4244: '+=': conversion from '__int64' to 'uLong', possible loss of data
c:\usr\w32\extk-1.1\freetype-2.4.8\src\gzip\infcodes.c(236): warning C4244: '+=': conversion from '__int64' to 'uLong', possible loss of data
c:\usr\w32\extk-1.1\freetype-2.4.8\src\gzip\infblock.c(139): warning C4244: '+=': conversion from '__int64' to 'uLong', possible loss of data
c:\usr\w32\extk-1.1\freetype-2.4.8\src\gzip\infblock.c(165): warning C4244: '+=': conversion from '__int64' to 'uLong', possible loss of data
c:\usr\w32\extk-1.1\freetype-2.4.8\src\gzip\infblock.c(182): warning C4244: '+=': conversion from '__int64' to 'uLong', possible loss of data
c:\usr\w32\extk-1.1\freetype-2.4.8\src\gzip\infblock.c(186): warning C4244: '+=': conversion from '__int64' to 'uLong', possible loss of data
c:\usr\w32\extk-1.1\freetype-2.4.8\src\gzip\infblock.c(192): warning C4244: '+=': conversion from '__int64' to 'uLong', possible loss of data
c:\usr\w32\extk-1.1\freetype-2.4.8\src\gzip\infblock.c(201): warning C4244: '+=': conversion from '__int64' to 'uLong', possible loss of data
c:\usr\w32\extk-1.1\freetype-2.4.8\src\gzip\infblock.c(202): warning C4244: '+=': conversion from '__int64' to 'uLong', possible loss of data
c:\usr\w32\extk-1.1\freetype-2.4.8\src\gzip\infblock.c(217): warning C4244: '+=': conversion from '__int64' to 'uLong', possible loss of data
c:\usr\w32\extk-1.1\freetype-2.4.8\src\gzip\infblock.c(225): warning C4244: '+=': conversion from '__int64' to 'uLong', possible loss of data
c:\usr\w32\extk-1.1\freetype-2.4.8\src\gzip\infblock.c(232): warning C4244: '+=': conversion from '__int64' to 'uLong', possible loss of data
c:\usr\w32\extk-1.1\freetype-2.4.8\src\gzip\infblock.c(241): warning C4244: '+=': conversion from '__int64' to 'uLong', possible loss of data
c:\usr\w32\extk-1.1\freetype-2.4.8\src\gzip\infblock.c(258): warning C4244: '+=': conversion from '__int64' to 'uLong', possible loss of data
c:\usr\w32\extk-1.1\freetype-2.4.8\src\gzip\infblock.c(271): warning C4244: '+=': conversion from '__int64' to 'uLong', possible loss of data
c:\usr\w32\extk-1.1\freetype-2.4.8\src\gzip\infblock.c(284): warning C4244: '+=': conversion from '__int64' to 'uLong', possible loss of data
c:\usr\w32\extk-1.1\freetype-2.4.8\src\gzip\infblock.c(297): warning C4244: '+=': conversion from '__int64' to 'uLong', possible loss of data
c:\usr\w32\extk-1.1\freetype-2.4.8\src\gzip\infblock.c(326): warning C4244: '+=': conversion from '__int64' to 'uLong', possible loss of data
c:\usr\w32\extk-1.1\freetype-2.4.8\src\gzip\infblock.c(332): warning C4244: '+=': conversion from '__int64' to 'uLong', possible loss of data
c:\usr\w32\extk-1.1\freetype-2.4.8\src\gzip\infblock.c(339): warning C4244: '+=': conversion from '__int64' to 'uLong', possible loss of data
c:\usr\w32\extk-1.1\freetype-2.4.8\src\gzip\infblock.c(357): warning C4244: '+=': conversion from '__int64' to 'uLong', possible loss of data
c:\usr\w32\extk-1.1\freetype-2.4.8\src\gzip\infblock.c(361): warning C4244: '+=': conversion from '__int64' to 'uLong', possible loss of data
c:\usr\w32\extk-1.1\freetype-2.4.8\src\gzip\infblock.c(364): warning C4244: '+=': conversion from '__int64' to 'uLong', possible loss of data
c:\usr\w32\extk-1.1\freetype-2.4.8\src\gzip\infblock.c(367): warning C4244: '+=': conversion from '__int64' to 'uLong', possible loss of data
  Generating Code...
  Compiling...
  ftlzw.c
c:\usr\w32\extk-1.1\freetype-2.4.8\src\lzw\ftzopen.c(136): warning C4267: 'function': conversion from 'size_t' to 'FT_Long', possible loss of data
  pcf.c
c:\usr\w32\extk-1.1\freetype-2.4.8\src\pcf\pcfread.c(1062): warning C4267: 'function': conversion from 'size_t' to 'FT_Long', possible loss of data
c:\usr\w32\extk-1.1\freetype-2.4.8\src\pcf\pcfdrivr.c(536): warning C4267: 'function': conversion from 'size_t' to 'FT_ULong', possible loss of data
c:\usr\w32\extk-1.1\freetype-2.4.8\src\pcf\pcfdrivr.c(541): warning C4267: 'function': conversion from 'size_t' to 'FT_ULong', possible loss of data
  pfr.c
c:\usr\w32\extk-1.1\freetype-2.4.8\src\pfr\pfrload.c(460): warning C4244: 'function': conversion from 'FT_PtrDist' to 'FT_Long', possible loss of data
c:\usr\w32\extk-1.1\freetype-2.4.8\src\pfr\pfrobjs.c(506): warning C4267: 'function': conversion from 'size_t' to 'FT_ULong', possible loss of data
  psaux.c
c:\usr\w32\extk-1.1\freetype-2.4.8\src\psaux\psobjs.c(205): warning C4267: 'function': conversion from 'size_t' to 'FT_Long', possible loss of data
c:\usr\w32\extk-1.1\freetype-2.4.8\src\psaux\psobjs.c(251): warning C4267: 'function': conversion from 'size_t' to 'FT_Long', possible loss of data
c:\usr\w32\extk-1.1\freetype-2.4.8\src\psaux\afmparse.c(404): warning C4267: 'function': conversion from 'size_t' to 'FT_Long', possible loss of data
  pshinter.c
  psmodule.c
  raster.c
c:\usr\w32\extk-1.1\freetype-2.4.8\src\raster\ftraster.c(3490): warning C4244: '=': conversion from '__int64' to 'long', possible loss of data
  sfnt.c
  smooth.c
  truetype.c
  type1.c
c:\usr\w32\extk-1.1\freetype-2.4.8\src\type1\t1parse.c(120): warning C4267: 'function': conversion from 'size_t' to 'FT_ULong', possible loss of data
c:\usr\w32\extk-1.1\freetype-2.4.8\src\type1\t1parse.c(419): warning C4244: '=': conversion from '__int64' to 'FT_ULong', possible loss of data
c:\usr\w32\extk-1.1\freetype-2.4.8\src\type1\t1load.c(618): warning C4244: 'function': conversion from 'FT_PtrDist' to 'FT_Long', possible loss of data
c:\usr\w32\extk-1.1\freetype-2.4.8\src\type1\t1driver.c(261): warning C4267: '=': conversion from 'size_t' to 'FT_Long', possible loss of data
c:\usr\w32\extk-1.1\freetype-2.4.8\src\type1\t1driver.c(281): warning C4267: '=': conversion from 'size_t' to 'FT_Long', possible loss of data
c:\usr\w32\extk-1.1\freetype-2.4.8\src\type1\t1driver.c(293): warning C4244: '=': conversion from 'FT_PtrDist' to 'FT_Long', possible loss of data
c:\usr\w32\extk-1.1\freetype-2.4.8\src\type1\t1driver.c(313): warning C4267: '=': conversion from 'size_t' to 'FT_Long', possible loss of data
c:\usr\w32\extk-1.1\freetype-2.4.8\src\type1\t1driver.c(332): warning C4244: '=': conversion from 'FT_PtrDist' to 'FT_Long', possible loss of data
c:\usr\w32\extk-1.1\freetype-2.4.8\src\type1\t1driver.c(526): warning C4267: '=': conversion from 'size_t' to 'FT_Long', possible loss of data
c:\usr\w32\extk-1.1\freetype-2.4.8\src\type1\t1driver.c(532): warning C4267: '=': conversion from 'size_t' to 'FT_Long', possible loss of data
c:\usr\w32\extk-1.1\freetype-2.4.8\src\type1\t1driver.c(538): warning C4267: '=': conversion from 'size_t' to 'FT_Long', possible loss of data
c:\usr\w32\extk-1.1\freetype-2.4.8\src\type1\t1driver.c(544): warning C4267: '=': conversion from 'size_t' to 'FT_Long', possible loss of data
c:\usr\w32\extk-1.1\freetype-2.4.8\src\type1\t1driver.c(550): warning C4267: '=': conversion from 'size_t' to 'FT_Long', possible loss of data
  type42.c
  winfnt.c
c:\usr\w32\extk-1.1\freetype-2.4.8\src\winfonts\winfnt.c(847): warning C4244: 'function': conversion from 'FT_PtrDist' to 'FT_Long', possible loss of data
c:\usr\w32\extk-1.1\freetype-2.4.8\src\winfonts\winfnt.c(858): warning C4244: 'function': conversion from 'FT_PtrDist' to 'FT_Long', possible loss of data
c:\usr\w32\extk-1.1\freetype-2.4.8\src\winfonts\winfnt.c(858): warning C4267: 'function': conversion from 'size_t' to 'FT_Long', possible loss of data
  Generating Code...
  libft.vcxproj -> C:\usr\w32\extk-1.1\build-w32\libft\x64\Debug\libft.lib
  0개 파일이 복사되었습니다.
  x64\Debug\libft.lib
  1개 파일이 복사되었습니다.
