c:\usr\w32\extk-1.1\build-w32\libjpeg\win32\debug\libjpeg.pdb
c:\usr\w32\extk-1.1\build-w32\libjpeg\win32\debug\libjpeg.idb
c:\usr\w32\extk-1.1\build-w32\libjpeg\win32\debug\jdarith.obj
c:\usr\w32\extk-1.1\build-w32\libjpeg\win32\debug\jdapistd.obj
c:\usr\w32\extk-1.1\build-w32\libjpeg\win32\debug\jdapimin.obj
c:\usr\w32\extk-1.1\build-w32\libjpeg\win32\debug\jctrans.obj
c:\usr\w32\extk-1.1\build-w32\libjpeg\win32\debug\jcsample.obj
c:\usr\w32\extk-1.1\build-w32\libjpeg\win32\debug\jcprepct.obj
c:\usr\w32\extk-1.1\build-w32\libjpeg\win32\debug\jcparam.obj
c:\usr\w32\extk-1.1\build-w32\libjpeg\win32\debug\jcomapi.obj
c:\usr\w32\extk-1.1\build-w32\libjpeg\win32\debug\jcmaster.obj
c:\usr\w32\extk-1.1\build-w32\libjpeg\win32\debug\jcmarker.obj
c:\usr\w32\extk-1.1\build-w32\libjpeg\win32\debug\jcmainct.obj
c:\usr\w32\extk-1.1\build-w32\libjpeg\win32\debug\jcinit.obj
c:\usr\w32\extk-1.1\build-w32\libjpeg\win32\debug\jchuff.obj
c:\usr\w32\extk-1.1\build-w32\libjpeg\win32\debug\jcdctmgr.obj
c:\usr\w32\extk-1.1\build-w32\libjpeg\win32\debug\jccolor.obj
c:\usr\w32\extk-1.1\build-w32\libjpeg\win32\debug\jccoefct.obj
c:\usr\w32\extk-1.1\build-w32\libjpeg\win32\debug\jcarith.obj
c:\usr\w32\extk-1.1\build-w32\libjpeg\win32\debug\jcapistd.obj
c:\usr\w32\extk-1.1\build-w32\libjpeg\win32\debug\jcapimin.obj
c:\usr\w32\extk-1.1\build-w32\libjpeg\win32\debug\jaricom.obj
c:\usr\w32\extk-1.1\build-w32\libjpeg\win32\debug\jidctfst.obj
c:\usr\w32\extk-1.1\build-w32\libjpeg\win32\debug\jidctflt.obj
c:\usr\w32\extk-1.1\build-w32\libjpeg\win32\debug\jfdctint.obj
c:\usr\w32\extk-1.1\build-w32\libjpeg\win32\debug\jfdctfst.obj
c:\usr\w32\extk-1.1\build-w32\libjpeg\win32\debug\jfdctflt.obj
c:\usr\w32\extk-1.1\build-w32\libjpeg\win32\debug\jerror.obj
c:\usr\w32\extk-1.1\build-w32\libjpeg\win32\debug\jdtrans.obj
c:\usr\w32\extk-1.1\build-w32\libjpeg\win32\debug\jdsample.obj
c:\usr\w32\extk-1.1\build-w32\libjpeg\win32\debug\jdpostct.obj
c:\usr\w32\extk-1.1\build-w32\libjpeg\win32\debug\jdmerge.obj
c:\usr\w32\extk-1.1\build-w32\libjpeg\win32\debug\jdmaster.obj
c:\usr\w32\extk-1.1\build-w32\libjpeg\win32\debug\jdmarker.obj
c:\usr\w32\extk-1.1\build-w32\libjpeg\win32\debug\jdmainct.obj
c:\usr\w32\extk-1.1\build-w32\libjpeg\win32\debug\jdinput.obj
c:\usr\w32\extk-1.1\build-w32\libjpeg\win32\debug\jdhuff.obj
c:\usr\w32\extk-1.1\build-w32\libjpeg\win32\debug\jddctmgr.obj
c:\usr\w32\extk-1.1\build-w32\libjpeg\win32\debug\jdcolor.obj
c:\usr\w32\extk-1.1\build-w32\libjpeg\win32\debug\jdcoefct.obj
c:\usr\w32\extk-1.1\build-w32\libjpeg\win32\debug\jdatasrc.obj
c:\usr\w32\extk-1.1\build-w32\libjpeg\win32\debug\jdatadst.obj
c:\usr\w32\extk-1.1\build-w32\libjpeg\win32\debug\wrtarga.obj
c:\usr\w32\extk-1.1\build-w32\libjpeg\win32\debug\wrrle.obj
c:\usr\w32\extk-1.1\build-w32\libjpeg\win32\debug\wrppm.obj
c:\usr\w32\extk-1.1\build-w32\libjpeg\win32\debug\wrgif.obj
c:\usr\w32\extk-1.1\build-w32\libjpeg\win32\debug\wrbmp.obj
c:\usr\w32\extk-1.1\build-w32\libjpeg\win32\debug\transupp.obj
c:\usr\w32\extk-1.1\build-w32\libjpeg\win32\debug\rdtarga.obj
c:\usr\w32\extk-1.1\build-w32\libjpeg\win32\debug\rdswitch.obj
c:\usr\w32\extk-1.1\build-w32\libjpeg\win32\debug\rdrle.obj
c:\usr\w32\extk-1.1\build-w32\libjpeg\win32\debug\rdppm.obj
c:\usr\w32\extk-1.1\build-w32\libjpeg\win32\debug\rdgif.obj
c:\usr\w32\extk-1.1\build-w32\libjpeg\win32\debug\rdcolmap.obj
c:\usr\w32\extk-1.1\build-w32\libjpeg\win32\debug\rdbmp.obj
c:\usr\w32\extk-1.1\build-w32\libjpeg\win32\debug\jutils.obj
c:\usr\w32\extk-1.1\build-w32\libjpeg\win32\debug\jquant2.obj
c:\usr\w32\extk-1.1\build-w32\libjpeg\win32\debug\jquant1.obj
c:\usr\w32\extk-1.1\build-w32\libjpeg\win32\debug\jpegtran.obj
c:\usr\w32\extk-1.1\build-w32\libjpeg\win32\debug\jmemmgr.obj
c:\usr\w32\extk-1.1\build-w32\libjpeg\win32\debug\jmemansi.obj
c:\usr\w32\extk-1.1\build-w32\libjpeg\win32\debug\jidctint.obj
c:\usr\w32\extk-1.1\build-w32\libjpeg\win32\debug\libjpeg.lib
c:\usr\w32\extk-1.1\build-w32\libjpeg\win32\debug\libjpeg.tlog\cl.command.1.tlog
c:\usr\w32\extk-1.1\build-w32\libjpeg\win32\debug\libjpeg.tlog\cl.read.1.tlog
c:\usr\w32\extk-1.1\build-w32\libjpeg\win32\debug\libjpeg.tlog\cl.write.1.tlog
c:\usr\w32\extk-1.1\build-w32\libjpeg\win32\debug\libjpeg.tlog\lib-link.read.1.tlog
c:\usr\w32\extk-1.1\build-w32\libjpeg\win32\debug\libjpeg.tlog\lib-link.write.1.tlog
c:\usr\w32\extk-1.1\build-w32\libjpeg\win32\debug\libjpeg.tlog\lib.command.1.tlog
