c:\usr\w32\extk-1.1\build-w32\libex\x64\debug\libex.pdb
c:\usr\w32\extk-1.1\build-w32\libex\x64\debug\exobject.obj
c:\usr\w32\extk-1.1\build-w32\libex\x64\debug\exmemory.obj
c:\usr\w32\extk-1.1\build-w32\libex\x64\debug\exlist.obj
c:\usr\w32\extk-1.1\build-w32\libex\x64\debug\exlabel.obj
c:\usr\w32\extk-1.1\build-w32\libex\x64\debug\exinput.obj
c:\usr\w32\extk-1.1\build-w32\libex\x64\debug\eximage.obj
c:\usr\w32\extk-1.1\build-w32\libex\x64\debug\exim-io-png.obj
c:\usr\w32\extk-1.1\build-w32\libex\x64\debug\exim-io-jpg.obj
c:\usr\w32\extk-1.1\build-w32\libex\x64\debug\exim-io-gif.obj
c:\usr\w32\extk-1.1\build-w32\libex\x64\debug\exim-io-bmp.obj
c:\usr\w32\extk-1.1\build-w32\libex\x64\debug\exim-draw.obj
c:\usr\w32\extk-1.1\build-w32\libex\x64\debug\exgeomet.obj
c:\usr\w32\extk-1.1\build-w32\libex\x64\debug\exgdiobj.obj
c:\usr\w32\extk-1.1\build-w32\libex\x64\debug\exevent.obj
c:\usr\w32\extk-1.1\build-w32\libex\x64\debug\exdebug.obj
c:\usr\w32\extk-1.1\build-w32\libex\x64\debug\excanvas.obj
c:\usr\w32\extk-1.1\build-w32\libex\x64\debug\excallback.obj
c:\usr\w32\extk-1.1\build-w32\libex\x64\debug\excairo.obj
c:\usr\w32\extk-1.1\build-w32\libex\x64\debug\exbutton.obj
c:\usr\w32\extk-1.1\build-w32\libex\x64\debug\exapp.obj
c:\usr\w32\extk-1.1\build-w32\libex\x64\debug\exwindow.obj
c:\usr\w32\extk-1.1\build-w32\libex\x64\debug\exwidget.obj
c:\usr\w32\extk-1.1\build-w32\libex\x64\debug\extimer.obj
c:\usr\w32\extk-1.1\build-w32\libex\x64\debug\exthread.obj
c:\usr\w32\extk-1.1\build-w32\libex\x64\debug\exstyle.obj
c:\usr\w32\extk-1.1\build-w32\libex\x64\debug\exstuff.obj
c:\usr\w32\extk-1.1\build-w32\libex\x64\debug\exsearch.obj
c:\usr\w32\extk-1.1\build-w32\libex\x64\debug\exregion_p.obj
c:\usr\w32\extk-1.1\build-w32\libex\x64\debug\exregion.obj
c:\usr\w32\extk-1.1\build-w32\libex\x64\debug\libex.lib
c:\usr\w32\extk-1.1\build-w32\libex\x64\debug\libex.tlog\cl.command.1.tlog
c:\usr\w32\extk-1.1\build-w32\libex\x64\debug\libex.tlog\cl.read.1.tlog
c:\usr\w32\extk-1.1\build-w32\libex\x64\debug\libex.tlog\cl.write.1.tlog
c:\usr\w32\extk-1.1\build-w32\libex\x64\debug\libex.tlog\lib-link.read.1.tlog
c:\usr\w32\extk-1.1\build-w32\libex\x64\debug\libex.tlog\lib-link.write.1.tlog
c:\usr\w32\extk-1.1\build-w32\libex\x64\debug\libex.tlog\lib.command.1.tlog
