This file contains any messages produced by compilers while
running configure, to aid debugging if configure makes a mistake.

It was created by pixman configure 0.26.0, which was
generated by GNU Autoconf 2.68.  Invocation command line was

  $ ./configure --host=arm-none-eabi

## --------- ##
## Platform. ##
## --------- ##

hostname = xmtlinux1
uname -m = x86_64
uname -r = 2.6.38-15-generic
uname -s = Linux
uname -v = #60-Ubuntu SMP Tue May 22 11:28:40 UTC 2012

/usr/bin/uname -p = unknown
/bin/uname -X     = unknown

/bin/arch              = unknown
/usr/bin/arch -k       = unknown
/usr/convex/getsysinfo = unknown
/usr/bin/hostinfo      = unknown
/bin/machine           = unknown
/usr/bin/oslevel       = unknown
/bin/universe          = unknown

PATH: /mnt/work/bin/android-sdk/tools
PATH: /mnt/work/bin/arm-2011.09/bin
PATH: /mnt/work/bin
PATH: /usr/local/sbin
PATH: /usr/local/bin
PATH: /usr/sbin
PATH: /usr/bin
PATH: /sbin
PATH: /bin
PATH: /usr/games


## ----------- ##
## Core tests. ##
## ----------- ##

configure:2558: checking for a BSD-compatible install
configure:2626: result: /usr/bin/install -c
configure:2637: checking whether build environment is sane
configure:2687: result: yes
configure:2736: checking for arm-none-eabi-strip
configure:2752: found /mnt/work/bin/arm-2011.09/bin/arm-none-eabi-strip
configure:2763: result: arm-none-eabi-strip
configure:2828: checking for a thread-safe mkdir -p
configure:2867: result: /bin/mkdir -p
configure:2880: checking for gawk
configure:2910: result: no
configure:2880: checking for mawk
configure:2896: found /usr/bin/mawk
configure:2907: result: mawk
configure:2918: checking whether make sets $(MAKE)
configure:2940: result: yes
configure:3033: checking whether make supports nested variables
configure:3050: result: yes
configure:3069: checking build system type
configure:3083: result: x86_64-unknown-linux-gnu
configure:3103: checking host system type
configure:3116: result: arm-none-eabi
configure:3147: checking for arm-none-eabi-gcc
configure:3163: found /mnt/work/bin/arm-2011.09/bin/arm-none-eabi-gcc
configure:3174: result: arm-none-eabi-gcc
configure:3443: checking for C compiler version
configure:3452: arm-none-eabi-gcc --version >&5
arm-none-eabi-gcc (Sourcery CodeBench Lite 2011.09-69) 4.6.1
Copyright (C) 2011 Free Software Foundation, Inc.
This is free software; see the source for copying conditions.  There is NO
warranty; not even for MERCHANTABILITY or FITNESS FOR A PARTICULAR PURPOSE.

configure:3463: $? = 0
configure:3452: arm-none-eabi-gcc -v >&5
Using built-in specs.
COLLECT_GCC=arm-none-eabi-gcc
COLLECT_LTO_WRAPPER=/mnt/work/bin/arm-2011.09/bin/../libexec/gcc/arm-none-eabi/4.6.1/lto-wrapper
Target: arm-none-eabi
Configured with: /scratch/jwlemke/2011.09-arm-eabi-lite/src/gcc-4.6-2011.09/configure --build=i686-pc-linux-gnu --host=i686-pc-linux-gnu --target=arm-none-eabi --enable-threads --disable-libmudflap --disable-libssp --disable-libstdcxx-pch --enable-extra-sgxxlite-multilibs --with-gnu-as --with-gnu-ld --with-specs='%{save-temps: -fverbose-asm} -D__CS_SOURCERYGXX_MAJ__=2011 -D__CS_SOURCERYGXX_MIN__=9 -D__CS_SOURCERYGXX_REV__=69 %{O2:%{!fno-remove-local-statics: -fremove-local-statics}} %{O*:%{O|O0|O1|O2|Os:;:%{!fno-remove-local-statics: -fremove-local-statics}}}' --enable-languages=c,c++ --disable-shared --enable-lto --with-newlib --with-pkgversion='Sourcery CodeBench Lite 2011.09-69' --with-bugurl=https://support.codesourcery.com/GNUToolchain/ --disable-nls --prefix=/opt/codesourcery --with-headers=yes --with-sysroot=/opt/codesourcery/arm-none-eabi --with-build-sysroot=/scratch/jwlemke/2011.09-arm-eabi-lite/install/arm-none-eabi --with-gmp=/scratch/jwlemke/2011.09-arm-eabi-lite/obj/host-libs-2011.09-69-arm-none-eabi-i686-pc-linux-gnu/usr --with-mpfr=/scratch/jwlemke/2011.09-arm-eabi-lite/obj/host-libs-2011.09-69-arm-none-eabi-i686-pc-linux-gnu/usr --with-mpc=/scratch/jwlemke/2011.09-arm-eabi-lite/obj/host-libs-2011.09-69-arm-none-eabi-i686-pc-linux-gnu/usr --with-ppl=/scratch/jwlemke/2011.09-arm-eabi-lite/obj/host-libs-2011.09-69-arm-none-eabi-i686-pc-linux-gnu/usr --with-host-libstdcxx='-static-libgcc -Wl,-Bstatic,-lstdc++,-Bdynamic -lm' --with-cloog=/scratch/jwlemke/2011.09-arm-eabi-lite/obj/host-libs-2011.09-69-arm-none-eabi-i686-pc-linux-gnu/usr --with-libelf=/scratch/jwlemke/2011.09-arm-eabi-lite/obj/host-libs-2011.09-69-arm-none-eabi-i686-pc-linux-gnu/usr --disable-libgomp --enable-poison-system-directories --with-build-time-tools=/scratch/jwlemke/2011.09-arm-eabi-lite/install/arm-none-eabi/bin --with-build-time-tools=/scratch/jwlemke/2011.09-arm-eabi-lite/install/arm-none-eabi/bin
Thread model: single
gcc version 4.6.1 (Sourcery CodeBench Lite 2011.09-69) 
configure:3463: $? = 0
configure:3452: arm-none-eabi-gcc -V >&5
arm-none-eabi-gcc: error: unrecognized option '-V'
arm-none-eabi-gcc: fatal error: no input files
compilation terminated.
configure:3463: $? = 1
configure:3452: arm-none-eabi-gcc -qversion >&5
arm-none-eabi-gcc: error: unrecognized option '-qversion'
arm-none-eabi-gcc: fatal error: no input files
compilation terminated.
configure:3463: $? = 1
configure:3483: checking whether the C compiler works
configure:3505: arm-none-eabi-gcc -mcpu=cortex-a8 -O2   conftest.c  >&5
/mnt/work/bin/arm-2011.09/bin/../lib/gcc/arm-none-eabi/4.6.1/../../../../arm-none-eabi/bin/ld: warning: cannot find entry symbol _start; defaulting to 00008018
configure:3509: $? = 0
configure:3557: result: yes
configure:3560: checking for C compiler default output file name
configure:3562: result: a.out
configure:3568: checking for suffix of executables
configure:3575: arm-none-eabi-gcc -o conftest -mcpu=cortex-a8 -O2   conftest.c  >&5
/mnt/work/bin/arm-2011.09/bin/../lib/gcc/arm-none-eabi/4.6.1/../../../../arm-none-eabi/bin/ld: warning: cannot find entry symbol _start; defaulting to 00008018
configure:3579: $? = 0
configure:3601: result: 
configure:3623: checking whether we are cross compiling
configure:3631: arm-none-eabi-gcc -o conftest -mcpu=cortex-a8 -O2   conftest.c  >&5
/mnt/work/bin/arm-2011.09/bin/../lib/gcc/arm-none-eabi/4.6.1/../../../../arm-none-eabi/bin/ld: warning: cannot find entry symbol _start; defaulting to 00008018
/mnt/work/bin/arm-2011.09/bin/../lib/gcc/arm-none-eabi/4.6.1/../../../../arm-none-eabi/lib/libc.a(lib_a-fstatr.o): In function `_fstat_r':
fstatr.c:(.text+0x1c): undefined reference to `_fstat'
/mnt/work/bin/arm-2011.09/bin/../lib/gcc/arm-none-eabi/4.6.1/../../../../arm-none-eabi/lib/libc.a(lib_a-openr.o): In function `_open_r':
openr.c:(.text+0x20): undefined reference to `_open'
/mnt/work/bin/arm-2011.09/bin/../lib/gcc/arm-none-eabi/4.6.1/../../../../arm-none-eabi/lib/libc.a(lib_a-sbrkr.o): In function `_sbrk_r':
sbrkr.c:(.text+0x18): undefined reference to `_sbrk'
/mnt/work/bin/arm-2011.09/bin/../lib/gcc/arm-none-eabi/4.6.1/../../../../arm-none-eabi/lib/libc.a(lib_a-writer.o): In function `_write_r':
writer.c:(.text+0x20): undefined reference to `_write'
/mnt/work/bin/arm-2011.09/bin/../lib/gcc/arm-none-eabi/4.6.1/../../../../arm-none-eabi/lib/libc.a(lib_a-closer.o): In function `_close_r':
closer.c:(.text+0x18): undefined reference to `_close'
/mnt/work/bin/arm-2011.09/bin/../lib/gcc/arm-none-eabi/4.6.1/../../../../arm-none-eabi/lib/libc.a(lib_a-isattyr.o): In function `_isatty_r':
isattyr.c:(.text+0x18): undefined reference to `_isatty'
/mnt/work/bin/arm-2011.09/bin/../lib/gcc/arm-none-eabi/4.6.1/../../../../arm-none-eabi/lib/libc.a(lib_a-lseekr.o): In function `_lseek_r':
lseekr.c:(.text+0x20): undefined reference to `_lseek'
/mnt/work/bin/arm-2011.09/bin/../lib/gcc/arm-none-eabi/4.6.1/../../../../arm-none-eabi/lib/libc.a(lib_a-readr.o): In function `_read_r':
readr.c:(.text+0x20): undefined reference to `_read'
collect2: ld returned 1 exit status
configure:3635: $? = 1
configure:3642: ./conftest
./configure: line 3644: ./conftest: No such file or directory
configure:3646: $? = 127
configure:3661: result: yes
configure:3666: checking for suffix of object files
configure:3688: arm-none-eabi-gcc -c -mcpu=cortex-a8 -O2  conftest.c >&5
configure:3692: $? = 0
configure:3713: result: o
configure:3717: checking whether we are using the GNU C compiler
configure:3736: arm-none-eabi-gcc -c -mcpu=cortex-a8 -O2  conftest.c >&5
configure:3736: $? = 0
configure:3745: result: yes
configure:3754: checking whether arm-none-eabi-gcc accepts -g
configure:3774: arm-none-eabi-gcc -c -g  conftest.c >&5
configure:3774: $? = 0
configure:3815: result: yes
configure:3832: checking for arm-none-eabi-gcc option to accept ISO C89
configure:3896: arm-none-eabi-gcc  -c -mcpu=cortex-a8 -O2  conftest.c >&5
configure:3896: $? = 0
configure:3909: result: none needed
configure:3940: checking for style of include used by make
configure:3968: result: GNU
configure:3994: checking dependency style of arm-none-eabi-gcc
configure:4105: result: gcc3
configure:4129: checking dependency style of arm-none-eabi-gcc
configure:4238: result: gcc3
configure:4299: checking how to print strings
configure:4326: result: printf
configure:4347: checking for a sed that does not truncate output
configure:4411: result: /bin/sed
configure:4429: checking for grep that handles long lines and -e
configure:4487: result: /bin/grep
configure:4492: checking for egrep
configure:4554: result: /bin/grep -E
configure:4559: checking for fgrep
configure:4621: result: /bin/grep -F
configure:4656: checking for ld used by arm-none-eabi-gcc
configure:4723: result: /mnt/work/bin/arm-2011.09/arm-none-eabi/bin/ld
configure:4730: checking if the linker (/mnt/work/bin/arm-2011.09/arm-none-eabi/bin/ld) is GNU ld
configure:4745: result: yes
configure:4757: checking for BSD- or MS-compatible name lister (nm)
configure:4806: result: /mnt/work/bin/arm-2011.09/bin/arm-none-eabi-nm -B
configure:4936: checking the name lister (/mnt/work/bin/arm-2011.09/bin/arm-none-eabi-nm -B) interface
configure:4943: arm-none-eabi-gcc -c -mcpu=cortex-a8 -O2  conftest.c >&5
configure:4946: /mnt/work/bin/arm-2011.09/bin/arm-none-eabi-nm -B "conftest.o"
configure:4949: output
00000000 B some_variable
configure:4956: result: BSD nm
configure:4959: checking whether ln -s works
configure:4963: result: yes
configure:4971: checking the maximum length of command line arguments
configure:5101: result: 1572864
configure:5118: checking whether the shell understands some XSI constructs
configure:5128: result: yes
configure:5132: checking whether the shell understands "+="
configure:5138: result: yes
configure:5173: checking how to convert x86_64-unknown-linux-gnu file names to arm-none-eabi format
configure:5213: result: func_convert_file_noop
configure:5220: checking how to convert x86_64-unknown-linux-gnu file names to toolchain format
configure:5240: result: func_convert_file_noop
configure:5247: checking for /mnt/work/bin/arm-2011.09/arm-none-eabi/bin/ld option to reload object files
configure:5254: result: -r
configure:5288: checking for arm-none-eabi-objdump
configure:5304: found /mnt/work/bin/arm-2011.09/bin/arm-none-eabi-objdump
configure:5315: result: arm-none-eabi-objdump
configure:5387: checking how to recognize dependent libraries
configure:5589: result: unknown
configure:5634: checking for arm-none-eabi-dlltool
configure:5664: result: no
configure:5674: checking for dlltool
configure:5704: result: no
configure:5734: checking how to associate runtime and link libraries
configure:5761: result: printf %s\n
configure:5778: checking for arm-none-eabi-ar
configure:5794: found /mnt/work/bin/arm-2011.09/bin/arm-none-eabi-ar
configure:5805: result: arm-none-eabi-ar
configure:5886: checking for archiver @FILE support
configure:5903: arm-none-eabi-gcc -c -mcpu=cortex-a8 -O2  conftest.c >&5
configure:5903: $? = 0
configure:5906: arm-none-eabi-ar cru libconftest.a @conftest.lst >&5
configure:5909: $? = 0
configure:5914: arm-none-eabi-ar cru libconftest.a @conftest.lst >&5
arm-none-eabi-ar: conftest.o: No such file or directory
configure:5917: $? = 1
configure:5929: result: @
configure:5947: checking for arm-none-eabi-strip
configure:5974: result: arm-none-eabi-strip
configure:6046: checking for arm-none-eabi-ranlib
configure:6062: found /mnt/work/bin/arm-2011.09/bin/arm-none-eabi-ranlib
configure:6073: result: arm-none-eabi-ranlib
configure:6215: checking command to parse /mnt/work/bin/arm-2011.09/bin/arm-none-eabi-nm -B output from arm-none-eabi-gcc object
configure:6335: arm-none-eabi-gcc -c -mcpu=cortex-a8 -O2  conftest.c >&5
configure:6338: $? = 0
configure:6342: /mnt/work/bin/arm-2011.09/bin/arm-none-eabi-nm -B conftest.o \| sed -n -e 's/^.*[ ]\([ABCDGIRSTW][ABCDGIRSTW]*\)[ ][ ]*\([_A-Za-z][_A-Za-z0-9]*\)$/\1 \2 \2/p' | sed '/ __gnu_lto/d' \> conftest.nm
configure:6345: $? = 0
configure:6411: arm-none-eabi-gcc -o conftest -mcpu=cortex-a8 -O2   conftest.c conftstm.o >&5
/mnt/work/bin/arm-2011.09/bin/../lib/gcc/arm-none-eabi/4.6.1/../../../../arm-none-eabi/bin/ld: warning: cannot find entry symbol _start; defaulting to 00008018
configure:6414: $? = 0
configure:6452: result: ok
configure:6489: checking for sysroot
configure:6519: result: no
configure:6735: checking for arm-none-eabi-mt
configure:6765: result: no
configure:6775: checking for mt
configure:6791: found /bin/mt
configure:6802: result: mt
configure:6814: WARNING: using cross tools not prefixed with host triplet
configure:6825: checking if mt is a manifest tool
configure:6831: mt '-?'
configure:6839: result: no
configure:7481: checking how to run the C preprocessor
configure:7512: arm-none-eabi-gcc -E  conftest.c
configure:7512: $? = 0
configure:7526: arm-none-eabi-gcc -E  conftest.c
conftest.c:11:28: fatal error: ac_nonexistent.h: No such file or directory
compilation terminated.
configure:7526: $? = 1
configure: failed program was:
| /* confdefs.h */
| #define PACKAGE_NAME "pixman"
| #define PACKAGE_TARNAME "pixman"
| #define PACKAGE_VERSION "0.26.0"
| #define PACKAGE_STRING "pixman 0.26.0"
| #define PACKAGE_BUGREPORT "pixman@lists.freedesktop.org"
| #define PACKAGE_URL ""
| #define PACKAGE "pixman"
| #define VERSION "0.26.0"
| /* end confdefs.h.  */
| #include <ac_nonexistent.h>
configure:7551: result: arm-none-eabi-gcc -E
configure:7571: arm-none-eabi-gcc -E  conftest.c
configure:7571: $? = 0
configure:7585: arm-none-eabi-gcc -E  conftest.c
conftest.c:11:28: fatal error: ac_nonexistent.h: No such file or directory
compilation terminated.
configure:7585: $? = 1
configure: failed program was:
| /* confdefs.h */
| #define PACKAGE_NAME "pixman"
| #define PACKAGE_TARNAME "pixman"
| #define PACKAGE_VERSION "0.26.0"
| #define PACKAGE_STRING "pixman 0.26.0"
| #define PACKAGE_BUGREPORT "pixman@lists.freedesktop.org"
| #define PACKAGE_URL ""
| #define PACKAGE "pixman"
| #define VERSION "0.26.0"
| /* end confdefs.h.  */
| #include <ac_nonexistent.h>
configure:7614: checking for ANSI C header files
configure:7634: arm-none-eabi-gcc -c -mcpu=cortex-a8 -O2  conftest.c >&5
configure:7634: $? = 0
configure:7718: result: yes
configure:7731: checking for sys/types.h
configure:7731: arm-none-eabi-gcc -c -mcpu=cortex-a8 -O2  conftest.c >&5
configure:7731: $? = 0
configure:7731: result: yes
configure:7731: checking for sys/stat.h
configure:7731: arm-none-eabi-gcc -c -mcpu=cortex-a8 -O2  conftest.c >&5
configure:7731: $? = 0
configure:7731: result: yes
configure:7731: checking for stdlib.h
configure:7731: arm-none-eabi-gcc -c -mcpu=cortex-a8 -O2  conftest.c >&5
configure:7731: $? = 0
configure:7731: result: yes
configure:7731: checking for string.h
configure:7731: arm-none-eabi-gcc -c -mcpu=cortex-a8 -O2  conftest.c >&5
configure:7731: $? = 0
configure:7731: result: yes
configure:7731: checking for memory.h
configure:7731: arm-none-eabi-gcc -c -mcpu=cortex-a8 -O2  conftest.c >&5
conftest.c:50:20: fatal error: memory.h: No such file or directory
compilation terminated.
configure:7731: $? = 1
configure: failed program was:
| /* confdefs.h */
| #define PACKAGE_NAME "pixman"
| #define PACKAGE_TARNAME "pixman"
| #define PACKAGE_VERSION "0.26.0"
| #define PACKAGE_STRING "pixman 0.26.0"
| #define PACKAGE_BUGREPORT "pixman@lists.freedesktop.org"
| #define PACKAGE_URL ""
| #define PACKAGE "pixman"
| #define VERSION "0.26.0"
| #define STDC_HEADERS 1
| #define HAVE_SYS_TYPES_H 1
| #define HAVE_SYS_STAT_H 1
| #define HAVE_STDLIB_H 1
| #define HAVE_STRING_H 1
| /* end confdefs.h.  */
| #include <stdio.h>
| #ifdef HAVE_SYS_TYPES_H
| # include <sys/types.h>
| #endif
| #ifdef HAVE_SYS_STAT_H
| # include <sys/stat.h>
| #endif
| #ifdef STDC_HEADERS
| # include <stdlib.h>
| # include <stddef.h>
| #else
| # ifdef HAVE_STDLIB_H
| #  include <stdlib.h>
| # endif
| #endif
| #ifdef HAVE_STRING_H
| # if !defined STDC_HEADERS && defined HAVE_MEMORY_H
| #  include <memory.h>
| # endif
| # include <string.h>
| #endif
| #ifdef HAVE_STRINGS_H
| # include <strings.h>
| #endif
| #ifdef HAVE_INTTYPES_H
| # include <inttypes.h>
| #endif
| #ifdef HAVE_STDINT_H
| # include <stdint.h>
| #endif
| #ifdef HAVE_UNISTD_H
| # include <unistd.h>
| #endif
| 
| #include <memory.h>
configure:7731: result: no
configure:7731: checking for strings.h
configure:7731: arm-none-eabi-gcc -c -mcpu=cortex-a8 -O2  conftest.c >&5
conftest.c:50:21: fatal error: strings.h: No such file or directory
compilation terminated.
configure:7731: $? = 1
configure: failed program was:
| /* confdefs.h */
| #define PACKAGE_NAME "pixman"
| #define PACKAGE_TARNAME "pixman"
| #define PACKAGE_VERSION "0.26.0"
| #define PACKAGE_STRING "pixman 0.26.0"
| #define PACKAGE_BUGREPORT "pixman@lists.freedesktop.org"
| #define PACKAGE_URL ""
| #define PACKAGE "pixman"
| #define VERSION "0.26.0"
| #define STDC_HEADERS 1
| #define HAVE_SYS_TYPES_H 1
| #define HAVE_SYS_STAT_H 1
| #define HAVE_STDLIB_H 1
| #define HAVE_STRING_H 1
| /* end confdefs.h.  */
| #include <stdio.h>
| #ifdef HAVE_SYS_TYPES_H
| # include <sys/types.h>
| #endif
| #ifdef HAVE_SYS_STAT_H
| # include <sys/stat.h>
| #endif
| #ifdef STDC_HEADERS
| # include <stdlib.h>
| # include <stddef.h>
| #else
| # ifdef HAVE_STDLIB_H
| #  include <stdlib.h>
| # endif
| #endif
| #ifdef HAVE_STRING_H
| # if !defined STDC_HEADERS && defined HAVE_MEMORY_H
| #  include <memory.h>
| # endif
| # include <string.h>
| #endif
| #ifdef HAVE_STRINGS_H
| # include <strings.h>
| #endif
| #ifdef HAVE_INTTYPES_H
| # include <inttypes.h>
| #endif
| #ifdef HAVE_STDINT_H
| # include <stdint.h>
| #endif
| #ifdef HAVE_UNISTD_H
| # include <unistd.h>
| #endif
| 
| #include <strings.h>
configure:7731: result: no
configure:7731: checking for inttypes.h
configure:7731: arm-none-eabi-gcc -c -mcpu=cortex-a8 -O2  conftest.c >&5
configure:7731: $? = 0
configure:7731: result: yes
configure:7731: checking for stdint.h
configure:7731: arm-none-eabi-gcc -c -mcpu=cortex-a8 -O2  conftest.c >&5
configure:7731: $? = 0
configure:7731: result: yes
configure:7731: checking for unistd.h
configure:7731: arm-none-eabi-gcc -c -mcpu=cortex-a8 -O2  conftest.c >&5
configure:7731: $? = 0
configure:7731: result: yes
configure:7745: checking for dlfcn.h
configure:7745: arm-none-eabi-gcc -c -mcpu=cortex-a8 -O2  conftest.c >&5
conftest.c:53:19: fatal error: dlfcn.h: No such file or directory
compilation terminated.
configure:7745: $? = 1
configure: failed program was:
| /* confdefs.h */
| #define PACKAGE_NAME "pixman"
| #define PACKAGE_TARNAME "pixman"
| #define PACKAGE_VERSION "0.26.0"
| #define PACKAGE_STRING "pixman 0.26.0"
| #define PACKAGE_BUGREPORT "pixman@lists.freedesktop.org"
| #define PACKAGE_URL ""
| #define PACKAGE "pixman"
| #define VERSION "0.26.0"
| #define STDC_HEADERS 1
| #define HAVE_SYS_TYPES_H 1
| #define HAVE_SYS_STAT_H 1
| #define HAVE_STDLIB_H 1
| #define HAVE_STRING_H 1
| #define HAVE_INTTYPES_H 1
| #define HAVE_STDINT_H 1
| #define HAVE_UNISTD_H 1
| /* end confdefs.h.  */
| #include <stdio.h>
| #ifdef HAVE_SYS_TYPES_H
| # include <sys/types.h>
| #endif
| #ifdef HAVE_SYS_STAT_H
| # include <sys/stat.h>
| #endif
| #ifdef STDC_HEADERS
| # include <stdlib.h>
| # include <stddef.h>
| #else
| # ifdef HAVE_STDLIB_H
| #  include <stdlib.h>
| # endif
| #endif
| #ifdef HAVE_STRING_H
| # if !defined STDC_HEADERS && defined HAVE_MEMORY_H
| #  include <memory.h>
| # endif
| # include <string.h>
| #endif
| #ifdef HAVE_STRINGS_H
| # include <strings.h>
| #endif
| #ifdef HAVE_INTTYPES_H
| # include <inttypes.h>
| #endif
| #ifdef HAVE_STDINT_H
| # include <stdint.h>
| #endif
| #ifdef HAVE_UNISTD_H
| # include <unistd.h>
| #endif
| 
| #include <dlfcn.h>
configure:7745: result: no
configure:7951: checking for objdir
configure:7966: result: .libs
configure:8233: checking if arm-none-eabi-gcc supports -fno-rtti -fno-exceptions
configure:8251: arm-none-eabi-gcc -c -mcpu=cortex-a8 -O2  -fno-rtti -fno-exceptions conftest.c >&5
cc1: warning: command line option '-fno-rtti' is valid for C++/ObjC++ but not for C [enabled by default]
configure:8255: $? = 0
configure:8268: result: no
configure:8595: checking for arm-none-eabi-gcc option to produce PIC
configure:8602: result: -fPIC -DPIC
configure:8610: checking if arm-none-eabi-gcc PIC flag -fPIC -DPIC works
configure:8628: arm-none-eabi-gcc -c -mcpu=cortex-a8 -O2  -fPIC -DPIC -DPIC conftest.c >&5
configure:8632: $? = 0
configure:8645: result: yes
configure:8674: checking if arm-none-eabi-gcc static flag -static works
/mnt/work/bin/arm-2011.09/bin/../lib/gcc/arm-none-eabi/4.6.1/../../../../arm-none-eabi/bin/ld: warning: cannot find entry symbol _start; defaulting to 00008018
configure:8702: result: yes
configure:8717: checking if arm-none-eabi-gcc supports -c -o file.o
configure:8738: arm-none-eabi-gcc -c -mcpu=cortex-a8 -O2  -o out/conftest2.o conftest.c >&5
configure:8742: $? = 0
configure:8764: result: yes
configure:8772: checking if arm-none-eabi-gcc supports -c -o file.o
configure:8819: result: yes
configure:8852: checking whether the arm-none-eabi-gcc linker (/mnt/work/bin/arm-2011.09/arm-none-eabi/bin/ld) supports shared libraries
configure:10005: result: yes
configure:10042: checking whether -lc should be explicitly linked in
configure:10050: arm-none-eabi-gcc -c -mcpu=cortex-a8 -O2  conftest.c >&5
configure:10053: $? = 0
configure:10068: arm-none-eabi-gcc -shared  -fPIC -DPIC conftest.o  -v -Wl,-soname -Wl,conftest -o conftest 2\>\&1 \| /bin/grep  -lc  \>/dev/null 2\>\&1
configure:10071: $? = 0
configure:10085: result: no
configure:10245: checking dynamic linker characteristics
configure:10982: result: no
configure:11089: checking how to hardcode library paths into programs
configure:11114: result: immediate
configure:11654: checking whether stripping libraries is possible
configure:11659: result: yes
configure:11694: checking if libtool supports shared libraries
configure:11696: result: no
configure:11699: checking whether to build shared libraries
configure:11720: result: no
configure:11723: checking whether to build static libraries
configure:11727: result: yes
configure:11766: checking for getisax
configure:11766: arm-none-eabi-gcc -o conftest -mcpu=cortex-a8 -O2   conftest.c  >&5
/mnt/work/bin/arm-2011.09/bin/../lib/gcc/arm-none-eabi/4.6.1/../../../../arm-none-eabi/bin/ld: warning: cannot find entry symbol _start; defaulting to 00008018
/tmp/ccSLS1VC.o: In function `main':
conftest.c:(.text.startup+0x4): undefined reference to `getisax'
collect2: ld returned 1 exit status
configure:11766: $? = 1
configure: failed program was:
| /* confdefs.h */
| #define PACKAGE_NAME "pixman"
| #define PACKAGE_TARNAME "pixman"
| #define PACKAGE_VERSION "0.26.0"
| #define PACKAGE_STRING "pixman 0.26.0"
| #define PACKAGE_BUGREPORT "pixman@lists.freedesktop.org"
| #define PACKAGE_URL ""
| #define PACKAGE "pixman"
| #define VERSION "0.26.0"
| #define STDC_HEADERS 1
| #define HAVE_SYS_TYPES_H 1
| #define HAVE_SYS_STAT_H 1
| #define HAVE_STDLIB_H 1
| #define HAVE_STRING_H 1
| #define HAVE_INTTYPES_H 1
| #define HAVE_STDINT_H 1
| #define HAVE_UNISTD_H 1
| #define LT_OBJDIR ".libs/"
| /* end confdefs.h.  */
| /* Define getisax to an innocuous variant, in case <limits.h> declares getisax.
|    For example, HP-UX 11i <limits.h> declares gettimeofday.  */
| #define getisax innocuous_getisax
| 
| /* System header to define __stub macros and hopefully few prototypes,
|     which can conflict with char getisax (); below.
|     Prefer <limits.h> to <assert.h> if __STDC__ is defined, since
|     <limits.h> exists even on freestanding compilers.  */
| 
| #ifdef __STDC__
| # include <limits.h>
| #else
| # include <assert.h>
| #endif
| 
| #undef getisax
| 
| /* Override any GCC internal prototype to avoid an error.
|    Use char because int might match the return type of a GCC
|    builtin and then its argument prototype would still apply.  */
| #ifdef __cplusplus
| extern "C"
| #endif
| char getisax ();
| /* The GNU C library defines this for functions which it implements
|     to always fail with ENOSYS.  Some functions are actually named
|     something starting with __ and the normal name is an alias.  */
| #if defined __stub_getisax || defined __stub___getisax
| choke me
| #endif
| 
| int
| main ()
| {
| return getisax ();
|   ;
|   return 0;
| }
configure:11766: result: no
configure:11775: checking whether byte ordering is bigendian
configure:11790: arm-none-eabi-gcc -c -mcpu=cortex-a8 -O2  conftest.c >&5
conftest.c:21:9: error: unknown type name 'not'
conftest.c:21:15: error: expected '=', ',', ';', 'asm' or '__attribute__' before 'universal'
conftest.c:21:15: error: unknown type name 'universal'
configure:11790: $? = 1
configure: failed program was:
| /* confdefs.h */
| #define PACKAGE_NAME "pixman"
| #define PACKAGE_TARNAME "pixman"
| #define PACKAGE_VERSION "0.26.0"
| #define PACKAGE_STRING "pixman 0.26.0"
| #define PACKAGE_BUGREPORT "pixman@lists.freedesktop.org"
| #define PACKAGE_URL ""
| #define PACKAGE "pixman"
| #define VERSION "0.26.0"
| #define STDC_HEADERS 1
| #define HAVE_SYS_TYPES_H 1
| #define HAVE_SYS_STAT_H 1
| #define HAVE_STDLIB_H 1
| #define HAVE_STRING_H 1
| #define HAVE_INTTYPES_H 1
| #define HAVE_STDINT_H 1
| #define HAVE_UNISTD_H 1
| #define LT_OBJDIR ".libs/"
| /* end confdefs.h.  */
| #ifndef __APPLE_CC__
| 	       not a universal capable compiler
| 	     #endif
| 	     typedef int dummy;
| 
configure:11835: arm-none-eabi-gcc -c -mcpu=cortex-a8 -O2  conftest.c >&5
configure:11835: $? = 0
configure:11853: arm-none-eabi-gcc -c -mcpu=cortex-a8 -O2  conftest.c >&5
conftest.c: In function 'main':
conftest.c:27:4: error: unknown type name 'not'
conftest.c:27:12: error: expected '=', ',', ';', 'asm' or '__attribute__' before 'endian'
configure:11853: $? = 1
configure: failed program was:
| /* confdefs.h */
| #define PACKAGE_NAME "pixman"
| #define PACKAGE_TARNAME "pixman"
| #define PACKAGE_VERSION "0.26.0"
| #define PACKAGE_STRING "pixman 0.26.0"
| #define PACKAGE_BUGREPORT "pixman@lists.freedesktop.org"
| #define PACKAGE_URL ""
| #define PACKAGE "pixman"
| #define VERSION "0.26.0"
| #define STDC_HEADERS 1
| #define HAVE_SYS_TYPES_H 1
| #define HAVE_SYS_STAT_H 1
| #define HAVE_STDLIB_H 1
| #define HAVE_STRING_H 1
| #define HAVE_INTTYPES_H 1
| #define HAVE_STDINT_H 1
| #define HAVE_UNISTD_H 1
| #define LT_OBJDIR ".libs/"
| /* end confdefs.h.  */
| #include <sys/types.h>
| 		#include <sys/param.h>
| 
| int
| main ()
| {
| #if BYTE_ORDER != BIG_ENDIAN
| 		 not big endian
| 		#endif
| 
|   ;
|   return 0;
| }
configure:11981: result: no
configure:11999: checking for inline
configure:12015: arm-none-eabi-gcc -c -mcpu=cortex-a8 -O2  conftest.c >&5
configure:12015: $? = 0
configure:12023: result: inline
configure:12047: checking whether the compiler supports -Werror
configure:12060: arm-none-eabi-gcc -o conftest -Werror   conftest.c  >&5
/mnt/work/bin/arm-2011.09/bin/../lib/gcc/arm-none-eabi/4.6.1/../../../../arm-none-eabi/bin/ld: warning: cannot find entry symbol _start; defaulting to 00008018
configure:12060: $? = 0
configure:12083: result: no
configure:12047: checking whether the compiler supports -errwarn
configure:12060: arm-none-eabi-gcc -o conftest -errwarn   conftest.c  >&5
/mnt/work/bin/arm-2011.09/bin/../lib/gcc/arm-none-eabi/4.6.1/../../../../arm-none-eabi/bin/ld: warning: cannot find entry symbol rrwarn; defaulting to 00008018
configure:12060: $? = 0
configure:12083: result: no
configure:12094: checking size of long
configure:12099: arm-none-eabi-gcc -c -mcpu=cortex-a8 -O2  conftest.c >&5
configure:12099: $? = 0
configure:12099: arm-none-eabi-gcc -c -mcpu=cortex-a8 -O2  conftest.c >&5
conftest.c: In function 'main':
conftest.c:56:12: error: size of array 'test_array' is negative
configure:12099: $? = 1
configure: failed program was:
| /* confdefs.h */
| #define PACKAGE_NAME "pixman"
| #define PACKAGE_TARNAME "pixman"
| #define PACKAGE_VERSION "0.26.0"
| #define PACKAGE_STRING "pixman 0.26.0"
| #define PACKAGE_BUGREPORT "pixman@lists.freedesktop.org"
| #define PACKAGE_URL ""
| #define PACKAGE "pixman"
| #define VERSION "0.26.0"
| #define STDC_HEADERS 1
| #define HAVE_SYS_TYPES_H 1
| #define HAVE_SYS_STAT_H 1
| #define HAVE_STDLIB_H 1
| #define HAVE_STRING_H 1
| #define HAVE_INTTYPES_H 1
| #define HAVE_STDINT_H 1
| #define HAVE_UNISTD_H 1
| #define LT_OBJDIR ".libs/"
| /* end confdefs.h.  */
| #include <stdio.h>
| #ifdef HAVE_SYS_TYPES_H
| # include <sys/types.h>
| #endif
| #ifdef HAVE_SYS_STAT_H
| # include <sys/stat.h>
| #endif
| #ifdef STDC_HEADERS
| # include <stdlib.h>
| # include <stddef.h>
| #else
| # ifdef HAVE_STDLIB_H
| #  include <stdlib.h>
| # endif
| #endif
| #ifdef HAVE_STRING_H
| # if !defined STDC_HEADERS && defined HAVE_MEMORY_H
| #  include <memory.h>
| # endif
| # include <string.h>
| #endif
| #ifdef HAVE_STRINGS_H
| # include <strings.h>
| #endif
| #ifdef HAVE_INTTYPES_H
| # include <inttypes.h>
| #endif
| #ifdef HAVE_STDINT_H
| # include <stdint.h>
| #endif
| #ifdef HAVE_UNISTD_H
| # include <unistd.h>
| #endif
| int
| main ()
| {
| static int test_array [1 - 2 * !(((long int) (sizeof (long))) <= 0)];
| test_array [0] = 0
| 
|   ;
|   return 0;
| }
configure:12099: arm-none-eabi-gcc -c -mcpu=cortex-a8 -O2  conftest.c >&5
conftest.c: In function 'main':
conftest.c:56:12: error: size of array 'test_array' is negative
configure:12099: $? = 1
configure: failed program was:
| /* confdefs.h */
| #define PACKAGE_NAME "pixman"
| #define PACKAGE_TARNAME "pixman"
| #define PACKAGE_VERSION "0.26.0"
| #define PACKAGE_STRING "pixman 0.26.0"
| #define PACKAGE_BUGREPORT "pixman@lists.freedesktop.org"
| #define PACKAGE_URL ""
| #define PACKAGE "pixman"
| #define VERSION "0.26.0"
| #define STDC_HEADERS 1
| #define HAVE_SYS_TYPES_H 1
| #define HAVE_SYS_STAT_H 1
| #define HAVE_STDLIB_H 1
| #define HAVE_STRING_H 1
| #define HAVE_INTTYPES_H 1
| #define HAVE_STDINT_H 1
| #define HAVE_UNISTD_H 1
| #define LT_OBJDIR ".libs/"
| /* end confdefs.h.  */
| #include <stdio.h>
| #ifdef HAVE_SYS_TYPES_H
| # include <sys/types.h>
| #endif
| #ifdef HAVE_SYS_STAT_H
| # include <sys/stat.h>
| #endif
| #ifdef STDC_HEADERS
| # include <stdlib.h>
| # include <stddef.h>
| #else
| # ifdef HAVE_STDLIB_H
| #  include <stdlib.h>
| # endif
| #endif
| #ifdef HAVE_STRING_H
| # if !defined STDC_HEADERS && defined HAVE_MEMORY_H
| #  include <memory.h>
| # endif
| # include <string.h>
| #endif
| #ifdef HAVE_STRINGS_H
| # include <strings.h>
| #endif
| #ifdef HAVE_INTTYPES_H
| # include <inttypes.h>
| #endif
| #ifdef HAVE_STDINT_H
| # include <stdint.h>
| #endif
| #ifdef HAVE_UNISTD_H
| # include <unistd.h>
| #endif
| int
| main ()
| {
| static int test_array [1 - 2 * !(((long int) (sizeof (long))) <= 1)];
| test_array [0] = 0
| 
|   ;
|   return 0;
| }
configure:12099: arm-none-eabi-gcc -c -mcpu=cortex-a8 -O2  conftest.c >&5
conftest.c: In function 'main':
conftest.c:56:12: error: size of array 'test_array' is negative
configure:12099: $? = 1
configure: failed program was:
| /* confdefs.h */
| #define PACKAGE_NAME "pixman"
| #define PACKAGE_TARNAME "pixman"
| #define PACKAGE_VERSION "0.26.0"
| #define PACKAGE_STRING "pixman 0.26.0"
| #define PACKAGE_BUGREPORT "pixman@lists.freedesktop.org"
| #define PACKAGE_URL ""
| #define PACKAGE "pixman"
| #define VERSION "0.26.0"
| #define STDC_HEADERS 1
| #define HAVE_SYS_TYPES_H 1
| #define HAVE_SYS_STAT_H 1
| #define HAVE_STDLIB_H 1
| #define HAVE_STRING_H 1
| #define HAVE_INTTYPES_H 1
| #define HAVE_STDINT_H 1
| #define HAVE_UNISTD_H 1
| #define LT_OBJDIR ".libs/"
| /* end confdefs.h.  */
| #include <stdio.h>
| #ifdef HAVE_SYS_TYPES_H
| # include <sys/types.h>
| #endif
| #ifdef HAVE_SYS_STAT_H
| # include <sys/stat.h>
| #endif
| #ifdef STDC_HEADERS
| # include <stdlib.h>
| # include <stddef.h>
| #else
| # ifdef HAVE_STDLIB_H
| #  include <stdlib.h>
| # endif
| #endif
| #ifdef HAVE_STRING_H
| # if !defined STDC_HEADERS && defined HAVE_MEMORY_H
| #  include <memory.h>
| # endif
| # include <string.h>
| #endif
| #ifdef HAVE_STRINGS_H
| # include <strings.h>
| #endif
| #ifdef HAVE_INTTYPES_H
| # include <inttypes.h>
| #endif
| #ifdef HAVE_STDINT_H
| # include <stdint.h>
| #endif
| #ifdef HAVE_UNISTD_H
| # include <unistd.h>
| #endif
| int
| main ()
| {
| static int test_array [1 - 2 * !(((long int) (sizeof (long))) <= 3)];
| test_array [0] = 0
| 
|   ;
|   return 0;
| }
configure:12099: arm-none-eabi-gcc -c -mcpu=cortex-a8 -O2  conftest.c >&5
configure:12099: $? = 0
configure:12099: arm-none-eabi-gcc -c -mcpu=cortex-a8 -O2  conftest.c >&5
configure:12099: $? = 0
configure:12099: arm-none-eabi-gcc -c -mcpu=cortex-a8 -O2  conftest.c >&5
configure:12099: $? = 0
configure:12113: result: 4
configure:12125: checking whether __SUNPRO_C is declared
configure:12125: arm-none-eabi-gcc -c -mcpu=cortex-a8 -O2  conftest.c >&5
conftest.c: In function 'main':
conftest.c:61:10: error: '__SUNPRO_C' undeclared (first use in this function)
conftest.c:61:10: note: each undeclared identifier is reported only once for each function it appears in
configure:12125: $? = 1
configure: failed program was:
| /* confdefs.h */
| #define PACKAGE_NAME "pixman"
| #define PACKAGE_TARNAME "pixman"
| #define PACKAGE_VERSION "0.26.0"
| #define PACKAGE_STRING "pixman 0.26.0"
| #define PACKAGE_BUGREPORT "pixman@lists.freedesktop.org"
| #define PACKAGE_URL ""
| #define PACKAGE "pixman"
| #define VERSION "0.26.0"
| #define STDC_HEADERS 1
| #define HAVE_SYS_TYPES_H 1
| #define HAVE_SYS_STAT_H 1
| #define HAVE_STDLIB_H 1
| #define HAVE_STRING_H 1
| #define HAVE_INTTYPES_H 1
| #define HAVE_STDINT_H 1
| #define HAVE_UNISTD_H 1
| #define LT_OBJDIR ".libs/"
| #define SIZEOF_LONG 4
| /* end confdefs.h.  */
| #include <stdio.h>
| #ifdef HAVE_SYS_TYPES_H
| # include <sys/types.h>
| #endif
| #ifdef HAVE_SYS_STAT_H
| # include <sys/stat.h>
| #endif
| #ifdef STDC_HEADERS
| # include <stdlib.h>
| # include <stddef.h>
| #else
| # ifdef HAVE_STDLIB_H
| #  include <stdlib.h>
| # endif
| #endif
| #ifdef HAVE_STRING_H
| # if !defined STDC_HEADERS && defined HAVE_MEMORY_H
| #  include <memory.h>
| # endif
| # include <string.h>
| #endif
| #ifdef HAVE_STRINGS_H
| # include <strings.h>
| #endif
| #ifdef HAVE_INTTYPES_H
| # include <inttypes.h>
| #endif
| #ifdef HAVE_STDINT_H
| # include <stdint.h>
| #endif
| #ifdef HAVE_UNISTD_H
| # include <unistd.h>
| #endif
| int
| main ()
| {
| #ifndef __SUNPRO_C
| #ifdef __cplusplus
|   (void) __SUNPRO_C;
| #else
|   (void) __SUNPRO_C;
| #endif
| #endif
| 
|   ;
|   return 0;
| }
configure:12125: result: no
configure:12132: checking whether __amd64 is declared
configure:12132: arm-none-eabi-gcc -c -mcpu=cortex-a8 -O2  conftest.c >&5
conftest.c: In function 'main':
conftest.c:61:10: error: '__amd64' undeclared (first use in this function)
conftest.c:61:10: note: each undeclared identifier is reported only once for each function it appears in
configure:12132: $? = 1
configure: failed program was:
| /* confdefs.h */
| #define PACKAGE_NAME "pixman"
| #define PACKAGE_TARNAME "pixman"
| #define PACKAGE_VERSION "0.26.0"
| #define PACKAGE_STRING "pixman 0.26.0"
| #define PACKAGE_BUGREPORT "pixman@lists.freedesktop.org"
| #define PACKAGE_URL ""
| #define PACKAGE "pixman"
| #define VERSION "0.26.0"
| #define STDC_HEADERS 1
| #define HAVE_SYS_TYPES_H 1
| #define HAVE_SYS_STAT_H 1
| #define HAVE_STDLIB_H 1
| #define HAVE_STRING_H 1
| #define HAVE_INTTYPES_H 1
| #define HAVE_STDINT_H 1
| #define HAVE_UNISTD_H 1
| #define LT_OBJDIR ".libs/"
| #define SIZEOF_LONG 4
| /* end confdefs.h.  */
| #include <stdio.h>
| #ifdef HAVE_SYS_TYPES_H
| # include <sys/types.h>
| #endif
| #ifdef HAVE_SYS_STAT_H
| # include <sys/stat.h>
| #endif
| #ifdef STDC_HEADERS
| # include <stdlib.h>
| # include <stddef.h>
| #else
| # ifdef HAVE_STDLIB_H
| #  include <stdlib.h>
| # endif
| #endif
| #ifdef HAVE_STRING_H
| # if !defined STDC_HEADERS && defined HAVE_MEMORY_H
| #  include <memory.h>
| # endif
| # include <string.h>
| #endif
| #ifdef HAVE_STRINGS_H
| # include <strings.h>
| #endif
| #ifdef HAVE_INTTYPES_H
| # include <inttypes.h>
| #endif
| #ifdef HAVE_STDINT_H
| # include <stdint.h>
| #endif
| #ifdef HAVE_UNISTD_H
| # include <unistd.h>
| #endif
| int
| main ()
| {
| #ifndef __amd64
| #ifdef __cplusplus
|   (void) __amd64;
| #else
|   (void) __amd64;
| #endif
| #endif
| 
|   ;
|   return 0;
| }
configure:12132: result: no
configure:12173: checking whether the compiler supports -Wall
configure:12188: arm-none-eabi-gcc -o conftest  -Wall   conftest.c  >&5
/mnt/work/bin/arm-2011.09/bin/../lib/gcc/arm-none-eabi/4.6.1/../../../../arm-none-eabi/bin/ld: warning: cannot find entry symbol _start; defaulting to 00008018
configure:12188: $? = 0
configure:12214: result: no
configure:12217: checking whether the compiler supports -fno-strict-aliasing
configure:12232: arm-none-eabi-gcc -o conftest  -fno-strict-aliasing   conftest.c  >&5
/mnt/work/bin/arm-2011.09/bin/../lib/gcc/arm-none-eabi/4.6.1/../../../../arm-none-eabi/bin/ld: warning: cannot find entry symbol _start; defaulting to 00008018
configure:12232: $? = 0
configure:12258: result: no
configure:12264: checking for perl
configure:12282: found /usr/bin/perl
configure:12295: result: /usr/bin/perl
configure:12319: checking for arm-none-eabi-gcc option to support OpenMP
configure:12334: arm-none-eabi-gcc -o conftest -mcpu=cortex-a8 -O2   conftest.c  >&5
conftest.c:23:2: error: unknown type name 'choke'
conftest.c:25:17: fatal error: omp.h: No such file or directory
compilation terminated.
configure:12334: $? = 1
configure: failed program was:
| /* confdefs.h */
| #define PACKAGE_NAME "pixman"
| #define PACKAGE_TARNAME "pixman"
| #define PACKAGE_VERSION "0.26.0"
| #define PACKAGE_STRING "pixman 0.26.0"
| #define PACKAGE_BUGREPORT "pixman@lists.freedesktop.org"
| #define PACKAGE_URL ""
| #define PACKAGE "pixman"
| #define VERSION "0.26.0"
| #define STDC_HEADERS 1
| #define HAVE_SYS_TYPES_H 1
| #define HAVE_SYS_STAT_H 1
| #define HAVE_STDLIB_H 1
| #define HAVE_STRING_H 1
| #define HAVE_INTTYPES_H 1
| #define HAVE_STDINT_H 1
| #define HAVE_UNISTD_H 1
| #define LT_OBJDIR ".libs/"
| #define SIZEOF_LONG 4
| /* end confdefs.h.  */
| 
| #ifndef _OPENMP
|  choke me
| #endif
| #include <omp.h>
| int main () { return omp_get_num_threads (); }
| 
configure:12351: arm-none-eabi-gcc -o conftest -mcpu=cortex-a8 -O2 -fopenmp   conftest.c  >&5
arm-none-eabi-gcc: error: unrecognized option '-pthread'
configure:12351: $? = 1
configure: failed program was:
| /* confdefs.h */
| #define PACKAGE_NAME "pixman"
| #define PACKAGE_TARNAME "pixman"
| #define PACKAGE_VERSION "0.26.0"
| #define PACKAGE_STRING "pixman 0.26.0"
| #define PACKAGE_BUGREPORT "pixman@lists.freedesktop.org"
| #define PACKAGE_URL ""
| #define PACKAGE "pixman"
| #define VERSION "0.26.0"
| #define STDC_HEADERS 1
| #define HAVE_SYS_TYPES_H 1
| #define HAVE_SYS_STAT_H 1
| #define HAVE_STDLIB_H 1
| #define HAVE_STRING_H 1
| #define HAVE_INTTYPES_H 1
| #define HAVE_STDINT_H 1
| #define HAVE_UNISTD_H 1
| #define LT_OBJDIR ".libs/"
| #define SIZEOF_LONG 4
| /* end confdefs.h.  */
| 
| #ifndef _OPENMP
|  choke me
| #endif
| #include <omp.h>
| int main () { return omp_get_num_threads (); }
| 
configure:12351: arm-none-eabi-gcc -o conftest -mcpu=cortex-a8 -O2 -xopenmp   conftest.c  >&5
arm-none-eabi-gcc: error: language openmp not recognized
arm-none-eabi-gcc: error: language openmp not recognized
configure:12351: $? = 1
configure: failed program was:
| /* confdefs.h */
| #define PACKAGE_NAME "pixman"
| #define PACKAGE_TARNAME "pixman"
| #define PACKAGE_VERSION "0.26.0"
| #define PACKAGE_STRING "pixman 0.26.0"
| #define PACKAGE_BUGREPORT "pixman@lists.freedesktop.org"
| #define PACKAGE_URL ""
| #define PACKAGE "pixman"
| #define VERSION "0.26.0"
| #define STDC_HEADERS 1
| #define HAVE_SYS_TYPES_H 1
| #define HAVE_SYS_STAT_H 1
| #define HAVE_STDLIB_H 1
| #define HAVE_STRING_H 1
| #define HAVE_INTTYPES_H 1
| #define HAVE_STDINT_H 1
| #define HAVE_UNISTD_H 1
| #define LT_OBJDIR ".libs/"
| #define SIZEOF_LONG 4
| /* end confdefs.h.  */
| 
| #ifndef _OPENMP
|  choke me
| #endif
| #include <omp.h>
| int main () { return omp_get_num_threads (); }
| 
configure:12351: arm-none-eabi-gcc -o conftest -mcpu=cortex-a8 -O2 -openmp   conftest.c  >&5
conftest.c:23:2: error: unknown type name 'choke'
conftest.c:25:17: fatal error: omp.h: No such file or directory
compilation terminated.
configure:12351: $? = 1
configure: failed program was:
| /* confdefs.h */
| #define PACKAGE_NAME "pixman"
| #define PACKAGE_TARNAME "pixman"
| #define PACKAGE_VERSION "0.26.0"
| #define PACKAGE_STRING "pixman 0.26.0"
| #define PACKAGE_BUGREPORT "pixman@lists.freedesktop.org"
| #define PACKAGE_URL ""
| #define PACKAGE "pixman"
| #define VERSION "0.26.0"
| #define STDC_HEADERS 1
| #define HAVE_SYS_TYPES_H 1
| #define HAVE_SYS_STAT_H 1
| #define HAVE_STDLIB_H 1
| #define HAVE_STRING_H 1
| #define HAVE_INTTYPES_H 1
| #define HAVE_STDINT_H 1
| #define HAVE_UNISTD_H 1
| #define LT_OBJDIR ".libs/"
| #define SIZEOF_LONG 4
| /* end confdefs.h.  */
| 
| #ifndef _OPENMP
|  choke me
| #endif
| #include <omp.h>
| int main () { return omp_get_num_threads (); }
| 
configure:12351: arm-none-eabi-gcc -o conftest -mcpu=cortex-a8 -O2 -mp   conftest.c  >&5
cc1: error: unrecognized command line option '-mp'
configure:12351: $? = 1
configure: failed program was:
| /* confdefs.h */
| #define PACKAGE_NAME "pixman"
| #define PACKAGE_TARNAME "pixman"
| #define PACKAGE_VERSION "0.26.0"
| #define PACKAGE_STRING "pixman 0.26.0"
| #define PACKAGE_BUGREPORT "pixman@lists.freedesktop.org"
| #define PACKAGE_URL ""
| #define PACKAGE "pixman"
| #define VERSION "0.26.0"
| #define STDC_HEADERS 1
| #define HAVE_SYS_TYPES_H 1
| #define HAVE_SYS_STAT_H 1
| #define HAVE_STDLIB_H 1
| #define HAVE_STRING_H 1
| #define HAVE_INTTYPES_H 1
| #define HAVE_STDINT_H 1
| #define HAVE_UNISTD_H 1
| #define LT_OBJDIR ".libs/"
| #define SIZEOF_LONG 4
| /* end confdefs.h.  */
| 
| #ifndef _OPENMP
|  choke me
| #endif
| #include <omp.h>
| int main () { return omp_get_num_threads (); }
| 
configure:12351: arm-none-eabi-gcc -o conftest -mcpu=cortex-a8 -O2 -omp   conftest.c  >&5
conftest.c:23:2: error: unknown type name 'choke'
conftest.c:25:17: fatal error: omp.h: No such file or directory
compilation terminated.
configure:12351: $? = 1
configure: failed program was:
| /* confdefs.h */
| #define PACKAGE_NAME "pixman"
| #define PACKAGE_TARNAME "pixman"
| #define PACKAGE_VERSION "0.26.0"
| #define PACKAGE_STRING "pixman 0.26.0"
| #define PACKAGE_BUGREPORT "pixman@lists.freedesktop.org"
| #define PACKAGE_URL ""
| #define PACKAGE "pixman"
| #define VERSION "0.26.0"
| #define STDC_HEADERS 1
| #define HAVE_SYS_TYPES_H 1
| #define HAVE_SYS_STAT_H 1
| #define HAVE_STDLIB_H 1
| #define HAVE_STRING_H 1
| #define HAVE_INTTYPES_H 1
| #define HAVE_STDINT_H 1
| #define HAVE_UNISTD_H 1
| #define LT_OBJDIR ".libs/"
| #define SIZEOF_LONG 4
| /* end confdefs.h.  */
| 
| #ifndef _OPENMP
|  choke me
| #endif
| #include <omp.h>
| int main () { return omp_get_num_threads (); }
| 
configure:12351: arm-none-eabi-gcc -o conftest -mcpu=cortex-a8 -O2 -qsmp=omp   conftest.c  >&5
arm-none-eabi-gcc: error: unrecognized option '-qsmp=omp'
configure:12351: $? = 1
configure: failed program was:
| /* confdefs.h */
| #define PACKAGE_NAME "pixman"
| #define PACKAGE_TARNAME "pixman"
| #define PACKAGE_VERSION "0.26.0"
| #define PACKAGE_STRING "pixman 0.26.0"
| #define PACKAGE_BUGREPORT "pixman@lists.freedesktop.org"
| #define PACKAGE_URL ""
| #define PACKAGE "pixman"
| #define VERSION "0.26.0"
| #define STDC_HEADERS 1
| #define HAVE_SYS_TYPES_H 1
| #define HAVE_SYS_STAT_H 1
| #define HAVE_STDLIB_H 1
| #define HAVE_STRING_H 1
| #define HAVE_INTTYPES_H 1
| #define HAVE_STDINT_H 1
| #define HAVE_UNISTD_H 1
| #define LT_OBJDIR ".libs/"
| #define SIZEOF_LONG 4
| /* end confdefs.h.  */
| 
| #ifndef _OPENMP
|  choke me
| #endif
| #include <omp.h>
| int main () { return omp_get_num_threads (); }
| 
configure:12365: result: unsupported
configure:12460: checking whether the compiler supports -fvisibility=hidden
configure:12482: arm-none-eabi-gcc -o conftest  -fvisibility=hidden   conftest.c  >&5
/mnt/work/bin/arm-2011.09/bin/../lib/gcc/arm-none-eabi/4.6.1/../../../../arm-none-eabi/bin/ld: warning: cannot find entry symbol _start; defaulting to 00008018
configure:12482: $? = 0
configure:12508: result: no
configure:12512: checking whether the compiler supports -xldscope=hidden
configure:12531: arm-none-eabi-gcc -o conftest  -xldscope=hidden   conftest.c  >&5
arm-none-eabi-gcc: error: language ldscope=hidden not recognized
arm-none-eabi-gcc: error: language ldscope=hidden not recognized
configure:12531: $? = 1
configure: failed program was:
| /* confdefs.h */
| #define PACKAGE_NAME "pixman"
| #define PACKAGE_TARNAME "pixman"
| #define PACKAGE_VERSION "0.26.0"
| #define PACKAGE_STRING "pixman 0.26.0"
| #define PACKAGE_BUGREPORT "pixman@lists.freedesktop.org"
| #define PACKAGE_URL ""
| #define PACKAGE "pixman"
| #define VERSION "0.26.0"
| #define STDC_HEADERS 1
| #define HAVE_SYS_TYPES_H 1
| #define HAVE_SYS_STAT_H 1
| #define HAVE_STDLIB_H 1
| #define HAVE_STRING_H 1
| #define HAVE_INTTYPES_H 1
| #define HAVE_STDINT_H 1
| #define HAVE_UNISTD_H 1
| #define LT_OBJDIR ".libs/"
| #define SIZEOF_LONG 4
| /* end confdefs.h.  */
| #if defined(__SUNPRO_C) && (__SUNPRO_C >= 0x550)
| #else
| #error Need Sun Studio 8 for visibility
| #endif
| 
| 		 int main(int c, char **v) { (void)c; (void)v; return 0; }
| 
configure:12557: result: no
configure:12567: checking whether to use Loongson MMI assembler
configure:12592: arm-none-eabi-gcc -c  -march=loongson2f -mcpu=cortex-a8 -O2 -I.  conftest.c >&5
cc1: error: bad value (loongson2f) for -march switch
configure:12592: $? = 1
configure: failed program was:
| /* confdefs.h */
| #define PACKAGE_NAME "pixman"
| #define PACKAGE_TARNAME "pixman"
| #define PACKAGE_VERSION "0.26.0"
| #define PACKAGE_STRING "pixman 0.26.0"
| #define PACKAGE_BUGREPORT "pixman@lists.freedesktop.org"
| #define PACKAGE_URL ""
| #define PACKAGE "pixman"
| #define VERSION "0.26.0"
| #define STDC_HEADERS 1
| #define HAVE_SYS_TYPES_H 1
| #define HAVE_SYS_STAT_H 1
| #define HAVE_STDLIB_H 1
| #define HAVE_STRING_H 1
| #define HAVE_INTTYPES_H 1
| #define HAVE_STDINT_H 1
| #define HAVE_UNISTD_H 1
| #define LT_OBJDIR ".libs/"
| #define SIZEOF_LONG 4
| /* end confdefs.h.  */
| 
| #ifndef __mips_loongson_vector_rev
| #error "Loongson Multimedia Instructions are only available on Loongson"
| #endif
| #if defined(__GNUC__) && (__GNUC__ < 4 || (__GNUC__ == 4 && __GNUC_MINOR__ < 4))
| #error "Need GCC >= 4.4 for Loongson MMI compilation"
| #endif
| #include "pixman/loongson-mmintrin.h"
| int main () {
|     union {
|         __m64 v;
|         char c[8];
|     } a = { .c = {1, 2, 3, 4, 5, 6, 7, 8} };
|     int b = 4;
|     __m64 c = _mm_srli_pi16 (a.v, b);
|     return 0;
| }
configure:12618: result: no
configure:12648: checking whether to use MMX intrinsics
configure:12673: arm-none-eabi-gcc -c -mmmx -Winline -mcpu=cortex-a8 -O2  conftest.c >&5
cc1: error: unrecognized command line option '-mmmx'
configure:12673: $? = 1
configure: failed program was:
| /* confdefs.h */
| #define PACKAGE_NAME "pixman"
| #define PACKAGE_TARNAME "pixman"
| #define PACKAGE_VERSION "0.26.0"
| #define PACKAGE_STRING "pixman 0.26.0"
| #define PACKAGE_BUGREPORT "pixman@lists.freedesktop.org"
| #define PACKAGE_URL ""
| #define PACKAGE "pixman"
| #define VERSION "0.26.0"
| #define STDC_HEADERS 1
| #define HAVE_SYS_TYPES_H 1
| #define HAVE_SYS_STAT_H 1
| #define HAVE_STDLIB_H 1
| #define HAVE_STRING_H 1
| #define HAVE_INTTYPES_H 1
| #define HAVE_STDINT_H 1
| #define HAVE_UNISTD_H 1
| #define LT_OBJDIR ".libs/"
| #define SIZEOF_LONG 4
| /* end confdefs.h.  */
| 
| #if defined(__GNUC__) && (__GNUC__ < 3 || (__GNUC__ == 3 && __GNUC_MINOR__ < 4))
| #error "Need GCC >= 3.4 for MMX intrinsics"
| #endif
| #include <mmintrin.h>
| int main () {
|     __m64 v = _mm_cvtsi32_si64 (1);
|     __m64 w;
|     signed char x = 0;
| 
|     /* Some versions of clang will choke on K */
|     asm ("pshufw %2, %1, %0\n\t"
|         : "=y" (w)
|         : "y" (v), "K" (x)
|     );
| 
|     return _mm_cvtsi64_si32 (v);
| }
configure:12699: result: no
configure:12727: checking whether to use SSE2 intrinsics
configure:12749: arm-none-eabi-gcc -c -msse2 -Winline -mcpu=cortex-a8 -O2  conftest.c >&5
cc1: error: unrecognized command line option '-msse2'
configure:12749: $? = 1
configure: failed program was:
| /* confdefs.h */
| #define PACKAGE_NAME "pixman"
| #define PACKAGE_TARNAME "pixman"
| #define PACKAGE_VERSION "0.26.0"
| #define PACKAGE_STRING "pixman 0.26.0"
| #define PACKAGE_BUGREPORT "pixman@lists.freedesktop.org"
| #define PACKAGE_URL ""
| #define PACKAGE "pixman"
| #define VERSION "0.26.0"
| #define STDC_HEADERS 1
| #define HAVE_SYS_TYPES_H 1
| #define HAVE_SYS_STAT_H 1
| #define HAVE_STDLIB_H 1
| #define HAVE_STRING_H 1
| #define HAVE_INTTYPES_H 1
| #define HAVE_STDINT_H 1
| #define HAVE_UNISTD_H 1
| #define LT_OBJDIR ".libs/"
| #define SIZEOF_LONG 4
| /* end confdefs.h.  */
| 
| #if defined(__GNUC__) && (__GNUC__ < 4 || (__GNUC__ == 4 && __GNUC_MINOR__ < 2))
| #   if !defined(__amd64__) && !defined(__x86_64__)
| #      error "Need GCC >= 4.2 for SSE2 intrinsics on x86"
| #   endif
| #endif
| #include <mmintrin.h>
| #include <xmmintrin.h>
| #include <emmintrin.h>
| int main () {
|     __m128i a = _mm_set1_epi32 (0), b = _mm_set1_epi32 (0), c;
| 	c = _mm_xor_si128 (a, b);
|     return 0;
| }
configure:12773: result: no
configure:12839: checking whether to use VMX/Altivec intrinsics
configure:12856: arm-none-eabi-gcc -c -maltivec -mabi=altivec -mcpu=cortex-a8 -O2  conftest.c >&5
cc1: error: unrecognized command line option '-maltivec'
conftest.c:1:0: error: invalid ABI option: -mabi=altivec
configure:12856: $? = 1
configure: failed program was:
| /* confdefs.h */
| #define PACKAGE_NAME "pixman"
| #define PACKAGE_TARNAME "pixman"
| #define PACKAGE_VERSION "0.26.0"
| #define PACKAGE_STRING "pixman 0.26.0"
| #define PACKAGE_BUGREPORT "pixman@lists.freedesktop.org"
| #define PACKAGE_URL ""
| #define PACKAGE "pixman"
| #define VERSION "0.26.0"
| #define STDC_HEADERS 1
| #define HAVE_SYS_TYPES_H 1
| #define HAVE_SYS_STAT_H 1
| #define HAVE_STDLIB_H 1
| #define HAVE_STRING_H 1
| #define HAVE_INTTYPES_H 1
| #define HAVE_STDINT_H 1
| #define HAVE_UNISTD_H 1
| #define LT_OBJDIR ".libs/"
| #define SIZEOF_LONG 4
| /* end confdefs.h.  */
| 
| #if defined(__GNUC__) && (__GNUC__ < 3 || (__GNUC__ == 3 && __GNUC_MINOR__ < 4))
| #error "Need GCC >= 3.4 for sane altivec support"
| #endif
| #include <altivec.h>
| int main () {
|     vector unsigned int v = vec_splat_u32 (1);
|     v = vec_sub (v, v);
|     return 0;
| }
configure:12882: result: no
configure:12900: checking whether to use ARM SIMD assembler
configure:12918: arm-none-eabi-gcc -c -x assembler-with-cpp -mcpu=cortex-a8 -O2  conftest.c >&5
configure:12918: $? = 0
configure:12951: result: yes
configure:12958: checking whether to use ARM NEON assembler
configure:12978: arm-none-eabi-gcc -c -x assembler-with-cpp -mcpu=cortex-a8 -O2  conftest.c >&5
configure:12978: $? = 0
configure:13011: result: yes
configure:13023: checking whether to use ARM IWMMXT intrinsics
configure:13049: arm-none-eabi-gcc -c -march=iwmmxt -flax-vector-conversions -Winline -mcpu=cortex-a8 -O2  conftest.c >&5
conftest.c:1:0: warning: switch -mcpu=cortex-a8 conflicts with -march=iwmmxt switch [enabled by default]
In file included from conftest.c:33:0:
/mnt/work/bin/arm-2011.09/bin/../lib/gcc/arm-none-eabi/4.6.1/include/mmintrin.h: In function 'main':
/mnt/work/bin/arm-2011.09/bin/../lib/gcc/arm-none-eabi/4.6.1/include/mmintrin.h:552:39: internal compiler error: in arm_expand_binop_builtin, at config/arm/arm.c:20489
Please submit a full bug report,
with preprocessed source if appropriate.
See <https://support.codesourcery.com/GNUToolchain/> for instructions.
configure:13049: $? = 1
configure: failed program was:
| /* confdefs.h */
| #define PACKAGE_NAME "pixman"
| #define PACKAGE_TARNAME "pixman"
| #define PACKAGE_VERSION "0.26.0"
| #define PACKAGE_STRING "pixman 0.26.0"
| #define PACKAGE_BUGREPORT "pixman@lists.freedesktop.org"
| #define PACKAGE_URL ""
| #define PACKAGE "pixman"
| #define VERSION "0.26.0"
| #define STDC_HEADERS 1
| #define HAVE_SYS_TYPES_H 1
| #define HAVE_SYS_STAT_H 1
| #define HAVE_STDLIB_H 1
| #define HAVE_STRING_H 1
| #define HAVE_INTTYPES_H 1
| #define HAVE_STDINT_H 1
| #define HAVE_UNISTD_H 1
| #define LT_OBJDIR ".libs/"
| #define SIZEOF_LONG 4
| #define USE_ARM_SIMD 1
| #define USE_ARM_NEON 1
| /* end confdefs.h.  */
| 
| #ifndef __arm__
| #error "IWMMXT is only available on ARM"
| #endif
| #ifndef __IWMMXT__
| #error "IWMMXT not enabled (with -march=iwmmxt)"
| #endif
| #if defined(__GNUC__) && (__GNUC__ < 4 || (__GNUC__ == 4 && __GNUC_MINOR__ < 5))
| #error "Need GCC >= 4.5 for IWMMXT intrinsics"
| #endif
| #include <mmintrin.h>
| int main () {
| 	union {
| 		__m64 v;
| 		char c[8];
| 	} a = { .c = {1, 2, 3, 4, 5, 6, 7, 8} };
| 	int b = 4;
| 	__m64 c = _mm_srli_si64 (a.v, b);
| }
configure:13075: result: no
configure:13092: checking whether to use MIPS DSPr2 assembler
configure:13115: arm-none-eabi-gcc -c -mdspr2 -mcpu=cortex-a8 -O2  conftest.c >&5
cc1: error: unrecognized command line option '-mdspr2'
configure:13115: $? = 1
configure: failed program was:
| /* confdefs.h */
| #define PACKAGE_NAME "pixman"
| #define PACKAGE_TARNAME "pixman"
| #define PACKAGE_VERSION "0.26.0"
| #define PACKAGE_STRING "pixman 0.26.0"
| #define PACKAGE_BUGREPORT "pixman@lists.freedesktop.org"
| #define PACKAGE_URL ""
| #define PACKAGE "pixman"
| #define VERSION "0.26.0"
| #define STDC_HEADERS 1
| #define HAVE_SYS_TYPES_H 1
| #define HAVE_SYS_STAT_H 1
| #define HAVE_STDLIB_H 1
| #define HAVE_STRING_H 1
| #define HAVE_INTTYPES_H 1
| #define HAVE_STDINT_H 1
| #define HAVE_UNISTD_H 1
| #define LT_OBJDIR ".libs/"
| #define SIZEOF_LONG 4
| #define USE_ARM_SIMD 1
| #define USE_ARM_NEON 1
| /* end confdefs.h.  */
| 
| #if !(defined(__mips__) &&  __mips_isa_rev >= 2)
| #error MIPS DSPr2 is currently only available on MIPS32r2 platforms.
| #endif
| int
| main ()
| {
|     int c = 0, a = 0, b = 0;
|     __asm__ __volatile__ (
|         "precr.qb.ph %[c], %[a], %[b]          \n\t"
|         : [c] "=r" (c)
|         : [a] "r" (a), [b] "r" (b)
|     );
|     return c;
| }
configure:13148: result: no
configure:13156: checking whether to use GNU-style inline assembler
configure:13167: arm-none-eabi-gcc -c -mcpu=cortex-a8 -O2  conftest.c >&5
configure:13167: $? = 0
configure:13190: result: yes
configure:13255: checking for arm-none-eabi-pkg-config
configure:13288: result: no
configure:13298: checking for pkg-config
configure:13316: found /usr/bin/pkg-config
configure:13328: result: /usr/bin/pkg-config
configure:13353: checking pkg-config is at least version 0.9.0
configure:13356: result: yes
configure:13505: checking for pixman_version_string in -lpixman-1
configure:13530: arm-none-eabi-gcc -o conftest -mcpu=cortex-a8 -O2   conftest.c -lpixman-1   >&5
/mnt/work/bin/arm-2011.09/bin/../lib/gcc/arm-none-eabi/4.6.1/../../../../arm-none-eabi/bin/ld: cannot find -lpixman-1
collect2: ld returned 1 exit status
configure:13530: $? = 1
configure: failed program was:
| /* confdefs.h */
| #define PACKAGE_NAME "pixman"
| #define PACKAGE_TARNAME "pixman"
| #define PACKAGE_VERSION "0.26.0"
| #define PACKAGE_STRING "pixman 0.26.0"
| #define PACKAGE_BUGREPORT "pixman@lists.freedesktop.org"
| #define PACKAGE_URL ""
| #define PACKAGE "pixman"
| #define VERSION "0.26.0"
| #define STDC_HEADERS 1
| #define HAVE_SYS_TYPES_H 1
| #define HAVE_SYS_STAT_H 1
| #define HAVE_STDLIB_H 1
| #define HAVE_STRING_H 1
| #define HAVE_INTTYPES_H 1
| #define HAVE_STDINT_H 1
| #define HAVE_UNISTD_H 1
| #define LT_OBJDIR ".libs/"
| #define SIZEOF_LONG 4
| #define USE_ARM_SIMD 1
| #define USE_ARM_NEON 1
| #define USE_GCC_INLINE_ASM 1
| /* end confdefs.h.  */
| 
| /* Override any GCC internal prototype to avoid an error.
|    Use char because int might match the return type of a GCC
|    builtin and then its argument prototype would still apply.  */
| #ifdef __cplusplus
| extern "C"
| #endif
| char pixman_version_string ();
| int
| main ()
| {
| return pixman_version_string ();
|   ;
|   return 0;
| }
configure:13539: result: no
configure:13636: checking for posix_memalign
configure:13636: arm-none-eabi-gcc -o conftest -mcpu=cortex-a8 -O2   conftest.c  >&5
/mnt/work/bin/arm-2011.09/bin/../lib/gcc/arm-none-eabi/4.6.1/../../../../arm-none-eabi/bin/ld: warning: cannot find entry symbol _start; defaulting to 00008018
/tmp/ccoorTdu.o: In function `main':
conftest.c:(.text.startup+0x4): undefined reference to `posix_memalign'
collect2: ld returned 1 exit status
configure:13636: $? = 1
configure: failed program was:
| /* confdefs.h */
| #define PACKAGE_NAME "pixman"
| #define PACKAGE_TARNAME "pixman"
| #define PACKAGE_VERSION "0.26.0"
| #define PACKAGE_STRING "pixman 0.26.0"
| #define PACKAGE_BUGREPORT "pixman@lists.freedesktop.org"
| #define PACKAGE_URL ""
| #define PACKAGE "pixman"
| #define VERSION "0.26.0"
| #define STDC_HEADERS 1
| #define HAVE_SYS_TYPES_H 1
| #define HAVE_SYS_STAT_H 1
| #define HAVE_STDLIB_H 1
| #define HAVE_STRING_H 1
| #define HAVE_INTTYPES_H 1
| #define HAVE_STDINT_H 1
| #define HAVE_UNISTD_H 1
| #define LT_OBJDIR ".libs/"
| #define SIZEOF_LONG 4
| #define USE_ARM_SIMD 1
| #define USE_ARM_NEON 1
| #define USE_GCC_INLINE_ASM 1
| /* end confdefs.h.  */
| /* Define posix_memalign to an innocuous variant, in case <limits.h> declares posix_memalign.
|    For example, HP-UX 11i <limits.h> declares gettimeofday.  */
| #define posix_memalign innocuous_posix_memalign
| 
| /* System header to define __stub macros and hopefully few prototypes,
|     which can conflict with char posix_memalign (); below.
|     Prefer <limits.h> to <assert.h> if __STDC__ is defined, since
|     <limits.h> exists even on freestanding compilers.  */
| 
| #ifdef __STDC__
| # include <limits.h>
| #else
| # include <assert.h>
| #endif
| 
| #undef posix_memalign
| 
| /* Override any GCC internal prototype to avoid an error.
|    Use char because int might match the return type of a GCC
|    builtin and then its argument prototype would still apply.  */
| #ifdef __cplusplus
| extern "C"
| #endif
| char posix_memalign ();
| /* The GNU C library defines this for functions which it implements
|     to always fail with ENOSYS.  Some functions are actually named
|     something starting with __ and the normal name is an alias.  */
| #if defined __stub_posix_memalign || defined __stub___posix_memalign
| choke me
| #endif
| 
| int
| main ()
| {
| return posix_memalign ();
|   ;
|   return 0;
| }
configure:13636: result: no
configure:13649: checking for sigaction
configure:13649: arm-none-eabi-gcc -o conftest -mcpu=cortex-a8 -O2   conftest.c  >&5
/mnt/work/bin/arm-2011.09/bin/../lib/gcc/arm-none-eabi/4.6.1/../../../../arm-none-eabi/bin/ld: warning: cannot find entry symbol _start; defaulting to 00008018
/tmp/cciBoNEL.o: In function `main':
conftest.c:(.text.startup+0x4): undefined reference to `sigaction'
collect2: ld returned 1 exit status
configure:13649: $? = 1
configure: failed program was:
| /* confdefs.h */
| #define PACKAGE_NAME "pixman"
| #define PACKAGE_TARNAME "pixman"
| #define PACKAGE_VERSION "0.26.0"
| #define PACKAGE_STRING "pixman 0.26.0"
| #define PACKAGE_BUGREPORT "pixman@lists.freedesktop.org"
| #define PACKAGE_URL ""
| #define PACKAGE "pixman"
| #define VERSION "0.26.0"
| #define STDC_HEADERS 1
| #define HAVE_SYS_TYPES_H 1
| #define HAVE_SYS_STAT_H 1
| #define HAVE_STDLIB_H 1
| #define HAVE_STRING_H 1
| #define HAVE_INTTYPES_H 1
| #define HAVE_STDINT_H 1
| #define HAVE_UNISTD_H 1
| #define LT_OBJDIR ".libs/"
| #define SIZEOF_LONG 4
| #define USE_ARM_SIMD 1
| #define USE_ARM_NEON 1
| #define USE_GCC_INLINE_ASM 1
| /* end confdefs.h.  */
| /* Define sigaction to an innocuous variant, in case <limits.h> declares sigaction.
|    For example, HP-UX 11i <limits.h> declares gettimeofday.  */
| #define sigaction innocuous_sigaction
| 
| /* System header to define __stub macros and hopefully few prototypes,
|     which can conflict with char sigaction (); below.
|     Prefer <limits.h> to <assert.h> if __STDC__ is defined, since
|     <limits.h> exists even on freestanding compilers.  */
| 
| #ifdef __STDC__
| # include <limits.h>
| #else
| # include <assert.h>
| #endif
| 
| #undef sigaction
| 
| /* Override any GCC internal prototype to avoid an error.
|    Use char because int might match the return type of a GCC
|    builtin and then its argument prototype would still apply.  */
| #ifdef __cplusplus
| extern "C"
| #endif
| char sigaction ();
| /* The GNU C library defines this for functions which it implements
|     to always fail with ENOSYS.  Some functions are actually named
|     something starting with __ and the normal name is an alias.  */
| #if defined __stub_sigaction || defined __stub___sigaction
| choke me
| #endif
| 
| int
| main ()
| {
| return sigaction ();
|   ;
|   return 0;
| }
configure:13649: result: no
configure:13662: checking for alarm
configure:13662: arm-none-eabi-gcc -o conftest -mcpu=cortex-a8 -O2   conftest.c  >&5
/mnt/work/bin/arm-2011.09/bin/../lib/gcc/arm-none-eabi/4.6.1/../../../../arm-none-eabi/bin/ld: warning: cannot find entry symbol _start; defaulting to 00008018
/tmp/ccg8mlrY.o: In function `main':
conftest.c:(.text.startup+0x4): undefined reference to `alarm'
collect2: ld returned 1 exit status
configure:13662: $? = 1
configure: failed program was:
| /* confdefs.h */
| #define PACKAGE_NAME "pixman"
| #define PACKAGE_TARNAME "pixman"
| #define PACKAGE_VERSION "0.26.0"
| #define PACKAGE_STRING "pixman 0.26.0"
| #define PACKAGE_BUGREPORT "pixman@lists.freedesktop.org"
| #define PACKAGE_URL ""
| #define PACKAGE "pixman"
| #define VERSION "0.26.0"
| #define STDC_HEADERS 1
| #define HAVE_SYS_TYPES_H 1
| #define HAVE_SYS_STAT_H 1
| #define HAVE_STDLIB_H 1
| #define HAVE_STRING_H 1
| #define HAVE_INTTYPES_H 1
| #define HAVE_STDINT_H 1
| #define HAVE_UNISTD_H 1
| #define LT_OBJDIR ".libs/"
| #define SIZEOF_LONG 4
| #define USE_ARM_SIMD 1
| #define USE_ARM_NEON 1
| #define USE_GCC_INLINE_ASM 1
| /* end confdefs.h.  */
| /* Define alarm to an innocuous variant, in case <limits.h> declares alarm.
|    For example, HP-UX 11i <limits.h> declares gettimeofday.  */
| #define alarm innocuous_alarm
| 
| /* System header to define __stub macros and hopefully few prototypes,
|     which can conflict with char alarm (); below.
|     Prefer <limits.h> to <assert.h> if __STDC__ is defined, since
|     <limits.h> exists even on freestanding compilers.  */
| 
| #ifdef __STDC__
| # include <limits.h>
| #else
| # include <assert.h>
| #endif
| 
| #undef alarm
| 
| /* Override any GCC internal prototype to avoid an error.
|    Use char because int might match the return type of a GCC
|    builtin and then its argument prototype would still apply.  */
| #ifdef __cplusplus
| extern "C"
| #endif
| char alarm ();
| /* The GNU C library defines this for functions which it implements
|     to always fail with ENOSYS.  Some functions are actually named
|     something starting with __ and the normal name is an alias.  */
| #if defined __stub_alarm || defined __stub___alarm
| choke me
| #endif
| 
| int
| main ()
| {
| return alarm ();
|   ;
|   return 0;
| }
configure:13662: result: no
configure:13675: checking sys/mman.h usability
configure:13675: arm-none-eabi-gcc -c -mcpu=cortex-a8 -O2  conftest.c >&5
conftest.c:57:22: fatal error: sys/mman.h: No such file or directory
compilation terminated.
configure:13675: $? = 1
configure: failed program was:
| /* confdefs.h */
| #define PACKAGE_NAME "pixman"
| #define PACKAGE_TARNAME "pixman"
| #define PACKAGE_VERSION "0.26.0"
| #define PACKAGE_STRING "pixman 0.26.0"
| #define PACKAGE_BUGREPORT "pixman@lists.freedesktop.org"
| #define PACKAGE_URL ""
| #define PACKAGE "pixman"
| #define VERSION "0.26.0"
| #define STDC_HEADERS 1
| #define HAVE_SYS_TYPES_H 1
| #define HAVE_SYS_STAT_H 1
| #define HAVE_STDLIB_H 1
| #define HAVE_STRING_H 1
| #define HAVE_INTTYPES_H 1
| #define HAVE_STDINT_H 1
| #define HAVE_UNISTD_H 1
| #define LT_OBJDIR ".libs/"
| #define SIZEOF_LONG 4
| #define USE_ARM_SIMD 1
| #define USE_ARM_NEON 1
| #define USE_GCC_INLINE_ASM 1
| /* end confdefs.h.  */
| #include <stdio.h>
| #ifdef HAVE_SYS_TYPES_H
| # include <sys/types.h>
| #endif
| #ifdef HAVE_SYS_STAT_H
| # include <sys/stat.h>
| #endif
| #ifdef STDC_HEADERS
| # include <stdlib.h>
| # include <stddef.h>
| #else
| # ifdef HAVE_STDLIB_H
| #  include <stdlib.h>
| # endif
| #endif
| #ifdef HAVE_STRING_H
| # if !defined STDC_HEADERS && defined HAVE_MEMORY_H
| #  include <memory.h>
| # endif
| # include <string.h>
| #endif
| #ifdef HAVE_STRINGS_H
| # include <strings.h>
| #endif
| #ifdef HAVE_INTTYPES_H
| # include <inttypes.h>
| #endif
| #ifdef HAVE_STDINT_H
| # include <stdint.h>
| #endif
| #ifdef HAVE_UNISTD_H
| # include <unistd.h>
| #endif
| #include <sys/mman.h>
configure:13675: result: no
configure:13675: checking sys/mman.h presence
configure:13675: arm-none-eabi-gcc -E  conftest.c
conftest.c:24:22: fatal error: sys/mman.h: No such file or directory
compilation terminated.
configure:13675: $? = 1
configure: failed program was:
| /* confdefs.h */
| #define PACKAGE_NAME "pixman"
| #define PACKAGE_TARNAME "pixman"
| #define PACKAGE_VERSION "0.26.0"
| #define PACKAGE_STRING "pixman 0.26.0"
| #define PACKAGE_BUGREPORT "pixman@lists.freedesktop.org"
| #define PACKAGE_URL ""
| #define PACKAGE "pixman"
| #define VERSION "0.26.0"
| #define STDC_HEADERS 1
| #define HAVE_SYS_TYPES_H 1
| #define HAVE_SYS_STAT_H 1
| #define HAVE_STDLIB_H 1
| #define HAVE_STRING_H 1
| #define HAVE_INTTYPES_H 1
| #define HAVE_STDINT_H 1
| #define HAVE_UNISTD_H 1
| #define LT_OBJDIR ".libs/"
| #define SIZEOF_LONG 4
| #define USE_ARM_SIMD 1
| #define USE_ARM_NEON 1
| #define USE_GCC_INLINE_ASM 1
| /* end confdefs.h.  */
| #include <sys/mman.h>
configure:13675: result: no
configure:13675: checking for sys/mman.h
configure:13675: result: no
configure:13684: checking for mmap
configure:13684: arm-none-eabi-gcc -o conftest -mcpu=cortex-a8 -O2   conftest.c  >&5
/mnt/work/bin/arm-2011.09/bin/../lib/gcc/arm-none-eabi/4.6.1/../../../../arm-none-eabi/bin/ld: warning: cannot find entry symbol _start; defaulting to 00008018
/tmp/cc09ScCf.o: In function `main':
conftest.c:(.text.startup+0x4): undefined reference to `mmap'
collect2: ld returned 1 exit status
configure:13684: $? = 1
configure: failed program was:
| /* confdefs.h */
| #define PACKAGE_NAME "pixman"
| #define PACKAGE_TARNAME "pixman"
| #define PACKAGE_VERSION "0.26.0"
| #define PACKAGE_STRING "pixman 0.26.0"
| #define PACKAGE_BUGREPORT "pixman@lists.freedesktop.org"
| #define PACKAGE_URL ""
| #define PACKAGE "pixman"
| #define VERSION "0.26.0"
| #define STDC_HEADERS 1
| #define HAVE_SYS_TYPES_H 1
| #define HAVE_SYS_STAT_H 1
| #define HAVE_STDLIB_H 1
| #define HAVE_STRING_H 1
| #define HAVE_INTTYPES_H 1
| #define HAVE_STDINT_H 1
| #define HAVE_UNISTD_H 1
| #define LT_OBJDIR ".libs/"
| #define SIZEOF_LONG 4
| #define USE_ARM_SIMD 1
| #define USE_ARM_NEON 1
| #define USE_GCC_INLINE_ASM 1
| /* end confdefs.h.  */
| /* Define mmap to an innocuous variant, in case <limits.h> declares mmap.
|    For example, HP-UX 11i <limits.h> declares gettimeofday.  */
| #define mmap innocuous_mmap
| 
| /* System header to define __stub macros and hopefully few prototypes,
|     which can conflict with char mmap (); below.
|     Prefer <limits.h> to <assert.h> if __STDC__ is defined, since
|     <limits.h> exists even on freestanding compilers.  */
| 
| #ifdef __STDC__
| # include <limits.h>
| #else
| # include <assert.h>
| #endif
| 
| #undef mmap
| 
| /* Override any GCC internal prototype to avoid an error.
|    Use char because int might match the return type of a GCC
|    builtin and then its argument prototype would still apply.  */
| #ifdef __cplusplus
| extern "C"
| #endif
| char mmap ();
| /* The GNU C library defines this for functions which it implements
|     to always fail with ENOSYS.  Some functions are actually named
|     something starting with __ and the normal name is an alias.  */
| #if defined __stub_mmap || defined __stub___mmap
| choke me
| #endif
| 
| int
| main ()
| {
| return mmap ();
|   ;
|   return 0;
| }
configure:13684: result: no
configure:13697: checking for mprotect
configure:13697: arm-none-eabi-gcc -o conftest -mcpu=cortex-a8 -O2   conftest.c  >&5
/mnt/work/bin/arm-2011.09/bin/../lib/gcc/arm-none-eabi/4.6.1/../../../../arm-none-eabi/bin/ld: warning: cannot find entry symbol _start; defaulting to 00008018
/tmp/cc4xD7is.o: In function `main':
conftest.c:(.text.startup+0x4): undefined reference to `mprotect'
collect2: ld returned 1 exit status
configure:13697: $? = 1
configure: failed program was:
| /* confdefs.h */
| #define PACKAGE_NAME "pixman"
| #define PACKAGE_TARNAME "pixman"
| #define PACKAGE_VERSION "0.26.0"
| #define PACKAGE_STRING "pixman 0.26.0"
| #define PACKAGE_BUGREPORT "pixman@lists.freedesktop.org"
| #define PACKAGE_URL ""
| #define PACKAGE "pixman"
| #define VERSION "0.26.0"
| #define STDC_HEADERS 1
| #define HAVE_SYS_TYPES_H 1
| #define HAVE_SYS_STAT_H 1
| #define HAVE_STDLIB_H 1
| #define HAVE_STRING_H 1
| #define HAVE_INTTYPES_H 1
| #define HAVE_STDINT_H 1
| #define HAVE_UNISTD_H 1
| #define LT_OBJDIR ".libs/"
| #define SIZEOF_LONG 4
| #define USE_ARM_SIMD 1
| #define USE_ARM_NEON 1
| #define USE_GCC_INLINE_ASM 1
| /* end confdefs.h.  */
| /* Define mprotect to an innocuous variant, in case <limits.h> declares mprotect.
|    For example, HP-UX 11i <limits.h> declares gettimeofday.  */
| #define mprotect innocuous_mprotect
| 
| /* System header to define __stub macros and hopefully few prototypes,
|     which can conflict with char mprotect (); below.
|     Prefer <limits.h> to <assert.h> if __STDC__ is defined, since
|     <limits.h> exists even on freestanding compilers.  */
| 
| #ifdef __STDC__
| # include <limits.h>
| #else
| # include <assert.h>
| #endif
| 
| #undef mprotect
| 
| /* Override any GCC internal prototype to avoid an error.
|    Use char because int might match the return type of a GCC
|    builtin and then its argument prototype would still apply.  */
| #ifdef __cplusplus
| extern "C"
| #endif
| char mprotect ();
| /* The GNU C library defines this for functions which it implements
|     to always fail with ENOSYS.  Some functions are actually named
|     something starting with __ and the normal name is an alias.  */
| #if defined __stub_mprotect || defined __stub___mprotect
| choke me
| #endif
| 
| int
| main ()
| {
| return mprotect ();
|   ;
|   return 0;
| }
configure:13697: result: no
configure:13710: checking for getpagesize
configure:13710: arm-none-eabi-gcc -o conftest -mcpu=cortex-a8 -O2   conftest.c  >&5
/mnt/work/bin/arm-2011.09/bin/../lib/gcc/arm-none-eabi/4.6.1/../../../../arm-none-eabi/bin/ld: warning: cannot find entry symbol _start; defaulting to 00008018
/tmp/cc2ardUM.o: In function `main':
conftest.c:(.text.startup+0x4): undefined reference to `getpagesize'
collect2: ld returned 1 exit status
configure:13710: $? = 1
configure: failed program was:
| /* confdefs.h */
| #define PACKAGE_NAME "pixman"
| #define PACKAGE_TARNAME "pixman"
| #define PACKAGE_VERSION "0.26.0"
| #define PACKAGE_STRING "pixman 0.26.0"
| #define PACKAGE_BUGREPORT "pixman@lists.freedesktop.org"
| #define PACKAGE_URL ""
| #define PACKAGE "pixman"
| #define VERSION "0.26.0"
| #define STDC_HEADERS 1
| #define HAVE_SYS_TYPES_H 1
| #define HAVE_SYS_STAT_H 1
| #define HAVE_STDLIB_H 1
| #define HAVE_STRING_H 1
| #define HAVE_INTTYPES_H 1
| #define HAVE_STDINT_H 1
| #define HAVE_UNISTD_H 1
| #define LT_OBJDIR ".libs/"
| #define SIZEOF_LONG 4
| #define USE_ARM_SIMD 1
| #define USE_ARM_NEON 1
| #define USE_GCC_INLINE_ASM 1
| /* end confdefs.h.  */
| /* Define getpagesize to an innocuous variant, in case <limits.h> declares getpagesize.
|    For example, HP-UX 11i <limits.h> declares gettimeofday.  */
| #define getpagesize innocuous_getpagesize
| 
| /* System header to define __stub macros and hopefully few prototypes,
|     which can conflict with char getpagesize (); below.
|     Prefer <limits.h> to <assert.h> if __STDC__ is defined, since
|     <limits.h> exists even on freestanding compilers.  */
| 
| #ifdef __STDC__
| # include <limits.h>
| #else
| # include <assert.h>
| #endif
| 
| #undef getpagesize
| 
| /* Override any GCC internal prototype to avoid an error.
|    Use char because int might match the return type of a GCC
|    builtin and then its argument prototype would still apply.  */
| #ifdef __cplusplus
| extern "C"
| #endif
| char getpagesize ();
| /* The GNU C library defines this for functions which it implements
|     to always fail with ENOSYS.  Some functions are actually named
|     something starting with __ and the normal name is an alias.  */
| #if defined __stub_getpagesize || defined __stub___getpagesize
| choke me
| #endif
| 
| int
| main ()
| {
| return getpagesize ();
|   ;
|   return 0;
| }
configure:13710: result: no
configure:13723: checking fenv.h usability
configure:13723: arm-none-eabi-gcc -c -mcpu=cortex-a8 -O2  conftest.c >&5
conftest.c:57:18: fatal error: fenv.h: No such file or directory
compilation terminated.
configure:13723: $? = 1
configure: failed program was:
| /* confdefs.h */
| #define PACKAGE_NAME "pixman"
| #define PACKAGE_TARNAME "pixman"
| #define PACKAGE_VERSION "0.26.0"
| #define PACKAGE_STRING "pixman 0.26.0"
| #define PACKAGE_BUGREPORT "pixman@lists.freedesktop.org"
| #define PACKAGE_URL ""
| #define PACKAGE "pixman"
| #define VERSION "0.26.0"
| #define STDC_HEADERS 1
| #define HAVE_SYS_TYPES_H 1
| #define HAVE_SYS_STAT_H 1
| #define HAVE_STDLIB_H 1
| #define HAVE_STRING_H 1
| #define HAVE_INTTYPES_H 1
| #define HAVE_STDINT_H 1
| #define HAVE_UNISTD_H 1
| #define LT_OBJDIR ".libs/"
| #define SIZEOF_LONG 4
| #define USE_ARM_SIMD 1
| #define USE_ARM_NEON 1
| #define USE_GCC_INLINE_ASM 1
| /* end confdefs.h.  */
| #include <stdio.h>
| #ifdef HAVE_SYS_TYPES_H
| # include <sys/types.h>
| #endif
| #ifdef HAVE_SYS_STAT_H
| # include <sys/stat.h>
| #endif
| #ifdef STDC_HEADERS
| # include <stdlib.h>
| # include <stddef.h>
| #else
| # ifdef HAVE_STDLIB_H
| #  include <stdlib.h>
| # endif
| #endif
| #ifdef HAVE_STRING_H
| # if !defined STDC_HEADERS && defined HAVE_MEMORY_H
| #  include <memory.h>
| # endif
| # include <string.h>
| #endif
| #ifdef HAVE_STRINGS_H
| # include <strings.h>
| #endif
| #ifdef HAVE_INTTYPES_H
| # include <inttypes.h>
| #endif
| #ifdef HAVE_STDINT_H
| # include <stdint.h>
| #endif
| #ifdef HAVE_UNISTD_H
| # include <unistd.h>
| #endif
| #include <fenv.h>
configure:13723: result: no
configure:13723: checking fenv.h presence
configure:13723: arm-none-eabi-gcc -E  conftest.c
conftest.c:24:18: fatal error: fenv.h: No such file or directory
compilation terminated.
configure:13723: $? = 1
configure: failed program was:
| /* confdefs.h */
| #define PACKAGE_NAME "pixman"
| #define PACKAGE_TARNAME "pixman"
| #define PACKAGE_VERSION "0.26.0"
| #define PACKAGE_STRING "pixman 0.26.0"
| #define PACKAGE_BUGREPORT "pixman@lists.freedesktop.org"
| #define PACKAGE_URL ""
| #define PACKAGE "pixman"
| #define VERSION "0.26.0"
| #define STDC_HEADERS 1
| #define HAVE_SYS_TYPES_H 1
| #define HAVE_SYS_STAT_H 1
| #define HAVE_STDLIB_H 1
| #define HAVE_STRING_H 1
| #define HAVE_INTTYPES_H 1
| #define HAVE_STDINT_H 1
| #define HAVE_UNISTD_H 1
| #define LT_OBJDIR ".libs/"
| #define SIZEOF_LONG 4
| #define USE_ARM_SIMD 1
| #define USE_ARM_NEON 1
| #define USE_GCC_INLINE_ASM 1
| /* end confdefs.h.  */
| #include <fenv.h>
configure:13723: result: no
configure:13723: checking for fenv.h
configure:13723: result: no
configure:13732: checking for feenableexcept in -lm
configure:13757: arm-none-eabi-gcc -o conftest -mcpu=cortex-a8 -O2   conftest.c -lm   >&5
/mnt/work/bin/arm-2011.09/bin/../lib/gcc/arm-none-eabi/4.6.1/../../../../arm-none-eabi/bin/ld: warning: cannot find entry symbol _start; defaulting to 00008018
/tmp/cc0uuhAk.o: In function `main':
conftest.c:(.text.startup+0x4): undefined reference to `feenableexcept'
collect2: ld returned 1 exit status
configure:13757: $? = 1
configure: failed program was:
| /* confdefs.h */
| #define PACKAGE_NAME "pixman"
| #define PACKAGE_TARNAME "pixman"
| #define PACKAGE_VERSION "0.26.0"
| #define PACKAGE_STRING "pixman 0.26.0"
| #define PACKAGE_BUGREPORT "pixman@lists.freedesktop.org"
| #define PACKAGE_URL ""
| #define PACKAGE "pixman"
| #define VERSION "0.26.0"
| #define STDC_HEADERS 1
| #define HAVE_SYS_TYPES_H 1
| #define HAVE_SYS_STAT_H 1
| #define HAVE_STDLIB_H 1
| #define HAVE_STRING_H 1
| #define HAVE_INTTYPES_H 1
| #define HAVE_STDINT_H 1
| #define HAVE_UNISTD_H 1
| #define LT_OBJDIR ".libs/"
| #define SIZEOF_LONG 4
| #define USE_ARM_SIMD 1
| #define USE_ARM_NEON 1
| #define USE_GCC_INLINE_ASM 1
| /* end confdefs.h.  */
| 
| /* Override any GCC internal prototype to avoid an error.
|    Use char because int might match the return type of a GCC
|    builtin and then its argument prototype would still apply.  */
| #ifdef __cplusplus
| extern "C"
| #endif
| char feenableexcept ();
| int
| main ()
| {
| return feenableexcept ();
|   ;
|   return 0;
| }
configure:13766: result: no
configure:13780: checking for gettimeofday
configure:13780: arm-none-eabi-gcc -o conftest -mcpu=cortex-a8 -O2   conftest.c  >&5
/mnt/work/bin/arm-2011.09/bin/../lib/gcc/arm-none-eabi/4.6.1/../../../../arm-none-eabi/bin/ld: warning: cannot find entry symbol _start; defaulting to 00008018
/mnt/work/bin/arm-2011.09/bin/../lib/gcc/arm-none-eabi/4.6.1/../../../../arm-none-eabi/lib/libc.a(lib_a-gettimeofdayr.o): In function `_gettimeofday_r':
gettimeofdayr.c:(.text+0x1c): undefined reference to `_gettimeofday'
/mnt/work/bin/arm-2011.09/bin/../lib/gcc/arm-none-eabi/4.6.1/../../../../arm-none-eabi/lib/libc.a(lib_a-sbrkr.o): In function `_sbrk_r':
sbrkr.c:(.text+0x18): undefined reference to `_sbrk'
collect2: ld returned 1 exit status
configure:13780: $? = 1
configure: failed program was:
| /* confdefs.h */
| #define PACKAGE_NAME "pixman"
| #define PACKAGE_TARNAME "pixman"
| #define PACKAGE_VERSION "0.26.0"
| #define PACKAGE_STRING "pixman 0.26.0"
| #define PACKAGE_BUGREPORT "pixman@lists.freedesktop.org"
| #define PACKAGE_URL ""
| #define PACKAGE "pixman"
| #define VERSION "0.26.0"
| #define STDC_HEADERS 1
| #define HAVE_SYS_TYPES_H 1
| #define HAVE_SYS_STAT_H 1
| #define HAVE_STDLIB_H 1
| #define HAVE_STRING_H 1
| #define HAVE_INTTYPES_H 1
| #define HAVE_STDINT_H 1
| #define HAVE_UNISTD_H 1
| #define LT_OBJDIR ".libs/"
| #define SIZEOF_LONG 4
| #define USE_ARM_SIMD 1
| #define USE_ARM_NEON 1
| #define USE_GCC_INLINE_ASM 1
| /* end confdefs.h.  */
| /* Define gettimeofday to an innocuous variant, in case <limits.h> declares gettimeofday.
|    For example, HP-UX 11i <limits.h> declares gettimeofday.  */
| #define gettimeofday innocuous_gettimeofday
| 
| /* System header to define __stub macros and hopefully few prototypes,
|     which can conflict with char gettimeofday (); below.
|     Prefer <limits.h> to <assert.h> if __STDC__ is defined, since
|     <limits.h> exists even on freestanding compilers.  */
| 
| #ifdef __STDC__
| # include <limits.h>
| #else
| # include <assert.h>
| #endif
| 
| #undef gettimeofday
| 
| /* Override any GCC internal prototype to avoid an error.
|    Use char because int might match the return type of a GCC
|    builtin and then its argument prototype would still apply.  */
| #ifdef __cplusplus
| extern "C"
| #endif
| char gettimeofday ();
| /* The GNU C library defines this for functions which it implements
|     to always fail with ENOSYS.  Some functions are actually named
|     something starting with __ and the normal name is an alias.  */
| #if defined __stub_gettimeofday || defined __stub___gettimeofday
| choke me
| #endif
| 
| int
| main ()
| {
| return gettimeofday ();
|   ;
|   return 0;
| }
configure:13780: result: no
configure:13787: checking sys/time.h usability
configure:13787: arm-none-eabi-gcc -c -mcpu=cortex-a8 -O2  conftest.c >&5
configure:13787: $? = 0
configure:13787: result: yes
configure:13787: checking sys/time.h presence
configure:13787: arm-none-eabi-gcc -E  conftest.c
configure:13787: $? = 0
configure:13787: result: yes
configure:13787: checking for sys/time.h
configure:13787: result: yes
configure:13802: checking for thread local storage (TLS) support
configure:13830: arm-none-eabi-gcc -c -mcpu=cortex-a8 -O2  conftest.c >&5
configure:13830: $? = 0
configure:13830: arm-none-eabi-gcc -c -mcpu=cortex-a8 -O2  conftest.c >&5
conftest.c: In function '__declspec':
conftest.c:32:24: error: expected declaration specifiers before 'test'
conftest.c:35:1: error: expected '=', ',', ';', 'asm' or '__attribute__' before '{' token
conftest.c:39:1: error: expected '{' at end of input
configure:13830: $? = 1
configure: failed program was:
| /* confdefs.h */
| #define PACKAGE_NAME "pixman"
| #define PACKAGE_TARNAME "pixman"
| #define PACKAGE_VERSION "0.26.0"
| #define PACKAGE_STRING "pixman 0.26.0"
| #define PACKAGE_BUGREPORT "pixman@lists.freedesktop.org"
| #define PACKAGE_URL ""
| #define PACKAGE "pixman"
| #define VERSION "0.26.0"
| #define STDC_HEADERS 1
| #define HAVE_SYS_TYPES_H 1
| #define HAVE_SYS_STAT_H 1
| #define HAVE_STDLIB_H 1
| #define HAVE_STRING_H 1
| #define HAVE_INTTYPES_H 1
| #define HAVE_STDINT_H 1
| #define HAVE_UNISTD_H 1
| #define LT_OBJDIR ".libs/"
| #define SIZEOF_LONG 4
| #define USE_ARM_SIMD 1
| #define USE_ARM_NEON 1
| #define USE_GCC_INLINE_ASM 1
| /* end confdefs.h.  */
| 
| #if defined(__MINGW32__) && !(__GNUC__ > 4 || (__GNUC__ == 4 && __GNUC_MINOR__ >= 5))
| #error This MinGW version has broken __thread support
| #endif
| #ifdef __OpenBSD__
| #error OpenBSD has broken __thread support
| #endif
| 
| int __declspec(thread) test;
| int
| main ()
| {
| 
|   ;
|   return 0;
| }
configure:13838: result: __thread
configure:14096: checking for __attribute__((constructor))
configure:14113: arm-none-eabi-gcc -o conftest -mcpu=cortex-a8 -O2   conftest.c  >&5
/mnt/work/bin/arm-2011.09/bin/../lib/gcc/arm-none-eabi/4.6.1/../../../../arm-none-eabi/bin/ld: warning: cannot find entry symbol _start; defaulting to 00008018
configure:14113: $? = 0
configure:14125: result: yes
configure:14233: checking for PNG
configure:14240: $PKG_CONFIG --exists --print-errors "libpng"
configure:14243: $? = 0
configure:14256: $PKG_CONFIG --exists --print-errors "libpng"
configure:14259: $? = 0
configure:14296: result: yes
configure:14487: creating ./config.status

## ---------------------- ##
## Running config.status. ##
## ---------------------- ##

This file was extended by pixman config.status 0.26.0, which was
generated by GNU Autoconf 2.68.  Invocation command line was

  CONFIG_FILES    = 
  CONFIG_HEADERS  = 
  CONFIG_LINKS    = 
  CONFIG_COMMANDS = 
  $ ./config.status 

on xmtlinux1

config.status:1154: creating pixman-1.pc
config.status:1154: creating pixman-1-uninstalled.pc
config.status:1154: creating Makefile
config.status:1154: creating pixman/Makefile
config.status:1154: creating pixman/pixman-version.h
config.status:1154: creating demos/Makefile
config.status:1154: creating test/Makefile
config.status:1154: creating config.h
config.status:1383: executing depfiles commands
config.status:1383: executing libtool commands

## ---------------- ##
## Cache variables. ##
## ---------------- ##

ac_cv_build=x86_64-unknown-linux-gnu
ac_cv_c_bigendian=no
ac_cv_c_compiler_gnu=yes
ac_cv_c_inline=inline
ac_cv_env_CCASFLAGS_set=
ac_cv_env_CCASFLAGS_value=
ac_cv_env_CCAS_set=
ac_cv_env_CCAS_value=
ac_cv_env_CC_set=
ac_cv_env_CC_value=
ac_cv_env_CFLAGS_set=set
ac_cv_env_CFLAGS_value='-mcpu=cortex-a8 -O2'
ac_cv_env_CPPFLAGS_set=
ac_cv_env_CPPFLAGS_value=
ac_cv_env_CPP_set=
ac_cv_env_CPP_value=
ac_cv_env_GTK_CFLAGS_set=
ac_cv_env_GTK_CFLAGS_value=
ac_cv_env_GTK_LIBS_set=
ac_cv_env_GTK_LIBS_value=
ac_cv_env_LDFLAGS_set=
ac_cv_env_LDFLAGS_value=
ac_cv_env_LIBS_set=
ac_cv_env_LIBS_value=
ac_cv_env_PKG_CONFIG_LIBDIR_set=
ac_cv_env_PKG_CONFIG_LIBDIR_value=
ac_cv_env_PKG_CONFIG_PATH_set=
ac_cv_env_PKG_CONFIG_PATH_value=
ac_cv_env_PKG_CONFIG_set=
ac_cv_env_PKG_CONFIG_value=
ac_cv_env_PNG_CFLAGS_set=
ac_cv_env_PNG_CFLAGS_value=
ac_cv_env_PNG_LIBS_set=
ac_cv_env_PNG_LIBS_value=
ac_cv_env_build_alias_set=
ac_cv_env_build_alias_value=
ac_cv_env_host_alias_set=set
ac_cv_env_host_alias_value=arm-none-eabi
ac_cv_env_target_alias_set=
ac_cv_env_target_alias_value=
ac_cv_func_alarm=no
ac_cv_func_getisax=no
ac_cv_func_getpagesize=no
ac_cv_func_gettimeofday=no
ac_cv_func_mmap=no
ac_cv_func_mprotect=no
ac_cv_func_posix_memalign=no
ac_cv_func_sigaction=no
ac_cv_have_decl___SUNPRO_C=no
ac_cv_have_decl___amd64=no
ac_cv_header_dlfcn_h=no
ac_cv_header_fenv_h=no
ac_cv_header_inttypes_h=yes
ac_cv_header_memory_h=no
ac_cv_header_stdc=yes
ac_cv_header_stdint_h=yes
ac_cv_header_stdlib_h=yes
ac_cv_header_string_h=yes
ac_cv_header_strings_h=no
ac_cv_header_sys_mman_h=no
ac_cv_header_sys_stat_h=yes
ac_cv_header_sys_time_h=yes
ac_cv_header_sys_types_h=yes
ac_cv_header_unistd_h=yes
ac_cv_host=arm-none-eabi
ac_cv_lib_m_feenableexcept=no
ac_cv_lib_pixman_1_pixman_version_string=no
ac_cv_objext=o
ac_cv_path_EGREP='/bin/grep -E'
ac_cv_path_FGREP='/bin/grep -F'
ac_cv_path_GREP=/bin/grep
ac_cv_path_PERL=/usr/bin/perl
ac_cv_path_SED=/bin/sed
ac_cv_path_ac_pt_PKG_CONFIG=/usr/bin/pkg-config
ac_cv_path_install='/usr/bin/install -c'
ac_cv_path_mkdir=/bin/mkdir
ac_cv_prog_AR=arm-none-eabi-ar
ac_cv_prog_AWK=mawk
ac_cv_prog_CC=arm-none-eabi-gcc
ac_cv_prog_CPP='arm-none-eabi-gcc -E'
ac_cv_prog_OBJDUMP=arm-none-eabi-objdump
ac_cv_prog_RANLIB=arm-none-eabi-ranlib
ac_cv_prog_STRIP=arm-none-eabi-strip
ac_cv_prog_ac_ct_MANIFEST_TOOL=mt
ac_cv_prog_c_openmp=unsupported
ac_cv_prog_cc_c89=
ac_cv_prog_cc_g=yes
ac_cv_prog_make_make_set=yes
ac_cv_sizeof_long=4
ac_cv_tls=__thread
am_cv_CCAS_dependencies_compiler_type=gcc3
am_cv_CC_dependencies_compiler_type=gcc3
am_cv_make_support_nested_variables=yes
lt_cv_ar_at_file=@
lt_cv_archive_cmds_need_lc=no
lt_cv_deplibs_check_method=unknown
lt_cv_file_magic_cmd='$MAGIC_CMD'
lt_cv_file_magic_test_file=
lt_cv_ld_reload_flag=-r
lt_cv_nm_interface='BSD nm'
lt_cv_objdir=.libs
lt_cv_path_LD=/mnt/work/bin/arm-2011.09/arm-none-eabi/bin/ld
lt_cv_path_NM='/mnt/work/bin/arm-2011.09/bin/arm-none-eabi-nm -B'
lt_cv_path_mainfest_tool=no
lt_cv_prog_compiler_c_o=yes
lt_cv_prog_compiler_pic='-fPIC -DPIC'
lt_cv_prog_compiler_pic_works=yes
lt_cv_prog_compiler_rtti_exceptions=no
lt_cv_prog_compiler_static_works=yes
lt_cv_prog_gnu_ld=yes
lt_cv_sharedlib_from_linklib_cmd='printf %s\n'
lt_cv_sys_global_symbol_pipe='sed -n -e '\''s/^.*[	 ]\([ABCDGIRSTW][ABCDGIRSTW]*\)[	 ][	 ]*\([_A-Za-z][_A-Za-z0-9]*\)$/\1 \2 \2/p'\'' | sed '\''/ __gnu_lto/d'\'''
lt_cv_sys_global_symbol_to_c_name_address='sed -n -e '\''s/^: \([^ ]*\)[ ]*$/  {\"\1\", (void *) 0},/p'\'' -e '\''s/^[ABCDGIRSTW]* \([^ ]*\) \([^ ]*\)$/  {"\2", (void *) \&\2},/p'\'''
lt_cv_sys_global_symbol_to_c_name_address_lib_prefix='sed -n -e '\''s/^: \([^ ]*\)[ ]*$/  {\"\1\", (void *) 0},/p'\'' -e '\''s/^[ABCDGIRSTW]* \([^ ]*\) \(lib[^ ]*\)$/  {"\2", (void *) \&\2},/p'\'' -e '\''s/^[ABCDGIRSTW]* \([^ ]*\) \([^ ]*\)$/  {"lib\2", (void *) \&\2},/p'\'''
lt_cv_sys_global_symbol_to_cdecl='sed -n -e '\''s/^T .* \(.*\)$/extern int \1();/p'\'' -e '\''s/^[ABCDGIRSTW]* .* \(.*\)$/extern char \1;/p'\'''
lt_cv_sys_max_cmd_len=1572864
lt_cv_to_host_file_cmd=func_convert_file_noop
lt_cv_to_tool_file_cmd=func_convert_file_noop
pkg_cv_PNG_CFLAGS='-I/usr/local/include/libpng15  '
pkg_cv_PNG_LIBS='-L/usr/local/lib -lpng15  '

## ----------------- ##
## Output variables. ##
## ----------------- ##

ACLOCAL='${SHELL} /mnt/work/oss/fxdep/pixman-0.26.0/missing --run aclocal-1.11'
AMDEPBACKSLASH='\'
AMDEP_FALSE='#'
AMDEP_TRUE=''
AMTAR='$${TAR-tar}'
AM_BACKSLASH='\'
AM_DEFAULT_V='$(AM_DEFAULT_VERBOSITY)'
AM_DEFAULT_VERBOSITY='0'
AM_V='$(V)'
AR='arm-none-eabi-ar'
AUTOCONF='${SHELL} /mnt/work/oss/fxdep/pixman-0.26.0/missing --run autoconf'
AUTOHEADER='${SHELL} /mnt/work/oss/fxdep/pixman-0.26.0/missing --run autoheader'
AUTOMAKE='${SHELL} /mnt/work/oss/fxdep/pixman-0.26.0/missing --run automake-1.11'
AWK='mawk'
CC='arm-none-eabi-gcc'
CCAS='arm-none-eabi-gcc'
CCASDEPMODE='depmode=gcc3'
CCASFLAGS='-mcpu=cortex-a8 -O2'
CCDEPMODE='depmode=gcc3'
CFLAGS='-mcpu=cortex-a8 -O2'
CPP='arm-none-eabi-gcc -E'
CPPFLAGS=''
CYGPATH_W='echo'
DEFS='-DHAVE_CONFIG_H'
DEPDIR='.deps'
DEP_CFLAGS=''
DEP_LIBS=''
DLLTOOL='false'
DSYMUTIL=''
DUMPBIN=''
ECHO_C=''
ECHO_N='-n'
ECHO_T=''
EGREP='/bin/grep -E'
EXEEXT=''
FGREP='/bin/grep -F'
GREP='/bin/grep'
GTK_CFLAGS=''
GTK_LIBS=''
HAVE_GTK_FALSE=''
HAVE_GTK_TRUE='#'
HAVE_LIBPNG=''
HAVE_PTHREAD_SETSPECIFIC=''
INSTALL_DATA='${INSTALL} -m 644'
INSTALL_PROGRAM='${INSTALL}'
INSTALL_SCRIPT='${INSTALL}'
INSTALL_STRIP_PROGRAM='$(install_sh) -c -s'
IWMMXT_CFLAGS=''
LD='/mnt/work/bin/arm-2011.09/arm-none-eabi/bin/ld'
LDFLAGS=''
LIBOBJS=''
LIBS=''
LIBTOOL='$(SHELL) $(top_builddir)/libtool'
LIPO=''
LN_S='ln -s'
LS_CFLAGS=''
LTLIBOBJS=''
LT_VERSION_INFO='26:0:26'
MAKEINFO='${SHELL} /mnt/work/oss/fxdep/pixman-0.26.0/missing --run makeinfo'
MANIFEST_TOOL=':'
MKDIR_P='/bin/mkdir -p'
MMX_CFLAGS=''
MMX_LDFLAGS=''
NM='/mnt/work/bin/arm-2011.09/bin/arm-none-eabi-nm -B'
NMEDIT=''
OBJDUMP='arm-none-eabi-objdump'
OBJEXT='o'
OPENMP_CFLAGS=''
OTOOL64=''
OTOOL=''
PACKAGE='pixman'
PACKAGE_BUGREPORT='pixman@lists.freedesktop.org'
PACKAGE_NAME='pixman'
PACKAGE_STRING='pixman 0.26.0'
PACKAGE_TARNAME='pixman'
PACKAGE_URL=''
PACKAGE_VERSION='0.26.0'
PATH_SEPARATOR=':'
PERL='/usr/bin/perl'
PIXMAN_TIMERS=''
PIXMAN_VERSION_MAJOR='0'
PIXMAN_VERSION_MICRO='0'
PIXMAN_VERSION_MINOR='26'
PKG_CONFIG='/usr/bin/pkg-config'
PKG_CONFIG_LIBDIR=''
PKG_CONFIG_PATH=''
PNG_CFLAGS='-I/usr/local/include/libpng15  '
PNG_LIBS='-L/usr/local/lib -lpng15  '
PTHREAD_LDFLAGS=''
PTHREAD_LIBS=''
RANLIB='arm-none-eabi-ranlib'
SED='/bin/sed'
SET_MAKE=''
SHELL='/bin/bash'
SSE2_CFLAGS='-msse2 -Winline'
SSE2_LDFLAGS=''
STRIP='arm-none-eabi-strip'
TESTPROGS_EXTRA_LDFLAGS=''
TOOLCHAIN_SUPPORTS_ATTRIBUTE_CONSTRUCTOR=''
TOOLCHAIN_SUPPORTS__THREAD=''
USE_ARM_IWMMXT_FALSE=''
USE_ARM_IWMMXT_TRUE='#'
USE_ARM_NEON_FALSE='#'
USE_ARM_NEON_TRUE=''
USE_ARM_SIMD_FALSE='#'
USE_ARM_SIMD_TRUE=''
USE_GCC_INLINE_ASM_FALSE='#'
USE_GCC_INLINE_ASM_TRUE=''
USE_LOONGSON_MMI_FALSE=''
USE_LOONGSON_MMI_TRUE='#'
USE_MIPS_DSPR2_FALSE=''
USE_MIPS_DSPR2_TRUE='#'
USE_SSE2_FALSE=''
USE_SSE2_TRUE='#'
USE_VMX_FALSE=''
USE_VMX_TRUE='#'
USE_X86_MMX_FALSE=''
USE_X86_MMX_TRUE='#'
VERSION='0.26.0'
VMX_CFLAGS=''
ac_ct_AR=''
ac_ct_CC=''
ac_ct_DUMPBIN=''
am__EXEEXT_FALSE=''
am__EXEEXT_TRUE='#'
am__fastdepCCAS_FALSE='#'
am__fastdepCCAS_TRUE=''
am__fastdepCC_FALSE='#'
am__fastdepCC_TRUE=''
am__include='include'
am__isrc=''
am__leading_dot='.'
am__nodep='_no'
am__quote=''
am__tar='$${TAR-tar} chof - "$$tardir"'
am__untar='$${TAR-tar} xf -'
bindir='${exec_prefix}/bin'
build='x86_64-unknown-linux-gnu'
build_alias=''
build_cpu='x86_64'
build_os='linux-gnu'
build_vendor='unknown'
datadir='${datarootdir}'
datarootdir='${prefix}/share'
docdir='${datarootdir}/doc/${PACKAGE_TARNAME}'
dvidir='${docdir}'
exec_prefix='${prefix}'
host='arm-none-eabi'
host_alias='arm-none-eabi'
host_cpu='arm'
host_os='eabi'
host_vendor='none'
htmldir='${docdir}'
includedir='${prefix}/include'
infodir='${datarootdir}/info'
install_sh='${SHELL} /mnt/work/oss/fxdep/pixman-0.26.0/install-sh'
libdir='${exec_prefix}/lib'
libexecdir='${exec_prefix}/libexec'
localedir='${datarootdir}/locale'
localstatedir='${prefix}/var'
mandir='${datarootdir}/man'
mkdir_p='/bin/mkdir -p'
oldincludedir='/usr/include'
pdfdir='${docdir}'
prefix='/usr/local'
program_transform_name='s,x,x,'
psdir='${docdir}'
sbindir='${exec_prefix}/sbin'
sharedstatedir='${prefix}/com'
sysconfdir='${prefix}/etc'
target_alias=''

## ----------- ##
## confdefs.h. ##
## ----------- ##

/* confdefs.h */
#define PACKAGE_NAME "pixman"
#define PACKAGE_TARNAME "pixman"
#define PACKAGE_VERSION "0.26.0"
#define PACKAGE_STRING "pixman 0.26.0"
#define PACKAGE_BUGREPORT "pixman@lists.freedesktop.org"
#define PACKAGE_URL ""
#define PACKAGE "pixman"
#define VERSION "0.26.0"
#define STDC_HEADERS 1
#define HAVE_SYS_TYPES_H 1
#define HAVE_SYS_STAT_H 1
#define HAVE_STDLIB_H 1
#define HAVE_STRING_H 1
#define HAVE_INTTYPES_H 1
#define HAVE_STDINT_H 1
#define HAVE_UNISTD_H 1
#define LT_OBJDIR ".libs/"
#define SIZEOF_LONG 4
#define USE_ARM_SIMD 1
#define USE_ARM_NEON 1
#define USE_GCC_INLINE_ASM 1
#define TLS __thread
#define TOOLCHAIN_SUPPORTS_ATTRIBUTE_CONSTRUCTOR /**/
#define HAVE_LIBPNG 1

configure: exit 0
