c:\usr\w32\extk-1.1\build-w32\libz\win32\debug\libz.pdb
c:\usr\w32\extk-1.1\build-w32\libz\win32\debug\libz.idb
c:\usr\w32\extk-1.1\build-w32\libz\win32\debug\zutil.obj
c:\usr\w32\extk-1.1\build-w32\libz\win32\debug\uncompr.obj
c:\usr\w32\extk-1.1\build-w32\libz\win32\debug\trees.obj
c:\usr\w32\extk-1.1\build-w32\libz\win32\debug\inftrees.obj
c:\usr\w32\extk-1.1\build-w32\libz\win32\debug\inflate.obj
c:\usr\w32\extk-1.1\build-w32\libz\win32\debug\inffast.obj
c:\usr\w32\extk-1.1\build-w32\libz\win32\debug\infback.obj
c:\usr\w32\extk-1.1\build-w32\libz\win32\debug\deflate.obj
c:\usr\w32\extk-1.1\build-w32\libz\win32\debug\crc32.obj
c:\usr\w32\extk-1.1\build-w32\libz\win32\debug\compress.obj
c:\usr\w32\extk-1.1\build-w32\libz\win32\debug\adler32.obj
c:\usr\w32\extk-1.1\build-w32\libz\win32\debug\libz.lib
c:\usr\w32\extk-1.1\build-w32\libz\win32\debug\libz.tlog\cl.command.1.tlog
c:\usr\w32\extk-1.1\build-w32\libz\win32\debug\libz.tlog\cl.read.1.tlog
c:\usr\w32\extk-1.1\build-w32\libz\win32\debug\libz.tlog\cl.write.1.tlog
c:\usr\w32\extk-1.1\build-w32\libz\win32\debug\libz.tlog\lib-link.read.1.tlog
c:\usr\w32\extk-1.1\build-w32\libz\win32\debug\libz.tlog\lib-link.write.1.tlog
c:\usr\w32\extk-1.1\build-w32\libz\win32\debug\libz.tlog\lib.command.1.tlog
